#
# There is insufficient memory for the Java Runtime Environment to continue.
# Native memory allocation (mmap) failed to map 65536 bytes. Error detail: Failed to commit metaspace.
# Possible reasons:
#   The system is out of physical RAM or swap space
#   This process is running with CompressedOops enabled, and the Java Heap may be blocking the growth of the native heap
# Possible solutions:
#   Reduce memory load on the system
#   Increase physical memory or swap space
#   Check if swap backing store is full
#   Decrease Java heap size (-Xmx/-Xms)
#   Decrease number of Java threads
#   Decrease Java thread stack sizes (-Xss)
#   Set larger code cache with -XX:ReservedCodeCacheSize=
#   JVM is running with Unscaled Compressed Oops mode in which the Java heap is
#     placed in the first 4GB address space. The Java Heap base address is the
#     maximum limit for the native heap growth. Please use -XX:HeapBaseMinAddress
#     to set the Java Heap base and to place the Java Heap above 4GB virtual address.
# This output file may be truncated or incomplete.
#
#  Out of Memory Error (virtualSpaceNode.cpp:113), pid=17268, tid=20848
#
# JRE version: OpenJDK Runtime Environment Temurin-21.0.10+7 (21.0.10+7) (build 21.0.10+7-LTS)
# Java VM: OpenJDK 64-Bit Server VM Temurin-21.0.10+7 (21.0.10+7-LTS, mixed mode, sharing, tiered, compressed oops, compressed class ptrs, parallel gc, windows-amd64)
# No core dump will be written. Minidumps are not enabled by default on client versions of Windows
#

---------------  S U M M A R Y ------------

Command Line: --add-modules=ALL-SYSTEM --add-opens=java.base/java.util=ALL-UNNAMED --add-opens=java.base/java.lang=ALL-UNNAMED --add-opens=java.base/sun.nio.fs=ALL-UNNAMED -Declipse.application=org.eclipse.jdt.ls.core.id1 -Dosgi.bundles.defaultStartLevel=4 -Declipse.product=org.eclipse.jdt.ls.core.product -Djava.import.generatesMetadataFilesAtProjectRoot=false -DDetectVMInstallationsJob.disabled=true -Dfile.encoding=utf8 -XX:+UseParallelGC -XX:GCTimeRatio=4 -XX:AdaptiveSizePolicyWeight=90 -Dsun.zip.disableMemoryMapping=true -Xmx2G -Xms100m -Xlog:disable -javaagent:c:\Users\IS AH MF\.vscode\extensions\redhat.java-1.54.0-win32-x64\lombok\lombok-1.18.39-4050.jar -XX:+HeapDumpOnOutOfMemoryError -XX:HeapDumpPath=c:\Users\IS AH MF\AppData\Roaming\Code\User\workspaceStorage\c74fae60e314a275d84331bf55aff286\redhat.java -Daether.dependencyCollector.impl=bf c:\Users\IS AH MF\.vscode\extensions\redhat.java-1.54.0-win32-x64\server\plugins\org.eclipse.equinox.launcher_1.7.100.v20251111-0406.jar -configuration c:\Users\IS AH MF\AppData\Roaming\Code\User\globalStorage\redhat.java\1.54.0\config_win -data c:\Users\IS AH MF\AppData\Roaming\Code\User\workspaceStorage\c74fae60e314a275d84331bf55aff286\redhat.java\jdt_ws --pipe=\\.\pipe\lsp-b28a8e1d76e902d0e962ed6f691b8dfa-sock

Host: Intel(R) Core(TM) i3-3110M CPU @ 2.40GHz, 4 cores, 11G,  Windows 10 , 64 bit Build 19041 (10.0.19041.3636)
Time: Thu May  7 19:03:45 2026 Egypt Daylight Time elapsed time: 0.981777 seconds (0d 0h 0m 0s)

---------------  T H R E A D  ---------------

Current thread (0x000002b06f0d2d20):  JavaThread "main"             [_thread_in_vm, id=20848, stack(0x000000ee15800000,0x000000ee15900000) (1024K)]

Stack: [0x000000ee15800000,0x000000ee15900000]
Native frames: (J=compiled Java code, j=interpreted, Vv=VM code, C=native code)
V  [jvm.dll+0x6d7a39]
V  [jvm.dll+0x8b4b26]
V  [jvm.dll+0x8b70de]
V  [jvm.dll+0x8b77c3]
V  [jvm.dll+0x284346]
V  [jvm.dll+0x8b086e]
V  [jvm.dll+0x679444]
V  [jvm.dll+0x1e82bb]
V  [jvm.dll+0x1e807e]
V  [jvm.dll+0x67bd42]
V  [jvm.dll+0x67bb72]
V  [jvm.dll+0x679e1e]
V  [jvm.dll+0x26f614]
V  [jvm.dll+0x219f3f]
V  [jvm.dll+0x20f62e]
V  [jvm.dll+0x5b644f]
V  [jvm.dll+0x82ead6]
V  [jvm.dll+0x478db8]
V  [jvm.dll+0x47ebe8]
C  [java.dll+0x17ec]

Java frames: (J=compiled Java code, j=interpreted, Vv=VM code)
j  java.lang.ClassLoader.defineClass1(Ljava/lang/ClassLoader;Ljava/lang/String;[BIILjava/security/ProtectionDomain;Ljava/lang/String;)Ljava/lang/Class;+0 java.base@21.0.10
j  java.lang.ClassLoader.defineClass(Ljava/lang/String;[BIILjava/security/ProtectionDomain;)Ljava/lang/Class;+27 java.base@21.0.10
j  java.lang.ClassLoader.defineClass(Ljava/lang/String;[BII)Ljava/lang/Class;+7 java.base@21.0.10
j  lombok.launch.ShadowClassLoader.urlToDefineClass(Ljava/lang/String;Ljava/net/URL;Z)Ljava/lang/Class;+155
j  lombok.launch.ShadowClassLoader.loadClass(Ljava/lang/String;Z)Ljava/lang/Class;+238
j  java.lang.ClassLoader.loadClass(Ljava/lang/String;)Ljava/lang/Class;+3 java.base@21.0.10
v  ~StubRoutines::call_stub 0x000002b00753100d
j  java.lang.Class.forName0(Ljava/lang/String;ZLjava/lang/ClassLoader;Ljava/lang/Class;)Ljava/lang/Class;+0 java.base@21.0.10
j  java.lang.Class.forName(Ljava/lang/String;Ljava/lang/Class;)Ljava/lang/Class;+19 java.base@21.0.10
j  java.lang.Class.forName(Ljava/lang/String;)Ljava/lang/Class;+6 java.base@21.0.10
j  lombok.core.AgentLauncher.runAgents(Ljava/lang/String;Ljava/lang/instrument/Instrumentation;ZLjava/lang/Class;)V+30
j  java.lang.invoke.LambdaForm$DMH+0x000002b010004800.invokeStatic(Ljava/lang/Object;Ljava/lang/Object;Ljava/lang/Object;ILjava/lang/Object;)V+16 java.base@21.0.10
j  java.lang.invoke.LambdaForm$MH+0x000002b010008c00.invoke(Ljava/lang/Object;Ljava/lang/Object;Ljava/lang/Object;)Ljava/lang/Object;+124 java.base@21.0.10
j  java.lang.invoke.Invokers$Holder.invokeExact_MT(Ljava/lang/Object;Ljava/lang/Object;Ljava/lang/Object;Ljava/lang/Object;)Ljava/lang/Object;+20 java.base@21.0.10
j  jdk.internal.reflect.DirectMethodHandleAccessor.invokeImpl(Ljava/lang/Object;[Ljava/lang/Object;)Ljava/lang/Object;+104 java.base@21.0.10
j  jdk.internal.reflect.DirectMethodHandleAccessor.invoke(Ljava/lang/Object;[Ljava/lang/Object;)Ljava/lang/Object;+23 java.base@21.0.10
j  java.lang.reflect.Method.invoke(Ljava/lang/Object;[Ljava/lang/Object;)Ljava/lang/Object;+102 java.base@21.0.10
j  lombok.launch.Agent.runLauncher(Ljava/lang/String;Ljava/lang/instrument/Instrumentation;Z)V+73
j  lombok.launch.Agent.premain(Ljava/lang/String;Ljava/lang/instrument/Instrumentation;)V+3
j  java.lang.invoke.LambdaForm$DMH+0x000002b010000c00.invokeStatic(Ljava/lang/Object;Ljava/lang/Object;Ljava/lang/Object;)V+11 java.base@21.0.10
j  java.lang.invoke.LambdaForm$MH+0x000002b010002800.invoke(Ljava/lang/Object;Ljava/lang/Object;Ljava/lang/Object;Ljava/lang/Object;)Ljava/lang/Object;+54 java.base@21.0.10
j  java.lang.invoke.LambdaForm$MH+0x000002b010002c00.invokeExact_MT(Ljava/lang/Object;Ljava/lang/Object;Ljava/lang/Object;Ljava/lang/Object;Ljava/lang/Object;)Ljava/lang/Object;+22 java.base@21.0.10
j  jdk.internal.reflect.DirectMethodHandleAccessor.invokeImpl(Ljava/lang/Object;[Ljava/lang/Object;)Ljava/lang/Object;+72 java.base@21.0.10
j  jdk.internal.reflect.DirectMethodHandleAccessor.invoke(Ljava/lang/Object;[Ljava/lang/Object;)Ljava/lang/Object;+23 java.base@21.0.10
j  java.lang.reflect.Method.invoke(Ljava/lang/Object;[Ljava/lang/Object;)Ljava/lang/Object;+102 java.base@21.0.10
j  sun.instrument.InstrumentationImpl.loadClassAndStartAgent(Ljava/lang/String;Ljava/lang/String;Ljava/lang/String;)V+165 java.instrument@21.0.10
j  sun.instrument.InstrumentationImpl.loadClassAndCallPremain(Ljava/lang/String;Ljava/lang/String;)V+6 java.instrument@21.0.10
v  ~StubRoutines::call_stub 0x000002b00753100d

---------------  P R O C E S S  ---------------

Threads class SMR info:
_java_thread_list=0x000002b0778674d0, length=10, elements={
0x000002b06f0d2d20, 0x000002b076ab92d0, 0x000002b076abaae0, 0x000002b076abc3f0,
0x000002b076abd670, 0x000002b076abf2e0, 0x000002b076ac1e50, 0x000002b076ac2c90,
0x000002b076b37bd0, 0x000002b07784f3a0
}

Java Threads: ( => current thread )
=>0x000002b06f0d2d20 JavaThread "main"                              [_thread_in_vm, id=20848, stack(0x000000ee15800000,0x000000ee15900000) (1024K)]
  0x000002b076ab92d0 JavaThread "Reference Handler"          daemon [_thread_blocked, id=13604, stack(0x000000ee15c00000,0x000000ee15d00000) (1024K)]
  0x000002b076abaae0 JavaThread "Finalizer"                  daemon [_thread_blocked, id=5724, stack(0x000000ee15d00000,0x000000ee15e00000) (1024K)]
  0x000002b076abc3f0 JavaThread "Signal Dispatcher"          daemon [_thread_blocked, id=8364, stack(0x000000ee15e00000,0x000000ee15f00000) (1024K)]
  0x000002b076abd670 JavaThread "Attach Listener"            daemon [_thread_blocked, id=18076, stack(0x000000ee15f00000,0x000000ee16000000) (1024K)]
  0x000002b076abf2e0 JavaThread "Service Thread"             daemon [_thread_blocked, id=16820, stack(0x000000ee16000000,0x000000ee16100000) (1024K)]
  0x000002b076ac1e50 JavaThread "Monitor Deflation Thread"   daemon [_thread_blocked, id=12832, stack(0x000000ee16100000,0x000000ee16200000) (1024K)]
  0x000002b076ac2c90 JavaThread "C2 CompilerThread0"         daemon [_thread_blocked, id=12392, stack(0x000000ee16200000,0x000000ee16300000) (1024K)]
  0x000002b076b37bd0 JavaThread "C1 CompilerThread0"         daemon [_thread_blocked, id=10628, stack(0x000000ee16300000,0x000000ee16400000) (1024K)]
  0x000002b07784f3a0 JavaThread "Common-Cleaner"             daemon [_thread_blocked, id=21004, stack(0x000000ee16400000,0x000000ee16500000) (1024K)]
Total: 10

Other Threads:
  0x000002b06f191370 VMThread "VM Thread"                           [id=17848, stack(0x000000ee15b00000,0x000000ee15c00000) (1024K)]
  0x000002b06f13f550 WatcherThread "VM Periodic Task Thread"        [id=18344, stack(0x000000ee15a00000,0x000000ee15b00000) (1024K)]
  0x000002b06f0f0a10 WorkerThread "GC Thread#0"                     [id=15028, stack(0x000000ee15900000,0x000000ee15a00000) (1024K)]
Total: 3

Threads with active compile tasks:
Total: 0

VM state: not at safepoint (normal execution)

VM Mutex/Monitor currently owned by a thread:  ([mutex/lock_event])
[0x00007ffb60e9c4e0] Metaspace_lock - owner thread: 0x000002b06f0d2d20

Heap address: 0x0000000080000000, size: 2048 MB, Compressed Oops mode: 32-bit

CDS archive(s) mapped at: [0x000002b00f000000-0x000002b00fba0000-0x000002b00fba0000), size 12189696, SharedBaseAddress: 0x000002b00f000000, ArchiveRelocationMode: 1.
Compressed class space mapped at: 0x000002b010000000-0x000002b050000000, reserved size: 1073741824
Narrow klass base: 0x000002b00f000000, Narrow klass shift: 0, Narrow klass range: 0x100000000

GC Precious Log:
 CardTable entry size: 512
 CPUs: 4 total, 4 available
 Memory: 12180M
 Large Page Support: Disabled
 NUMA Support: Disabled
 Compressed Oops: Enabled (32-bit)
 Alignments: Space 512K, Generation 512K, Heap 2M
 Heap Min Capacity: 100M
 Heap Initial Capacity: 100M
 Heap Max Capacity: 2G
 Pre-touch: Disabled
 Parallel Workers: 4

Heap:
 PSYoungGen      total 29696K, used 5192K [0x00000000d5580000, 0x00000000d7680000, 0x0000000100000000)
  eden space 25600K, 20% used [0x00000000d5580000,0x00000000d5a92378,0x00000000d6e80000)
  from space 4096K, 0% used [0x00000000d7280000,0x00000000d7280000,0x00000000d7680000)
  to   space 4096K, 0% used [0x00000000d6e80000,0x00000000d6e80000,0x00000000d7280000)
 ParOldGen       total 68608K, used 0K [0x0000000080000000, 0x0000000084300000, 0x00000000d5580000)
  object space 68608K, 0% used [0x0000000080000000,0x0000000080000000,0x0000000084300000)
 Metaspace       used 793K, committed 960K, reserved 1114112K
  class space    used 63K, committed 128K, reserved 1048576K

Card table byte_map: [0x000002b06eab0000,0x000002b06eec0000] _byte_map_base: 0x000002b06e6b0000

Marking Bits: (ParMarkBitMap*) 0x00007ffb60ea3450
 Begin Bits: [0x000002b072590000, 0x000002b074590000)
 End Bits:   [0x000002b074590000, 0x000002b076590000)

Polling page: 0x000002b06e8a0000

Metaspace:

Usage:
  Non-class:    729.58 KB used.
      Class:     63.73 KB used.
       Both:    793.31 KB used.

Virtual space:
  Non-class space:       64.00 MB reserved,     832.00 KB (  1%) committed,  1 nodes.
      Class space:        1.00 GB reserved,     128.00 KB ( <1%) committed,  1 nodes.
             Both:        1.06 GB reserved,     960.00 KB ( <1%) committed. 

Chunk freelists:
   Non-Class:  11.86 MB
       Class:  15.71 MB
        Both:  27.58 MB

MaxMetaspaceSize: unlimited
CompressedClassSpaceSize: 1.00 GB
Initial GC threshold: 21.00 MB
Current GC threshold: 21.00 MB
CDS: on
 - commit_granule_bytes: 65536.
 - commit_granule_words: 8192.
 - virtual_space_node_default_size: 8388608.
 - enlarge_chunks_in_place: 1.
 - use_allocation_guard: 0.


Internal statistics:

num_allocs_failed_limit: 0.
num_arena_births: 60.
num_arena_deaths: 0.
num_vsnodes_births: 2.
num_vsnodes_deaths: 0.
num_space_committed: 15.
num_space_uncommitted: 0.
num_chunks_returned_to_freelist: 0.
num_chunks_taken_from_freelist: 67.
num_chunk_merges: 0.
num_chunk_splits: 49.
num_chunks_enlarged: 30.
num_inconsistent_stats: 0.

CodeHeap 'non-profiled nmethods': size=120000Kb used=128Kb max_used=128Kb free=119872Kb
 bounds [0x000002b007ad0000, 0x000002b007d40000, 0x000002b00f000000]
CodeHeap 'profiled nmethods': size=120000Kb used=582Kb max_used=582Kb free=119417Kb
 bounds [0x000002b000000000, 0x000002b000270000, 0x000002b007530000]
CodeHeap 'non-nmethods': size=5760Kb used=1145Kb max_used=1160Kb free=4614Kb
 bounds [0x000002b007530000, 0x000002b0077a0000, 0x000002b007ad0000]
CodeCache: size=245760Kb, used=1855Kb, max_used=1870Kb, free=243903Kb
 total_blobs=818, nmethods=424, adapters=301, full_count=0
Compilation: enabled, stopped_count=0, restarted_count=0

Compilation events (20 events):
Event: 0.964 Thread 0x000002b076b37bd0  414       3       java.lang.invoke.LambdaForm::parameter (38 bytes)
Event: 0.964 Thread 0x000002b076b37bd0 nmethod 414 0x000002b00008c610 code [0x000002b00008c7c0, 0x000002b00008c908]
Event: 0.964 Thread 0x000002b076b37bd0  413       3       jdk.internal.org.objectweb.asm.Frame::pop (46 bytes)
Event: 0.964 Thread 0x000002b076b37bd0 nmethod 413 0x000002b00008ca10 code [0x000002b00008cbc0, 0x000002b00008cd60]
Event: 0.966 Thread 0x000002b076ac2c90  415       4       java.lang.String::isLatin1 (19 bytes)
Event: 0.967 Thread 0x000002b076ac2c90 nmethod 415 0x000002b007aef510 code [0x000002b007aef6a0, 0x000002b007aef750]
Event: 0.971 Thread 0x000002b076b37bd0  416       3       jdk.internal.jimage.ImageLocation::verifyName (161 bytes)
Event: 0.974 Thread 0x000002b076b37bd0 nmethod 416 0x000002b00008ce10 code [0x000002b00008d160, 0x000002b00008e670]
Event: 0.974 Thread 0x000002b076ac2c90  417       4       java.lang.AbstractStringBuilder::ensureCapacityInternal (39 bytes)
Event: 0.977 Thread 0x000002b076b37bd0  418       3       java.lang.String::<init> (74 bytes)
Event: 0.978 Thread 0x000002b076b37bd0 nmethod 418 0x000002b00008f010 code [0x000002b00008f200, 0x000002b00008f738]
Event: 0.978 Thread 0x000002b076b37bd0  419       3       java.lang.StringUTF16::compress (59 bytes)
Event: 0.978 Thread 0x000002b076b37bd0 nmethod 419 0x000002b00008f990 code [0x000002b00008fb80, 0x000002b00008fef0]
Event: 0.978 Thread 0x000002b076b37bd0  420       3       java.lang.String::rangeCheck (10 bytes)
Event: 0.979 Thread 0x000002b076b37bd0 nmethod 420 0x000002b000090090 code [0x000002b000090260, 0x000002b0000904d0]
Event: 0.979 Thread 0x000002b076b37bd0  423       3       java.lang.StringUTF16::coderFromArrayLen (9 bytes)
Event: 0.979 Thread 0x000002b076b37bd0 nmethod 423 0x000002b000090610 code [0x000002b0000907a0, 0x000002b0000908a8]
Event: 0.979 Thread 0x000002b076b37bd0  421       3       java.lang.String::<init> (14 bytes)
Event: 0.979 Thread 0x000002b076b37bd0 nmethod 421 0x000002b000090990 code [0x000002b000090b60, 0x000002b000090ea8]
Event: 0.980 Thread 0x000002b076b37bd0  422       3       lombok.launch.ClassFileMetaData::readValue (27 bytes)

GC Heap History (0 events):
No events

Dll operation events (7 events):
Event: 0.044 Loaded shared library c:\Users\IS AH MF\.vscode\extensions\redhat.java-1.54.0-win32-x64\jre\21.0.10-win32-x86_64\bin\java.dll
Event: 0.378 Loaded shared library c:\Users\IS AH MF\.vscode\extensions\redhat.java-1.54.0-win32-x64\jre\21.0.10-win32-x86_64\bin\zip.dll
Event: 0.521 Loaded shared library C:\Users\IS AH MF\.vscode\extensions\redhat.java-1.54.0-win32-x64\jre\21.0.10-win32-x86_64\bin\instrument.dll
Event: 0.581 Loaded shared library C:\Users\IS AH MF\.vscode\extensions\redhat.java-1.54.0-win32-x64\jre\21.0.10-win32-x86_64\bin\net.dll
Event: 0.587 Loaded shared library C:\Users\IS AH MF\.vscode\extensions\redhat.java-1.54.0-win32-x64\jre\21.0.10-win32-x86_64\bin\nio.dll
Event: 0.596 Loaded shared library C:\Users\IS AH MF\.vscode\extensions\redhat.java-1.54.0-win32-x64\jre\21.0.10-win32-x86_64\bin\zip.dll
Event: 0.714 Loaded shared library C:\Users\IS AH MF\.vscode\extensions\redhat.java-1.54.0-win32-x64\jre\21.0.10-win32-x86_64\bin\jimage.dll

Deoptimization events (8 events):
Event: 0.629 Thread 0x000002b06f0d2d20 Uncommon trap: trap_request=0xffffffde fr.pc=0x000002b007addd28 relative=0x0000000000000788
Event: 0.629 Thread 0x000002b06f0d2d20 Uncommon trap: reason=class_check action=maybe_recompile pc=0x000002b007addd28 method=java.util.HashMap.putVal(ILjava/lang/Object;Ljava/lang/Object;ZZ)Ljava/lang/Object; @ 152 c2
Event: 0.629 Thread 0x000002b06f0d2d20 DEOPT PACKING pc=0x000002b007addd28 sp=0x000000ee158fe490
Event: 0.629 Thread 0x000002b06f0d2d20 DEOPT UNPACKING pc=0x000002b007583aa2 sp=0x000000ee158fe3f0 mode 2
Event: 0.630 Thread 0x000002b06f0d2d20 Uncommon trap: trap_request=0xffffffde fr.pc=0x000002b007addd28 relative=0x0000000000000788
Event: 0.630 Thread 0x000002b06f0d2d20 Uncommon trap: reason=class_check action=maybe_recompile pc=0x000002b007addd28 method=java.util.HashMap.putVal(ILjava/lang/Object;Ljava/lang/Object;ZZ)Ljava/lang/Object; @ 152 c2
Event: 0.630 Thread 0x000002b06f0d2d20 DEOPT PACKING pc=0x000002b007addd28 sp=0x000000ee158fe490
Event: 0.630 Thread 0x000002b06f0d2d20 DEOPT UNPACKING pc=0x000002b007583aa2 sp=0x000000ee158fe3f0 mode 2

Classes loaded (20 events):
Event: 0.819 Loading class sun/net/www/MessageHeader
Event: 0.819 Loading class sun/net/www/MessageHeader done
Event: 0.819 Loading class sun/net/www/protocol/jar/URLJarFile
Event: 0.819 Loading class sun/net/www/protocol/jar/URLJarFile done
Event: 0.821 Loading class sun/net/www/protocol/jar/URLJarFile$URLJarFileEntry
Event: 0.821 Loading class sun/net/www/protocol/jar/URLJarFile$URLJarFileEntry done
Event: 0.821 Loading class sun/net/www/protocol/jar/JarURLConnection$JarURLInputStream
Event: 0.821 Loading class sun/net/www/protocol/jar/JarURLConnection$JarURLInputStream done
Event: 0.824 Loading class java/lang/AssertionError
Event: 0.824 Loading class java/lang/AssertionError done
Event: 0.855 Loading class sun/net/www/protocol/jrt/Handler
Event: 0.855 Loading class sun/net/www/protocol/jrt/Handler done
Event: 0.897 Loading class jdk/internal/foreign/MemorySessionImpl
Event: 0.898 Loading class java/lang/foreign/MemorySegment$Scope
Event: 0.899 Loading class java/lang/foreign/MemorySegment$Scope done
Event: 0.899 Loading class jdk/internal/foreign/MemorySessionImpl done
Event: 0.907 Loading class sun/invoke/util/ValueConversions$1
Event: 0.907 Loading class sun/invoke/util/ValueConversions$1 done
Event: 0.909 Loading class java/lang/invoke/BoundMethodHandle$Species_LI
Event: 0.909 Loading class java/lang/invoke/BoundMethodHandle$Species_LI done

Classes unloaded (0 events):
No events

Classes redefined (0 events):
No events

Internal exceptions (10 events):
Event: 0.354 Thread 0x000002b06f0d2d20 Exception <a 'java/lang/NoSuchMethodError'{0x00000000d57a9570}: 'void java.lang.invoke.DirectMethodHandle$Holder.invokeStatic(java.lang.Object, java.lang.Object, java.lang.Object)'> (0x00000000d57a9570) 
thrown [s\src\hotspot\share\interpreter\linkResolver.cpp, line 773]
Event: 0.696 Thread 0x000002b06f0d2d20 Exception <a 'java/lang/NoSuchMethodError'{0x00000000d5913808}: 'java.lang.Object java.lang.invoke.Invokers$Holder.invokeExact_MT(java.lang.Object, java.lang.Object, java.lang.Object, java.lang.Object, java.lang.Object)'> (0x00000000d5913808) 
thrown [s\src\hotspot\share\interpreter\linkResolver.cpp, line 773]
Event: 0.908 Thread 0x000002b06f0d2d20 Exception <a 'java/lang/NoSuchMethodError'{0x00000000d59ce678}: 'int java.lang.invoke.DirectMethodHandle$Holder.invokeSpecial(java.lang.Object, java.lang.Object, java.lang.Object, int)'> (0x00000000d59ce678) 
thrown [s\src\hotspot\share\interpreter\linkResolver.cpp, line 773]
Event: 0.914 Thread 0x000002b06f0d2d20 Exception <a 'java/lang/NoSuchMethodError'{0x00000000d59e1060}: 'java.lang.Object java.lang.invoke.DirectMethodHandle$Holder.invokeStatic(java.lang.Object, java.lang.Object, java.lang.Object, java.lang.Object, int)'> (0x00000000d59e1060) 
thrown [s\src\hotspot\share\interpreter\linkResolver.cpp, line 773]
Event: 0.919 Thread 0x000002b06f0d2d20 Exception <a 'java/lang/NoSuchMethodError'{0x00000000d59ec508}: 'void java.lang.invoke.DelegatingMethodHandle$Holder.reinvoke_L(java.lang.Object, java.lang.Object, java.lang.Object, int, java.lang.Object)'> (0x00000000d59ec508) 
thrown [s\src\hotspot\share\interpreter\linkResolver.cpp, line 773]
Event: 0.921 Thread 0x000002b06f0d2d20 Exception <a 'java/lang/NoSuchMethodError'{0x00000000d59eff40}: 'int java.lang.invoke.DirectMethodHandle$Holder.invokeSpecial(java.lang.Object, java.lang.Object, java.lang.Object)'> (0x00000000d59eff40) 
thrown [s\src\hotspot\share\interpreter\linkResolver.cpp, line 773]
Event: 0.932 Thread 0x000002b06f0d2d20 Exception <a 'java/lang/NoSuchMethodError'{0x00000000d5a08c30}: 'java.lang.Object java.lang.invoke.DirectMethodHandle$Holder.invokeStatic(java.lang.Object, java.lang.Object, int)'> (0x00000000d5a08c30) 
thrown [s\src\hotspot\share\interpreter\linkResolver.cpp, line 773]
Event: 0.936 Thread 0x000002b06f0d2d20 Exception <a 'java/lang/NoSuchMethodError'{0x00000000d5a0d580}: 'void java.lang.invoke.DirectMethodHandle$Holder.invokeStatic(java.lang.Object, java.lang.Object, int, java.lang.Object)'> (0x00000000d5a0d580) 
thrown [s\src\hotspot\share\interpreter\linkResolver.cpp, line 773]
Event: 0.942 Thread 0x000002b06f0d2d20 Exception <a 'java/lang/NoSuchMethodError'{0x00000000d5a11110}: 'void java.lang.invoke.DirectMethodHandle$Holder.invokeSpecial(java.lang.Object, java.lang.Object, java.lang.Object, int, java.lang.Object)'> (0x00000000d5a11110) 
thrown [s\src\hotspot\share\interpreter\linkResolver.cpp, line 773]
Event: 0.945 Thread 0x000002b06f0d2d20 Exception <a 'java/lang/NoSuchMethodError'{0x00000000d5a14840}: 'void java.lang.invoke.DelegatingMethodHandle$Holder.delegate(java.lang.Object, java.lang.Object, int, java.lang.Object)'> (0x00000000d5a14840) 
thrown [s\src\hotspot\share\interpreter\linkResolver.cpp, line 773]

ZGC Phase Switch (0 events):
No events

VM Operations (4 events):
Event: 0.375 Executing non-safepoint VM operation: HandshakeAllThreads (Deoptimize)
Event: 0.375 Executing non-safepoint VM operation: HandshakeAllThreads (Deoptimize) done
Event: 0.820 Executing non-safepoint VM operation: HandshakeAllThreads (Deoptimize)
Event: 0.820 Executing non-safepoint VM operation: HandshakeAllThreads (Deoptimize) done

Memory protections (0 events):
No events

Nmethod flushes (0 events):
No events

Events (10 events):
Event: 0.107 Thread 0x000002b06f0d2d20 Thread added: 0x000002b06f0d2d20
Event: 0.153 Thread 0x000002b06f0d2d20 Thread added: 0x000002b076ab92d0
Event: 0.154 Thread 0x000002b06f0d2d20 Thread added: 0x000002b076abaae0
Event: 0.154 Thread 0x000002b06f0d2d20 Thread added: 0x000002b076abc3f0
Event: 0.155 Thread 0x000002b06f0d2d20 Thread added: 0x000002b076abd670
Event: 0.155 Thread 0x000002b06f0d2d20 Thread added: 0x000002b076abf2e0
Event: 0.155 Thread 0x000002b06f0d2d20 Thread added: 0x000002b076ac1e50
Event: 0.155 Thread 0x000002b06f0d2d20 Thread added: 0x000002b076ac2c90
Event: 0.192 Thread 0x000002b06f0d2d20 Thread added: 0x000002b076b37bd0
Event: 0.528 Thread 0x000002b06f0d2d20 Thread added: 0x000002b07784f3a0


Dynamic libraries:
0x00007ff69c140000 - 0x00007ff69c14e000 	c:\Users\IS AH MF\.vscode\extensions\redhat.java-1.54.0-win32-x64\jre\21.0.10-win32-x86_64\bin\java.exe
0x00007ffbb5530000 - 0x00007ffbb5728000 	C:\Windows\SYSTEM32\ntdll.dll
0x00007ffbb37c0000 - 0x00007ffbb387d000 	C:\Windows\System32\KERNEL32.DLL
0x00007ffbb2f00000 - 0x00007ffbb31f6000 	C:\Windows\System32\KERNELBASE.dll
0x00007ffbb2c90000 - 0x00007ffbb2d90000 	C:\Windows\System32\ucrtbase.dll
0x00007ffb910a0000 - 0x00007ffb910b8000 	c:\Users\IS AH MF\.vscode\extensions\redhat.java-1.54.0-win32-x64\jre\21.0.10-win32-x86_64\bin\jli.dll
0x00007ffbb4280000 - 0x00007ffbb441e000 	C:\Windows\System32\USER32.dll
0x00007ffbb2ed0000 - 0x00007ffbb2ef2000 	C:\Windows\System32\win32u.dll
0x00007ffbb3790000 - 0x00007ffbb37bb000 	C:\Windows\System32\GDI32.dll
0x00007ffbb3200000 - 0x00007ffbb3317000 	C:\Windows\System32\gdi32full.dll
0x00007ffbb2e30000 - 0x00007ffbb2ecd000 	C:\Windows\System32\msvcp_win.dll
0x00007ffb90470000 - 0x00007ffb9048e000 	c:\Users\IS AH MF\.vscode\extensions\redhat.java-1.54.0-win32-x64\jre\21.0.10-win32-x86_64\bin\VCRUNTIME140.dll
0x00007ffba24d0000 - 0x00007ffba276a000 	C:\Windows\WinSxS\amd64_microsoft.windows.common-controls_6595b64144ccf1df_6.0.19041.3636_none_60b6a03d71f818d5\COMCTL32.dll
0x00007ffbb4450000 - 0x00007ffbb44ee000 	C:\Windows\System32\msvcrt.dll
0x00007ffbb3570000 - 0x00007ffbb35a2000 	C:\Windows\System32\IMM32.DLL
0x00007ffbad450000 - 0x00007ffbad45c000 	c:\Users\IS AH MF\.vscode\extensions\redhat.java-1.54.0-win32-x64\jre\21.0.10-win32-x86_64\bin\vcruntime140_1.dll
0x00007ffb78b80000 - 0x00007ffb78c0d000 	c:\Users\IS AH MF\.vscode\extensions\redhat.java-1.54.0-win32-x64\jre\21.0.10-win32-x86_64\bin\msvcp140.dll
0x00007ffb601e0000 - 0x00007ffb60f81000 	c:\Users\IS AH MF\.vscode\extensions\redhat.java-1.54.0-win32-x64\jre\21.0.10-win32-x86_64\bin\server\jvm.dll
0x00007ffbb4770000 - 0x00007ffbb4820000 	C:\Windows\System32\ADVAPI32.dll
0x00007ffbb5450000 - 0x00007ffbb54f0000 	C:\Windows\System32\sechost.dll
0x00007ffbb3660000 - 0x00007ffbb3785000 	C:\Windows\System32\RPCRT4.dll
0x00007ffbb2d90000 - 0x00007ffbb2db7000 	C:\Windows\System32\bcrypt.dll
0x00007ffbb4180000 - 0x00007ffbb41eb000 	C:\Windows\System32\WS2_32.dll
0x00007ffbb2ac0000 - 0x00007ffbb2b0b000 	C:\Windows\SYSTEM32\POWRPROF.dll
0x00007ffba0160000 - 0x00007ffba0187000 	C:\Windows\SYSTEM32\WINMM.dll
0x00007ffba75e0000 - 0x00007ffba75ea000 	C:\Windows\SYSTEM32\VERSION.dll
0x00007ffbb2aa0000 - 0x00007ffbb2ab2000 	C:\Windows\SYSTEM32\UMPDC.dll
0x00007ffbb0a90000 - 0x00007ffbb0aa2000 	C:\Windows\SYSTEM32\kernel.appcore.dll
0x00007ffba95b0000 - 0x00007ffba95ba000 	c:\Users\IS AH MF\.vscode\extensions\redhat.java-1.54.0-win32-x64\jre\21.0.10-win32-x86_64\bin\jimage.dll
0x00007ffba15c0000 - 0x00007ffba17a4000 	C:\Windows\SYSTEM32\DBGHELP.DLL
0x00007ffb8f200000 - 0x00007ffb8f234000 	C:\Windows\SYSTEM32\dbgcore.DLL
0x00007ffbb34d0000 - 0x00007ffbb3552000 	C:\Windows\System32\bcryptPrimitives.dll
0x00007ffba9540000 - 0x00007ffba954f000 	c:\Users\IS AH MF\.vscode\extensions\redhat.java-1.54.0-win32-x64\jre\21.0.10-win32-x86_64\bin\instrument.dll
0x00007ffb901a0000 - 0x00007ffb901c0000 	c:\Users\IS AH MF\.vscode\extensions\redhat.java-1.54.0-win32-x64\jre\21.0.10-win32-x86_64\bin\java.dll
0x00007ffbb3960000 - 0x00007ffbb40cb000 	C:\Windows\System32\SHELL32.dll
0x00007ffbb0c90000 - 0x00007ffbb142e000 	C:\Windows\SYSTEM32\windows.storage.dll
0x00007ffbb4ee0000 - 0x00007ffbb5233000 	C:\Windows\System32\combase.dll
0x00007ffbb2540000 - 0x00007ffbb256e000 	C:\Windows\SYSTEM32\Wldp.dll
0x00007ffbb44f0000 - 0x00007ffbb45bd000 	C:\Windows\System32\OLEAUT32.dll
0x00007ffbb40d0000 - 0x00007ffbb417d000 	C:\Windows\System32\SHCORE.dll
0x00007ffbb45c0000 - 0x00007ffbb4615000 	C:\Windows\System32\shlwapi.dll
0x00007ffbb2b10000 - 0x00007ffbb2b35000 	C:\Windows\SYSTEM32\profapi.dll
0x00007ffb91110000 - 0x00007ffb91128000 	c:\Users\IS AH MF\.vscode\extensions\redhat.java-1.54.0-win32-x64\jre\21.0.10-win32-x86_64\bin\zip.dll
0x00007ffbb0340000 - 0x00007ffbb0350000 	C:\Users\IS AH MF\.vscode\extensions\redhat.java-1.54.0-win32-x64\jre\21.0.10-win32-x86_64\bin\net.dll
0x00007ffbad2a0000 - 0x00007ffbad3aa000 	C:\Windows\SYSTEM32\WINHTTP.dll
0x00007ffbb22a0000 - 0x00007ffbb230a000 	C:\Windows\system32\mswsock.dll
0x00007ffb9f010000 - 0x00007ffb9f026000 	C:\Users\IS AH MF\.vscode\extensions\redhat.java-1.54.0-win32-x64\jre\21.0.10-win32-x86_64\bin\nio.dll

JVMTI agents:
c:\Users\IS AH MF\.vscode\extensions\redhat.java-1.54.0-win32-x64\lombok\lombok-1.18.39-4050.jar path:c:\Users\IS AH MF\.vscode\extensions\redhat.java-1.54.0-win32-x64\jre\21.0.10-win32-x86_64\bin\instrument.dll, loaded, initialized, instrumentlib options:none

dbghelp: loaded successfully - version: 4.0.5 - missing functions: none
symbol engine: initialized successfully - sym options: 0x614 - pdb path: .;c:\Users\IS AH MF\.vscode\extensions\redhat.java-1.54.0-win32-x64\jre\21.0.10-win32-x86_64\bin;C:\Windows\SYSTEM32;C:\Windows\WinSxS\amd64_microsoft.windows.common-controls_6595b64144ccf1df_6.0.19041.3636_none_60b6a03d71f818d5;c:\Users\IS AH MF\.vscode\extensions\redhat.java-1.54.0-win32-x64\jre\21.0.10-win32-x86_64\bin\server

VM Arguments:
jvm_args: --add-modules=ALL-SYSTEM --add-opens=java.base/java.util=ALL-UNNAMED --add-opens=java.base/java.lang=ALL-UNNAMED --add-opens=java.base/sun.nio.fs=ALL-UNNAMED -Declipse.application=org.eclipse.jdt.ls.core.id1 -Dosgi.bundles.defaultStartLevel=4 -Declipse.product=org.eclipse.jdt.ls.core.product -Djava.import.generatesMetadataFilesAtProjectRoot=false -DDetectVMInstallationsJob.disabled=true -Dfile.encoding=utf8 -XX:+UseParallelGC -XX:GCTimeRatio=4 -XX:AdaptiveSizePolicyWeight=90 -Dsun.zip.disableMemoryMapping=true -Xmx2G -Xms100m -Xlog:disable -javaagent:c:\Users\IS AH MF\.vscode\extensions\redhat.java-1.54.0-win32-x64\lombok\lombok-1.18.39-4050.jar -XX:+HeapDumpOnOutOfMemoryError -XX:HeapDumpPath=c:\Users\IS AH MF\AppData\Roaming\Code\User\workspaceStorage\c74fae60e314a275d84331bf55aff286\redhat.java -Daether.dependencyCollector.impl=bf 
java_command: c:\Users\IS AH MF\.vscode\extensions\redhat.java-1.54.0-win32-x64\server\plugins\org.eclipse.equinox.launcher_1.7.100.v20251111-0406.jar -configuration c:\Users\IS AH MF\AppData\Roaming\Code\User\globalStorage\redhat.java\1.54.0\config_win -data c:\Users\IS AH MF\AppData\Roaming\Code\User\workspaceStorage\c74fae60e314a275d84331bf55aff286\redhat.java\jdt_ws --pipe=\\.\pipe\lsp-b28a8e1d76e902d0e962ed6f691b8dfa-sock
java_class_path (initial): c:\Users\IS AH MF\.vscode\extensions\redhat.java-1.54.0-win32-x64\server\plugins\org.eclipse.equinox.launcher_1.7.100.v20251111-0406.jar
Launcher Type: SUN_STANDARD

[Global flags]
    uintx AdaptiveSizePolicyWeight                 = 90                                        {product} {command line}
     intx CICompilerCount                          = 3                                         {product} {ergonomic}
    uintx GCTimeRatio                              = 4                                         {product} {command line}
     bool HeapDumpOnOutOfMemoryError               = true                                   {manageable} {command line}
    ccstr HeapDumpPath                             = c:\Users\IS AH MF\AppData\Roaming\Code\User\workspaceStorage\c74fae60e314a275d84331bf55aff286\redhat.java         {manageable} {command line}
   size_t InitialHeapSize                          = 104857600                                 {product} {command line}
   size_t MaxHeapSize                              = 2147483648                                {product} {command line}
   size_t MaxNewSize                               = 715653120                                 {product} {ergonomic}
   size_t MinHeapDeltaBytes                        = 524288                                    {product} {ergonomic}
   size_t MinHeapSize                              = 104857600                                 {product} {command line}
   size_t NewSize                                  = 34603008                                  {product} {ergonomic}
    uintx NonNMethodCodeHeapSize                   = 5832780                                {pd product} {ergonomic}
    uintx NonProfiledCodeHeapSize                  = 122912730                              {pd product} {ergonomic}
   size_t OldSize                                  = 70254592                                  {product} {ergonomic}
    uintx ProfiledCodeHeapSize                     = 122912730                              {pd product} {ergonomic}
    uintx ReservedCodeCacheSize                    = 251658240                              {pd product} {ergonomic}
     bool SegmentedCodeCache                       = true                                      {product} {ergonomic}
   size_t SoftMaxHeapSize                          = 2147483648                             {manageable} {ergonomic}
     bool UseCompressedOops                        = true                           {product lp64_product} {ergonomic}
     bool UseLargePagesIndividualAllocation        = false                                  {pd product} {ergonomic}
     bool UseParallelGC                            = true                                      {product} {command line}

Logging:
Log output configuration:
 #0: stdout all=off uptime,level,tags foldmultilines=false
 #1: stderr all=off uptime,level,tags foldmultilines=false

Release file:
<release file has not been read>
Environment Variables:
JAVA_HOME=C:\Program Files\Eclipse Adoptium\jdk-25.0.2.10-hotspot
PATH=C:\Users\IS AH MF\AppData\Local\Programs\Microsoft VS Code;C:\Program Files\Eclipse Adoptium\jdk-25.0.2.10-hotspot\bin;C:\python310\Scripts\;C:\python310\;C:\Program Files\Java\jdk-17\bin;F:\sm1\db2\orcel\dbhomeFree\bin;C:\Windows\system32;C:\Windows;C:\Windows\System32\Wbem;C:\Windows\System32\WindowsPowerShell\v1.0\;C:\Windows\System32\OpenSSH\;C:\Program Files\Git\cmd;C:\Program Files\dotnet\;C:\Program Files (x86)\Microsoft SQL Server\160\Tools\Binn\;C:\Program Files\Microsoft SQL Server\160\Tools\Binn\;C:\Program Files\Microsoft SQL Server\Client SDK\ODBC\170\Tools\Binn\;C:\Program Files\Microsoft SQL Server\160\DTS\Binn\;C:\xampp\php;C:\composer;C:\Program Files\nodejs\;C:\Program Files\Oracle\VirtualBox\;C:\Program Files\Common Files\Oracle\Java\javapath;C:\spark\spark-4.0.1-bin-hadoop3\bin;C:\hadoop-3.0.0\bin;C:\Program Files\cursor\resources\app\bin;C:\Program Files\Gpg4win\..\GnuPG\bin;C:\Program Files (x86)\cloudflared\;C:\Program Files\Docker\Docker\resources\bin;C:\Program Files\Java\jdk-17\bin;C:\Program Files\Eclipse Adoptium\jdk-25.0.2.10-hotspot\bin;C:\Users\IS AH MF\AppData\Local\Microsoft\WindowsApps;C:\Users\IS AH MF\AppData\Local\Programs\Microsoft VS Code\bin;C:\MinGW\include;C:\MinGW\bin;C:\Users\IS AH MF\AppData\Local\GitHubDesktop\bin;C:\Program Files\Git\bin;C:\Users\IS AH MF\AppData\Local\Programs\Python\Python??XX;C:\Users\IS AH MF\AppData\Local\Programs\cursor\resources\app\bin;C:\Users\IS AH MF\AppData\Roaming\Composer\vendor\bin;C:\Program Files (x86)\Nmap;C:\Users\IS AH MF\AppData\Roaming\npm;C:\Program Files\JetBrains\IntelliJ IDEA 2025.2.3\bin;C:\Users\IS AH MF\AppData\Local\Programs\Antigravity\bin;C:\Users\IS AH MF\AppData\Local\Microsoft\WinGet\Packages\Gyan.FFmpeg_Microsoft.Winget.Source_8wekyb3d8bbwe\ffmpeg-8.0.1-full_build\bin;C:\maven\apache-maven-3.9.14\bin;C:\Users\IS AH MF\AppData\Local\Microsoft\WinGet\Packages\BurntSushi.ripgrep.MSVC_Microsoft.Winget.Source_8wekyb3d8bbwe\ripgrep-15.1.0-x86_64-pc-windows-msvc;C:\Users\IS AH MF\.dotnet\tools
USERNAME=IS AH MF
OS=Windows_NT
PROCESSOR_IDENTIFIER=Intel64 Family 6 Model 58 Stepping 9, GenuineIntel
TMP=C:\Users\ISAHMF~1\AppData\Local\Temp
TEMP=C:\Users\ISAHMF~1\AppData\Local\Temp




Periodic native trim disabled

---------------  S Y S T E M  ---------------

OS:
 Windows 10 , 64 bit Build 19041 (10.0.19041.3636)
OS uptime: 2 days 3:21 hours
Hyper-V role detected

CPU: total 4 (initial active 4) (2 cores per cpu, 2 threads per core) family 6 model 58 stepping 9 microcode 0x21, cx8, cmov, fxsr, ht, mmx, sse, sse2, sse3, ssse3, sse4.1, sse4.2, popcnt, tsc, tscinvbit, avx, erms, clmul, vzeroupper, clflush, hv, rdtscp, f16c
Processor Information for the first 4 processors :
  Max Mhz: 2400, Current Mhz: 2400, Mhz Limit: 2400

Memory: 4k page, system-wide physical 12180M (1821M free)
TotalPageFile size 20372M (AvailPageFile size 27M)
current process WorkingSet (physical memory assigned to process): 39M, peak: 39M
current process commit charge ("private bytes"): 210M, peak: 210M

vm_info: OpenJDK 64-Bit Server VM (21.0.10+7-LTS) for windows-amd64 JRE (21.0.10+7-LTS), built on 2026-01-20T00:00:00Z by "admin" with MS VC++ 17.12 (VS2022)

END.
