#
# There is insufficient memory for the Java Runtime Environment to continue.
# Native memory allocation (malloc) failed to allocate 1541936 bytes. Error detail: Chunk::new
# Possible reasons:
#   The system is out of physical RAM or swap space
#   This process is running with CompressedOops enabled, and the Java Heap may be blocking the growth of the native heap
# Possible solutions:
#   Reduce memory load on the system
#   Increase physical memory or swap space
#   Check if swap backing store is full
#   Decrease Java heap size (-Xmx/-Xms)
#   Decrease number of Java threads
#   Decrease Java thread stack sizes (-Xss)
#   Set larger code cache with -XX:ReservedCodeCacheSize=
#   JVM is running with Unscaled Compressed Oops mode in which the Java heap is
#     placed in the first 4GB address space. The Java Heap base address is the
#     maximum limit for the native heap growth. Please use -XX:HeapBaseMinAddress
#     to set the Java Heap base and to place the Java Heap above 4GB virtual address.
# This output file may be truncated or incomplete.
#
#  Out of Memory Error (arena.cpp:168), pid=21084, tid=15888
#
# JRE version: OpenJDK Runtime Environment Temurin-21.0.10+7 (21.0.10+7) (build 21.0.10+7-LTS)
# Java VM: OpenJDK 64-Bit Server VM Temurin-21.0.10+7 (21.0.10+7-LTS, mixed mode, sharing, tiered, compressed oops, compressed class ptrs, parallel gc, windows-amd64)
# No core dump will be written. Minidumps are not enabled by default on client versions of Windows
#

---------------  S U M M A R Y ------------

Command Line: --add-modules=ALL-SYSTEM --add-opens=java.base/java.util=ALL-UNNAMED --add-opens=java.base/java.lang=ALL-UNNAMED --add-opens=java.base/sun.nio.fs=ALL-UNNAMED -Declipse.application=org.eclipse.jdt.ls.core.id1 -Dosgi.bundles.defaultStartLevel=4 -Declipse.product=org.eclipse.jdt.ls.core.product -Djava.import.generatesMetadataFilesAtProjectRoot=false -DDetectVMInstallationsJob.disabled=true -Dfile.encoding=utf8 -XX:+UseParallelGC -XX:GCTimeRatio=4 -XX:AdaptiveSizePolicyWeight=90 -Dsun.zip.disableMemoryMapping=true -Xmx2G -Xms100m -Xlog:disable -javaagent:c:\Users\IS AH MF\.vscode\extensions\redhat.java-1.54.0-win32-x64\lombok\lombok-1.18.39-4050.jar -XX:+HeapDumpOnOutOfMemoryError -XX:HeapDumpPath=c:\Users\IS AH MF\AppData\Roaming\Code\User\workspaceStorage\c74fae60e314a275d84331bf55aff286\redhat.java -Daether.dependencyCollector.impl=bf c:\Users\IS AH MF\.vscode\extensions\redhat.java-1.54.0-win32-x64\server\plugins\org.eclipse.equinox.launcher_1.7.100.v20251111-0406.jar -configuration c:\Users\IS AH MF\AppData\Roaming\Code\User\globalStorage\redhat.java\1.54.0\config_win -data c:\Users\IS AH MF\AppData\Roaming\Code\User\workspaceStorage\c74fae60e314a275d84331bf55aff286\redhat.java\jdt_ws --pipe=\\.\pipe\lsp-ca15ed79a960d9f1e53d374f56642c6e-sock

Host: Intel(R) Core(TM) i3-3110M CPU @ 2.40GHz, 4 cores, 11G,  Windows 10 , 64 bit Build 19041 (10.0.19041.3636)
Time: Thu May  7 16:15:20 2026 Egypt Daylight Time elapsed time: 9047.232809 seconds (0d 2h 30m 47s)

---------------  T H R E A D  ---------------

Current thread (0x000002389db23750):  JavaThread "C2 CompilerThread0" daemon [_thread_in_native, id=15888, stack(0x00000054fdf00000,0x00000054fe000000) (1024K)]


Current CompileTask:
C2:9047233 26154       4       org.eclipse.jdt.internal.compiler.parser.Parser::consumeRule (7843 bytes)

Stack: [0x00000054fdf00000,0x00000054fe000000]
Native frames: (J=compiled Java code, j=interpreted, Vv=VM code, C=native code)
V  [jvm.dll+0x6d7a39]
V  [jvm.dll+0x8b4b26]
V  [jvm.dll+0x8b70de]
V  [jvm.dll+0x8b77c3]
V  [jvm.dll+0x284346]
V  [jvm.dll+0xc66ed]
V  [jvm.dll+0xc6c31]
V  [jvm.dll+0x3bec01]
V  [jvm.dll+0x38b162]
V  [jvm.dll+0x38a5aa]
V  [jvm.dll+0x24c560]
V  [jvm.dll+0x24bb40]
V  [jvm.dll+0x1cb34e]
V  [jvm.dll+0x25b85d]
V  [jvm.dll+0x259dea]
V  [jvm.dll+0x3f857e]
V  [jvm.dll+0x85f59d]
V  [jvm.dll+0x6d626d]
C  [ucrtbase.dll+0x21bb2]
C  [KERNEL32.DLL+0x17344]
C  [ntdll.dll+0x526b1]


---------------  P R O C E S S  ---------------

Threads class SMR info:
_java_thread_list=0x00000238fcda9270, length=42, elements={
0x000002389dc328a0, 0x000002389db18dc0, 0x000002389db1a530, 0x000002389db1be40,
0x000002389db1d0c0, 0x000002389db1ee90, 0x000002389db21900, 0x000002389db23750,
0x000002389db997e0, 0x00000238f63848a0, 0x00000238f6491390, 0x00000238f6be4780,
0x00000238f6559a30, 0x00000238f631f840, 0x00000238f6326180, 0x00000238f6833060,
0x00000238fb224410, 0x00000238fb2229d0, 0x00000238fb225e50, 0x00000238fb223060,
0x00000238fdb1b320, 0x00000238fdb1e110, 0x00000238fdb1b9b0, 0x00000238fdb1c040,
0x00000238fdb1c6d0, 0x00000238fdb1e7a0, 0x00000238fdb18530, 0x00000238fdb1cd60,
0x00000238fcdb21f0, 0x00000238fdb1d3f0, 0x0000023888cb3200, 0x00000238fcdb2880,
0x00000238fcdb42c0, 0x00000238fcdb4950, 0x00000238fcdb5670, 0x00000238fcdb6a20,
0x00000238fcdb5d00, 0x00000238fcdb2f10, 0x00000238fcdb8af0, 0x00000238fcdb3c30,
0x00000238fcdb70b0, 0x00000238fcdb1b60
}

Java Threads: ( => current thread )
  0x000002389dc328a0 JavaThread "main"                              [_thread_blocked, id=13588, stack(0x00000054fd500000,0x00000054fd600000) (1024K)]
  0x000002389db18dc0 JavaThread "Reference Handler"          daemon [_thread_blocked, id=15608, stack(0x00000054fd900000,0x00000054fda00000) (1024K)]
  0x000002389db1a530 JavaThread "Finalizer"                  daemon [_thread_blocked, id=12416, stack(0x00000054fda00000,0x00000054fdb00000) (1024K)]
  0x000002389db1be40 JavaThread "Signal Dispatcher"          daemon [_thread_blocked, id=2300, stack(0x00000054fdb00000,0x00000054fdc00000) (1024K)]
  0x000002389db1d0c0 JavaThread "Attach Listener"            daemon [_thread_blocked, id=19992, stack(0x00000054fdc00000,0x00000054fdd00000) (1024K)]
  0x000002389db1ee90 JavaThread "Service Thread"             daemon [_thread_blocked, id=20808, stack(0x00000054fdd00000,0x00000054fde00000) (1024K)]
  0x000002389db21900 JavaThread "Monitor Deflation Thread"   daemon [_thread_blocked, id=16772, stack(0x00000054fde00000,0x00000054fdf00000) (1024K)]
=>0x000002389db23750 JavaThread "C2 CompilerThread0"         daemon [_thread_in_native, id=15888, stack(0x00000054fdf00000,0x00000054fe000000) (1024K)]
  0x000002389db997e0 JavaThread "C1 CompilerThread0"         daemon [_thread_blocked, id=18348, stack(0x00000054fe000000,0x00000054fe100000) (1024K)]
  0x00000238f63848a0 JavaThread "Common-Cleaner"             daemon [_thread_blocked, id=19408, stack(0x00000054fe100000,0x00000054fe200000) (1024K)]
  0x00000238f6491390 JavaThread "Notification Thread"        daemon [_thread_blocked, id=20264, stack(0x00000054fe200000,0x00000054fe300000) (1024K)]
  0x00000238f6be4780 JavaThread "Active Thread: Equinox Container: cfd1a22c-8241-4fbc-9337-138c9ed52acb"        [_thread_blocked, id=13932, stack(0x00000054fe300000,0x00000054fe400000) (1024K)]
  0x00000238f6559a30 JavaThread "Refresh Thread: Equinox Container: cfd1a22c-8241-4fbc-9337-138c9ed52acb" daemon [_thread_blocked, id=21108, stack(0x00000054fe700000,0x00000054fe800000) (1024K)]
  0x00000238f631f840 JavaThread "Framework Event Dispatcher: Equinox Container: cfd1a22c-8241-4fbc-9337-138c9ed52acb" daemon [_thread_blocked, id=20716, stack(0x00000054fe800000,0x00000054fe900000) (1024K)]
  0x00000238f6326180 JavaThread "Start Level: Equinox Container: cfd1a22c-8241-4fbc-9337-138c9ed52acb" daemon [_thread_blocked, id=10460, stack(0x00000054fe900000,0x00000054fea00000) (1024K)]
  0x00000238f6833060 JavaThread "Bundle File Closer"         daemon [_thread_blocked, id=9196, stack(0x00000054fd300000,0x00000054fd400000) (1024K)]
  0x00000238fb224410 JavaThread "SCR Component Actor"        daemon [_thread_blocked, id=20088, stack(0x00000054fd400000,0x00000054fd500000) (1024K)]
  0x00000238fb2229d0 JavaThread "Worker-JM"                         [_thread_blocked, id=8228, stack(0x00000054fea00000,0x00000054feb00000) (1024K)]
  0x00000238fb225e50 JavaThread "JNA Cleaner"                daemon [_thread_blocked, id=12412, stack(0x00000054fed00000,0x00000054fee00000) (1024K)]
  0x00000238fb223060 JavaThread "Java indexing"              daemon [_thread_in_native, id=19340, stack(0x00000054ff100000,0x00000054ff200000) (1024K)]
  0x00000238fdb1b320 JavaThread "Thread-1"                   daemon [_thread_in_native, id=13604, stack(0x00000054ff700000,0x00000054ff800000) (1024K)]
  0x00000238fdb1e110 JavaThread "Thread-2"                   daemon [_thread_in_native, id=18280, stack(0x00000054ff800000,0x00000054ff900000) (1024K)]
  0x00000238fdb1b9b0 JavaThread "Thread-3"                   daemon [_thread_in_native, id=12448, stack(0x00000054ff900000,0x00000054ffa00000) (1024K)]
  0x00000238fdb1c040 JavaThread "Thread-4"                   daemon [_thread_blocked, id=19164, stack(0x00000054ffa00000,0x00000054ffb00000) (1024K)]
  0x00000238fdb1c6d0 JavaThread "Thread-5"                   daemon [_thread_in_native, id=556, stack(0x00000054ffb00000,0x00000054ffc00000) (1024K)]
  0x00000238fdb1e7a0 JavaThread "pool-2-thread-1"                   [_thread_blocked, id=6108, stack(0x00000054ffc00000,0x00000054ffd00000) (1024K)]
  0x00000238fdb18530 JavaThread "WorkspaceEventsHandler"            [_thread_blocked, id=17160, stack(0x00000054ffd00000,0x00000054ffe00000) (1024K)]
  0x00000238fdb1cd60 JavaThread "pool-1-thread-1"                   [_thread_blocked, id=19812, stack(0x00000054ffe00000,0x00000054fff00000) (1024K)]
  0x00000238fcdb21f0 JavaThread "Cleaner-0"                  daemon [_thread_blocked, id=5888, stack(0x0000005480500000,0x0000005480600000) (1024K)]
  0x00000238fdb1d3f0 JavaThread "Worker-18: Refreshing workspace"        [_thread_blocked, id=9160, stack(0x0000005480200000,0x0000005480300000) (1024K)]
  0x0000023888cb3200 JavaThread "Worker-35: Building"               [_thread_blocked, id=11468, stack(0x0000005480000000,0x0000005480100000) (1024K)]
  0x00000238fcdb2880 JavaThread "ForkJoinPool.commonPool-worker-27" daemon [_thread_blocked, id=13472, stack(0x0000005480100000,0x0000005480200000) (1024K)]
  0x00000238fcdb42c0 JavaThread "ForkJoinPool.commonPool-worker-28" daemon [_thread_blocked, id=13552, stack(0x0000005480300000,0x0000005480400000) (1024K)]
  0x00000238fcdb4950 JavaThread "ForkJoinPool.commonPool-worker-29" daemon [_thread_blocked, id=10496, stack(0x0000005480400000,0x0000005480500000) (1024K)]
  0x00000238fcdb5670 JavaThread "Worker-38"                         [_thread_blocked, id=16296, stack(0x0000005480600000,0x0000005480700000) (1024K)]
  0x00000238fcdb6a20 JavaThread "Compiler Source File Reader" daemon [_thread_blocked, id=5200, stack(0x0000005480700000,0x0000005480800000) (1024K)]
  0x00000238fcdb5d00 JavaThread "Compiler Processing Task"   daemon [_thread_blocked, id=4308, stack(0x0000005480800000,0x0000005480900000) (1024K)]
  0x00000238fcdb2f10 JavaThread "Compiler Source File Reader" daemon [_thread_blocked, id=9988, stack(0x0000005480900000,0x0000005480a00000) (1024K)]
  0x00000238fcdb8af0 JavaThread "LocalFile Deleter"          daemon [_thread_blocked, id=17080, stack(0x0000005480a00000,0x0000005480b00000) (1024K)]
  0x00000238fcdb3c30 JavaThread "LocalFile Deleter"          daemon [_thread_blocked, id=13512, stack(0x0000005480b00000,0x0000005480c00000) (1024K)]
  0x00000238fcdb70b0 JavaThread "LocalFile Deleter"          daemon [_thread_blocked, id=10584, stack(0x0000005480c00000,0x0000005480d00000) (1024K)]
  0x00000238fcdb1b60 JavaThread "LocalFile Deleter"          daemon [_thread_blocked, id=7448, stack(0x0000005480d00000,0x0000005480e00000) (1024K)]
Total: 42

Other Threads:
  0x000002389dcf1f00 VMThread "VM Thread"                           [id=21076, stack(0x00000054fd800000,0x00000054fd900000) (1024K)]
  0x000002389dc9f0e0 WatcherThread "VM Periodic Task Thread"        [id=14016, stack(0x00000054fd700000,0x00000054fd800000) (1024K)]
  0x000002389dc50590 WorkerThread "GC Thread#0"                     [id=3424, stack(0x00000054fd600000,0x00000054fd700000) (1024K)]
  0x00000238f69cecd0 WorkerThread "GC Thread#1"                     [id=1908, stack(0x00000054fe400000,0x00000054fe500000) (1024K)]
  0x00000238f69e3e90 WorkerThread "GC Thread#2"                     [id=14940, stack(0x00000054fe500000,0x00000054fe600000) (1024K)]
  0x00000238f69cf080 WorkerThread "GC Thread#3"                     [id=10004, stack(0x00000054fe600000,0x00000054fe700000) (1024K)]
Total: 6

Threads with active compile tasks:
C2 CompilerThread0  9047362 26154       4       org.eclipse.jdt.internal.compiler.parser.Parser::consumeRule (7843 bytes)
Total: 1

VM state: at safepoint (normal execution)

VM Mutex/Monitor currently owned by a thread:  ([mutex/lock_event])
[0x00007ffb2274e560] Threads_lock - owner thread: 0x000002389dcf1f00
[0x00007ffb2274e660] Heap_lock - owner thread: 0x00000238fcdb2880

Heap address: 0x0000000080000000, size: 2048 MB, Compressed Oops mode: 32-bit

CDS archive(s) mapped at: [0x00000238b5000000-0x00000238b5ba0000-0x00000238b5ba0000), size 12189696, SharedBaseAddress: 0x00000238b5000000, ArchiveRelocationMode: 1.
Compressed class space mapped at: 0x00000238b6000000-0x00000238f6000000, reserved size: 1073741824
Narrow klass base: 0x00000238b5000000, Narrow klass shift: 0, Narrow klass range: 0x100000000

GC Precious Log:
 CardTable entry size: 512
 CPUs: 4 total, 4 available
 Memory: 12180M
 Large Page Support: Disabled
 NUMA Support: Disabled
 Compressed Oops: Enabled (32-bit)
 Alignments: Space 512K, Generation 512K, Heap 2M
 Heap Min Capacity: 100M
 Heap Initial Capacity: 100M
 Heap Max Capacity: 2G
 Pre-touch: Disabled
 Parallel Workers: 4

Heap:
 PSYoungGen      total 4096K, used 3616K [0x00000000d5580000, 0x00000000d5b80000, 0x0000000100000000)
  eden space 2048K, 100% used [0x00000000d5580000,0x00000000d5780000,0x00000000d5780000)
  from space 2048K, 76% used [0x00000000d5780000,0x00000000d59082e8,0x00000000d5980000)
  to   space 2048K, 15% used [0x00000000d5980000,0x00000000d59d0020,0x00000000d5b80000)
 ParOldGen       total 1052160K, used 1052153K [0x0000000080000000, 0x00000000c0380000, 0x00000000d5580000)
  object space 1052160K, 99% used [0x0000000080000000,0x00000000c037e5a8,0x00000000c0380000)
 Metaspace       used 94995K, committed 96832K, reserved 1179648K
  class space    used 9662K, committed 10496K, reserved 1048576K

Card table byte_map: [0x000002389d5e0000,0x000002389d9f0000] _byte_map_base: 0x000002389d1e0000

Marking Bits: (ParMarkBitMap*) 0x00007ffb22753450
 Begin Bits: [0x00000238b00f0000, 0x00000238b20f0000)
 End Bits:   [0x00000238b20f0000, 0x00000238b40f0000)

Polling page: 0x000002389ba70000

Metaspace:

Usage:
  Non-class:     83.33 MB used.
      Class:      9.44 MB used.
       Both:     92.77 MB used.

Virtual space:
  Non-class space:      128.00 MB reserved,      84.31 MB ( 66%) committed,  2 nodes.
      Class space:        1.00 GB reserved,      10.25 MB (  1%) committed,  1 nodes.
             Both:        1.12 GB reserved,      94.56 MB (  8%) committed. 

Chunk freelists:
   Non-Class:  10.98 MB
       Class:  5.69 MB
        Both:  16.68 MB

MaxMetaspaceSize: unlimited
CompressedClassSpaceSize: 1.00 GB
Initial GC threshold: 21.00 MB
Current GC threshold: 147.50 MB
CDS: on
 - commit_granule_bytes: 65536.
 - commit_granule_words: 8192.
 - virtual_space_node_default_size: 8388608.
 - enlarge_chunks_in_place: 1.
 - use_allocation_guard: 0.


Internal statistics:

num_allocs_failed_limit: 9.
num_arena_births: 2138.
num_arena_deaths: 650.
num_vsnodes_births: 3.
num_vsnodes_deaths: 0.
num_space_committed: 1519.
num_space_uncommitted: 5.
num_chunks_returned_to_freelist: 865.
num_chunks_taken_from_freelist: 7379.
num_chunk_merges: 251.
num_chunk_splits: 4114.
num_chunks_enlarged: 2204.
num_inconsistent_stats: 0.

CodeHeap 'non-profiled nmethods': size=120000Kb used=27608Kb max_used=27608Kb free=92391Kb
 bounds [0x00000238a8910000, 0x00000238aa410000, 0x00000238afe40000]
CodeHeap 'profiled nmethods': size=120000Kb used=44876Kb max_used=48369Kb free=75123Kb
 bounds [0x00000238a0e40000, 0x00000238a3d80000, 0x00000238a8370000]
CodeHeap 'non-nmethods': size=5760Kb used=1532Kb max_used=1605Kb free=4227Kb
 bounds [0x00000238a8370000, 0x00000238a85e0000, 0x00000238a8910000]
CodeCache: size=245760Kb, used=74016Kb, max_used=77582Kb, free=171741Kb
 total_blobs=19922, nmethods=19066, adapters=759, full_count=0
Compilation: enabled, stopped_count=0, restarted_count=0

Compilation events (20 events):
Event: 9047.087 Thread 0x000002389db23750 26153       4       java.nio.charset.Charset::forName (20 bytes)
Event: 9047.087 Thread 0x000002389db997e0 nmethod 26152 0x00000238a1dbe110 code [0x00000238a1dbe2a0, 0x00000238a1dbe3c8]
Event: 9047.090 Thread 0x000002389db997e0 26155   !   3       org.eclipse.jdt.internal.compiler.parser.Scanner::getNextToken0 (3068 bytes)
Event: 9047.094 Thread 0x000002389db23750 nmethod 26153 0x00000238aa405810 code [0x00000238aa4059e0, 0x00000238aa405da8]
Event: 9047.094 Thread 0x000002389db23750 26154       4       org.eclipse.jdt.internal.compiler.parser.Parser::consumeRule (7843 bytes)
Event: 9047.109 Thread 0x000002389db997e0 nmethod 26155 0x00000238a2503290 code [0x00000238a2503fa0, 0x00000238a250bba0]
Event: 9047.110 Thread 0x000002389db997e0 26159       3       org.eclipse.jdt.internal.compiler.parser.ScannerHelper::isJavaIdentifierPart (28 bytes)
Event: 9047.110 Thread 0x000002389db997e0 nmethod 26159 0x00000238a388ba10 code [0x00000238a388bbe0, 0x00000238a388bdf0]
Event: 9047.110 Thread 0x000002389db997e0 26157       3       org.eclipse.jdt.internal.compiler.parser.ScannerHelper::isJavaIdentifierStart (28 bytes)
Event: 9047.110 Thread 0x000002389db997e0 nmethod 26157 0x00000238a3a1aa90 code [0x00000238a3a1ac60, 0x00000238a3a1ae70]
Event: 9047.130 Thread 0x000002389db997e0 26161       3       lombok.eclipse.EclipseNode::traverse (800 bytes)
Event: 9047.138 Thread 0x000002389db997e0 nmethod 26161 0x00000238a3793690 code [0x00000238a3793f00, 0x00000238a379bb68]
Event: 9047.138 Thread 0x000002389db997e0 26164       2       lombok.eclipse.EclipseAST::buildTypeUse (294 bytes)
Event: 9047.141 Thread 0x000002389db997e0 nmethod 26164 0x00000238a2558810 code [0x00000238a2558ae0, 0x00000238a25599b0]
Event: 9047.141 Thread 0x000002389db997e0 26165       3       org.eclipse.core.internal.resources.Resource::checkLocal (38 bytes)
Event: 9047.142 Thread 0x000002389db997e0 nmethod 26165 0x00000238a2ef8710 code [0x00000238a2ef8920, 0x00000238a2ef8f68]
Event: 9047.142 Thread 0x000002389db997e0 26162       3       lombok.eclipse.EclipseASTAdapter::visitField (1 bytes)
Event: 9047.142 Thread 0x000002389db997e0 nmethod 26162 0x00000238a16ec590 code [0x00000238a16ec720, 0x00000238a16ec828]
Event: 9047.142 Thread 0x000002389db997e0 26163       3       lombok.eclipse.EclipseASTAdapter::endVisitField (1 bytes)
Event: 9047.142 Thread 0x000002389db997e0 nmethod 26163 0x00000238a249bc90 code [0x00000238a249be20, 0x00000238a249bf28]

GC Heap History (20 events):
Event: 9045.625 GC heap before
{Heap before GC invocations=5093 (full 6):
 PSYoungGen      total 3584K, used 3535K [0x00000000d5580000, 0x00000000d5d80000, 0x0000000100000000)
  eden space 2048K, 97% used [0x00000000d5580000,0x00000000d5773e50,0x00000000d5780000)
  from space 1536K, 99% used [0x00000000d5780000,0x00000000d58ffed8,0x00000000d5900000)
  to   space 3072K, 0% used [0x00000000d5a80000,0x00000000d5a80000,0x00000000d5d80000)
 ParOldGen       total 1040896K, used 1040628K [0x0000000080000000, 0x00000000bf880000, 0x00000000d5580000)
  object space 1040896K, 99% used [0x0000000080000000,0x00000000bf83d1d0,0x00000000bf880000)
 Metaspace       used 94978K, committed 96832K, reserved 1179648K
  class space    used 9661K, committed 10496K, reserved 1048576K
}
Event: 9045.631 GC heap after
{Heap after GC invocations=5093 (full 6):
 PSYoungGen      total 4096K, used 1864K [0x00000000d5580000, 0x00000000d5c80000, 0x0000000100000000)
  eden space 2048K, 0% used [0x00000000d5580000,0x00000000d5580000,0x00000000d5780000)
  from space 2048K, 91% used [0x00000000d5a80000,0x00000000d5c52268,0x00000000d5c80000)
  to   space 2560K, 0% used [0x00000000d5780000,0x00000000d5780000,0x00000000d5a00000)
 ParOldGen       total 1042432K, used 1042172K [0x0000000080000000, 0x00000000bfa00000, 0x00000000d5580000)
  object space 1042432K, 99% used [0x0000000080000000,0x00000000bf9bf1d8,0x00000000bfa00000)
 Metaspace       used 94978K, committed 96832K, reserved 1179648K
  class space    used 9661K, committed 10496K, reserved 1048576K
}
Event: 9045.713 GC heap before
{Heap before GC invocations=5094 (full 6):
 PSYoungGen      total 4096K, used 3911K [0x00000000d5580000, 0x00000000d5c80000, 0x0000000100000000)
  eden space 2048K, 99% used [0x00000000d5580000,0x00000000d577fb38,0x00000000d5780000)
  from space 2048K, 91% used [0x00000000d5a80000,0x00000000d5c52268,0x00000000d5c80000)
  to   space 2560K, 0% used [0x00000000d5780000,0x00000000d5780000,0x00000000d5a00000)
 ParOldGen       total 1042432K, used 1042172K [0x0000000080000000, 0x00000000bfa00000, 0x00000000d5580000)
  object space 1042432K, 99% used [0x0000000080000000,0x00000000bf9bf1d8,0x00000000bfa00000)
 Metaspace       used 94978K, committed 96832K, reserved 1179648K
  class space    used 9661K, committed 10496K, reserved 1048576K
}
Event: 9045.718 GC heap after
{Heap after GC invocations=5094 (full 6):
 PSYoungGen      total 3584K, used 1348K [0x00000000d5580000, 0x00000000d5b80000, 0x0000000100000000)
  eden space 2048K, 0% used [0x00000000d5580000,0x00000000d5580000,0x00000000d5780000)
  from space 1536K, 87% used [0x00000000d5780000,0x00000000d58d1380,0x00000000d5900000)
  to   space 2048K, 0% used [0x00000000d5980000,0x00000000d5980000,0x00000000d5b80000)
 ParOldGen       total 1044480K, used 1043978K [0x0000000080000000, 0x00000000bfc00000, 0x00000000d5580000)
  object space 1044480K, 99% used [0x0000000080000000,0x00000000bfb82a28,0x00000000bfc00000)
 Metaspace       used 94978K, committed 96832K, reserved 1179648K
  class space    used 9661K, committed 10496K, reserved 1048576K
}
Event: 9045.740 GC heap before
{Heap before GC invocations=5095 (full 6):
 PSYoungGen      total 3584K, used 3396K [0x00000000d5580000, 0x00000000d5b80000, 0x0000000100000000)
  eden space 2048K, 100% used [0x00000000d5580000,0x00000000d5780000,0x00000000d5780000)
  from space 1536K, 87% used [0x00000000d5780000,0x00000000d58d1380,0x00000000d5900000)
  to   space 2048K, 0% used [0x00000000d5980000,0x00000000d5980000,0x00000000d5b80000)
 ParOldGen       total 1044480K, used 1043978K [0x0000000080000000, 0x00000000bfc00000, 0x00000000d5580000)
  object space 1044480K, 99% used [0x0000000080000000,0x00000000bfb82a28,0x00000000bfc00000)
 Metaspace       used 94978K, committed 96832K, reserved 1179648K
  class space    used 9661K, committed 10496K, reserved 1048576K
}
Event: 9045.749 GC heap after
{Heap after GC invocations=5095 (full 6):
 PSYoungGen      total 2560K, used 449K [0x00000000d5580000, 0x00000000d5a00000, 0x0000000100000000)
  eden space 2048K, 0% used [0x00000000d5580000,0x00000000d5580000,0x00000000d5780000)
  from space 512K, 87% used [0x00000000d5980000,0x00000000d59f0728,0x00000000d5a00000)
  to   space 1024K, 0% used [0x00000000d5800000,0x00000000d5800000,0x00000000d5900000)
 ParOldGen       total 1045504K, used 1045281K [0x0000000080000000, 0x00000000bfd00000, 0x00000000d5580000)
  object space 1045504K, 99% used [0x0000000080000000,0x00000000bfcc84b8,0x00000000bfd00000)
 Metaspace       used 94978K, committed 96832K, reserved 1179648K
  class space    used 9661K, committed 10496K, reserved 1048576K
}
Event: 9045.869 GC heap before
{Heap before GC invocations=5096 (full 6):
 PSYoungGen      total 2560K, used 2497K [0x00000000d5580000, 0x00000000d5a00000, 0x0000000100000000)
  eden space 2048K, 99% used [0x00000000d5580000,0x00000000d577fff8,0x00000000d5780000)
  from space 512K, 87% used [0x00000000d5980000,0x00000000d59f0728,0x00000000d5a00000)
  to   space 1024K, 0% used [0x00000000d5800000,0x00000000d5800000,0x00000000d5900000)
 ParOldGen       total 1045504K, used 1045281K [0x0000000080000000, 0x00000000bfd00000, 0x00000000d5580000)
  object space 1045504K, 99% used [0x0000000080000000,0x00000000bfcc84b8,0x00000000bfd00000)
 Metaspace       used 94983K, committed 96832K, reserved 1179648K
  class space    used 9661K, committed 10496K, reserved 1048576K
}
Event: 9045.877 GC heap after
{Heap after GC invocations=5096 (full 6):
 PSYoungGen      total 3072K, used 544K [0x00000000d5580000, 0x00000000d5a00000, 0x0000000100000000)
  eden space 2048K, 0% used [0x00000000d5580000,0x00000000d5580000,0x00000000d5780000)
  from space 1024K, 53% used [0x00000000d5800000,0x00000000d5888020,0x00000000d5900000)
  to   space 1024K, 0% used [0x00000000d5900000,0x00000000d5900000,0x00000000d5a00000)
 ParOldGen       total 1046016K, used 1045529K [0x0000000080000000, 0x00000000bfd80000, 0x00000000d5580000)
  object space 1046016K, 99% used [0x0000000080000000,0x00000000bfd064b8,0x00000000bfd80000)
 Metaspace       used 94983K, committed 96832K, reserved 1179648K
  class space    used 9661K, committed 10496K, reserved 1048576K
}
Event: 9046.221 GC heap before
{Heap before GC invocations=5097 (full 6):
 PSYoungGen      total 3072K, used 2592K [0x00000000d5580000, 0x00000000d5a00000, 0x0000000100000000)
  eden space 2048K, 100% used [0x00000000d5580000,0x00000000d5780000,0x00000000d5780000)
  from space 1024K, 53% used [0x00000000d5800000,0x00000000d5888020,0x00000000d5900000)
  to   space 1024K, 0% used [0x00000000d5900000,0x00000000d5900000,0x00000000d5a00000)
 ParOldGen       total 1046016K, used 1045529K [0x0000000080000000, 0x00000000bfd80000, 0x00000000d5580000)
  object space 1046016K, 99% used [0x0000000080000000,0x00000000bfd064b8,0x00000000bfd80000)
 Metaspace       used 94989K, committed 96832K, reserved 1179648K
  class space    used 9662K, committed 10496K, reserved 1048576K
}
Event: 9046.227 GC heap after
{Heap after GC invocations=5097 (full 6):
 PSYoungGen      total 2560K, used 128K [0x00000000d5580000, 0x00000000d5980000, 0x0000000100000000)
  eden space 2048K, 0% used [0x00000000d5580000,0x00000000d5580000,0x00000000d5780000)
  from space 512K, 25% used [0x00000000d5900000,0x00000000d5920000,0x00000000d5980000)
  to   space 512K, 0% used [0x00000000d5880000,0x00000000d5880000,0x00000000d5900000)
 ParOldGen       total 1046016K, used 1045963K [0x0000000080000000, 0x00000000bfd80000, 0x00000000d5580000)
  object space 1046016K, 99% used [0x0000000080000000,0x00000000bfd72f58,0x00000000bfd80000)
 Metaspace       used 94989K, committed 96832K, reserved 1179648K
  class space    used 9662K, committed 10496K, reserved 1048576K
}
Event: 9046.441 GC heap before
{Heap before GC invocations=5098 (full 6):
 PSYoungGen      total 2560K, used 2176K [0x00000000d5580000, 0x00000000d5980000, 0x0000000100000000)
  eden space 2048K, 100% used [0x00000000d5580000,0x00000000d5780000,0x00000000d5780000)
  from space 512K, 25% used [0x00000000d5900000,0x00000000d5920000,0x00000000d5980000)
  to   space 512K, 0% used [0x00000000d5880000,0x00000000d5880000,0x00000000d5900000)
 ParOldGen       total 1046016K, used 1045963K [0x0000000080000000, 0x00000000bfd80000, 0x00000000d5580000)
  object space 1046016K, 99% used [0x0000000080000000,0x00000000bfd72f58,0x00000000bfd80000)
 Metaspace       used 94992K, committed 96832K, reserved 1179648K
  class space    used 9662K, committed 10496K, reserved 1048576K
}
Event: 9046.447 GC heap after
{Heap after GC invocations=5098 (full 6):
 PSYoungGen      total 2560K, used 288K [0x00000000d5580000, 0x00000000d5980000, 0x0000000100000000)
  eden space 2048K, 0% used [0x00000000d5580000,0x00000000d5580000,0x00000000d5780000)
  from space 512K, 56% used [0x00000000d5880000,0x00000000d58c8040,0x00000000d5900000)
  to   space 512K, 0% used [0x00000000d5900000,0x00000000d5900000,0x00000000d5980000)
 ParOldGen       total 1046528K, used 1046048K [0x0000000080000000, 0x00000000bfe00000, 0x00000000d5580000)
  object space 1046528K, 99% used [0x0000000080000000,0x00000000bfd88280,0x00000000bfe00000)
 Metaspace       used 94992K, committed 96832K, reserved 1179648K
  class space    used 9662K, committed 10496K, reserved 1048576K
}
Event: 9046.872 GC heap before
{Heap before GC invocations=5099 (full 6):
 PSYoungGen      total 2560K, used 2330K [0x00000000d5580000, 0x00000000d5980000, 0x0000000100000000)
  eden space 2048K, 99% used [0x00000000d5580000,0x00000000d577e9e0,0x00000000d5780000)
  from space 512K, 56% used [0x00000000d5880000,0x00000000d58c8040,0x00000000d5900000)
  to   space 512K, 0% used [0x00000000d5900000,0x00000000d5900000,0x00000000d5980000)
 ParOldGen       total 1046528K, used 1046048K [0x0000000080000000, 0x00000000bfe00000, 0x00000000d5580000)
  object space 1046528K, 99% used [0x0000000080000000,0x00000000bfd88280,0x00000000bfe00000)
 Metaspace       used 94993K, committed 96832K, reserved 1179648K
  class space    used 9662K, committed 10496K, reserved 1048576K
}
Event: 9046.876 GC heap after
{Heap after GC invocations=5099 (full 6):
 PSYoungGen      total 2560K, used 503K [0x00000000d5580000, 0x00000000d5a80000, 0x0000000100000000)
  eden space 2048K, 0% used [0x00000000d5580000,0x00000000d5580000,0x00000000d5780000)
  from space 512K, 98% used [0x00000000d5900000,0x00000000d597dc48,0x00000000d5980000)
  to   space 1536K, 0% used [0x00000000d5780000,0x00000000d5780000,0x00000000d5900000)
 ParOldGen       total 1047040K, used 1046607K [0x0000000080000000, 0x00000000bfe80000, 0x00000000d5580000)
  object space 1047040K, 99% used [0x0000000080000000,0x00000000bfe13f70,0x00000000bfe80000)
 Metaspace       used 94993K, committed 96832K, reserved 1179648K
  class space    used 9662K, committed 10496K, reserved 1048576K
}
Event: 9046.945 GC heap before
{Heap before GC invocations=5100 (full 6):
 PSYoungGen      total 2560K, used 2535K [0x00000000d5580000, 0x00000000d5a80000, 0x0000000100000000)
  eden space 2048K, 99% used [0x00000000d5580000,0x00000000d577c060,0x00000000d5780000)
  from space 512K, 98% used [0x00000000d5900000,0x00000000d597dc48,0x00000000d5980000)
  to   space 1536K, 0% used [0x00000000d5780000,0x00000000d5780000,0x00000000d5900000)
 ParOldGen       total 1047040K, used 1046607K [0x0000000080000000, 0x00000000bfe80000, 0x00000000d5580000)
  object space 1047040K, 99% used [0x0000000080000000,0x00000000bfe13f70,0x00000000bfe80000)
 Metaspace       used 94993K, committed 96832K, reserved 1179648K
  class space    used 9662K, committed 10496K, reserved 1048576K
}
Event: 9046.951 GC heap after
{Heap after GC invocations=5100 (full 6):
 PSYoungGen      total 3584K, used 1530K [0x00000000d5580000, 0x00000000d5c80000, 0x0000000100000000)
  eden space 2048K, 0% used [0x00000000d5580000,0x00000000d5580000,0x00000000d5780000)
  from space 1536K, 99% used [0x00000000d5780000,0x00000000d58fea18,0x00000000d5900000)
  to   space 2560K, 0% used [0x00000000d5a00000,0x00000000d5a00000,0x00000000d5c80000)
 ParOldGen       total 1047552K, used 1047375K [0x0000000080000000, 0x00000000bff00000, 0x00000000d5580000)
  object space 1047552K, 99% used [0x0000000080000000,0x00000000bfed3e00,0x00000000bff00000)
 Metaspace       used 94993K, committed 96832K, reserved 1179648K
  class space    used 9662K, committed 10496K, reserved 1048576K
}
Event: 9047.024 GC heap before
{Heap before GC invocations=5101 (full 6):
 PSYoungGen      total 3584K, used 3577K [0x00000000d5580000, 0x00000000d5c80000, 0x0000000100000000)
  eden space 2048K, 99% used [0x00000000d5580000,0x00000000d577fa10,0x00000000d5780000)
  from space 1536K, 99% used [0x00000000d5780000,0x00000000d58fea18,0x00000000d5900000)
  to   space 2560K, 0% used [0x00000000d5a00000,0x00000000d5a00000,0x00000000d5c80000)
 ParOldGen       total 1047552K, used 1047375K [0x0000000080000000, 0x00000000bff00000, 0x00000000d5580000)
  object space 1047552K, 99% used [0x0000000080000000,0x00000000bfed3e00,0x00000000bff00000)
 Metaspace       used 94993K, committed 96832K, reserved 1179648K
  class space    used 9662K, committed 10496K, reserved 1048576K
}
Event: 9047.030 GC heap after
{Heap after GC invocations=5101 (full 6):
 PSYoungGen      total 4608K, used 1974K [0x00000000d5580000, 0x00000000d5c80000, 0x0000000100000000)
  eden space 2048K, 0% used [0x00000000d5580000,0x00000000d5580000,0x00000000d5780000)
  from space 2560K, 77% used [0x00000000d5a00000,0x00000000d5bed850,0x00000000d5c80000)
  to   space 2560K, 0% used [0x00000000d5780000,0x00000000d5780000,0x00000000d5a00000)
 ParOldGen       total 1049088K, used 1048902K [0x0000000080000000, 0x00000000c0080000, 0x00000000d5580000)
  object space 1049088K, 99% used [0x0000000080000000,0x00000000c0051898,0x00000000c0080000)
 Metaspace       used 94993K, committed 96832K, reserved 1179648K
  class space    used 9662K, committed 10496K, reserved 1048576K
}
Event: 9047.100 GC heap before
{Heap before GC invocations=5102 (full 6):
 PSYoungGen      total 4608K, used 4022K [0x00000000d5580000, 0x00000000d5c80000, 0x0000000100000000)
  eden space 2048K, 100% used [0x00000000d5580000,0x00000000d5780000,0x00000000d5780000)
  from space 2560K, 77% used [0x00000000d5a00000,0x00000000d5bed850,0x00000000d5c80000)
  to   space 2560K, 0% used [0x00000000d5780000,0x00000000d5780000,0x00000000d5a00000)
 ParOldGen       total 1049088K, used 1048902K [0x0000000080000000, 0x00000000c0080000, 0x00000000d5580000)
  object space 1049088K, 99% used [0x0000000080000000,0x00000000c0051898,0x00000000c0080000)
 Metaspace       used 94994K, committed 96832K, reserved 1179648K
  class space    used 9662K, committed 10496K, reserved 1048576K
}
Event: 9047.109 GC heap after
{Heap after GC invocations=5102 (full 6):
 PSYoungGen      total 4096K, used 1568K [0x00000000d5580000, 0x00000000d5b80000, 0x0000000100000000)
  eden space 2048K, 0% used [0x00000000d5580000,0x00000000d5580000,0x00000000d5780000)
  from space 2048K, 76% used [0x00000000d5780000,0x00000000d59082e8,0x00000000d5980000)
  to   space 2048K, 0% used [0x00000000d5980000,0x00000000d5980000,0x00000000d5b80000)
 ParOldGen       total 1051136K, used 1050840K [0x0000000080000000, 0x00000000c0280000, 0x00000000d5580000)
  object space 1051136K, 99% used [0x0000000080000000,0x00000000c02363a0,0x00000000c0280000)
 Metaspace       used 94994K, committed 96832K, reserved 1179648K
  class space    used 9662K, committed 10496K, reserved 1048576K
}

Dll operation events (12 events):
Event: 0.057 Loaded shared library c:\Users\IS AH MF\.vscode\extensions\redhat.java-1.54.0-win32-x64\jre\21.0.10-win32-x86_64\bin\java.dll
Event: 0.399 Loaded shared library c:\Users\IS AH MF\.vscode\extensions\redhat.java-1.54.0-win32-x64\jre\21.0.10-win32-x86_64\bin\zip.dll
Event: 0.543 Loaded shared library C:\Users\IS AH MF\.vscode\extensions\redhat.java-1.54.0-win32-x64\jre\21.0.10-win32-x86_64\bin\instrument.dll
Event: 0.559 Loaded shared library C:\Users\IS AH MF\.vscode\extensions\redhat.java-1.54.0-win32-x64\jre\21.0.10-win32-x86_64\bin\net.dll
Event: 0.565 Loaded shared library C:\Users\IS AH MF\.vscode\extensions\redhat.java-1.54.0-win32-x64\jre\21.0.10-win32-x86_64\bin\nio.dll
Event: 0.578 Loaded shared library C:\Users\IS AH MF\.vscode\extensions\redhat.java-1.54.0-win32-x64\jre\21.0.10-win32-x86_64\bin\zip.dll
Event: 0.650 Loaded shared library C:\Users\IS AH MF\.vscode\extensions\redhat.java-1.54.0-win32-x64\jre\21.0.10-win32-x86_64\bin\jimage.dll
Event: 1.284 Loaded shared library c:\Users\IS AH MF\.vscode\extensions\redhat.java-1.54.0-win32-x64\jre\21.0.10-win32-x86_64\bin\verify.dll
Event: 48.125 Loaded shared library C:\Users\IS AH MF\AppData\Roaming\Code\User\globalStorage\redhat.java\1.54.0\config_win\org.eclipse.equinox.launcher\org.eclipse.equinox.launcher.win32.win32.x86_64_1.3.0.v20260203-2149\eclipse_11919.dll
Event: 98.631 Loaded shared library C:\Users\IS AH MF\AppData\Local\Temp\jna-2836924\jna15683814766376392958.dll
Event: 106.672 Loaded shared library C:\Users\IS AH MF\.vscode\extensions\redhat.java-1.54.0-win32-x64\jre\21.0.10-win32-x86_64\bin\sunmscapi.dll
Event: 109.659 Loaded shared library C:\Users\IS AH MF\.vscode\extensions\redhat.java-1.54.0-win32-x64\jre\21.0.10-win32-x86_64\bin\extnet.dll

Deoptimization events (20 events):
Event: 9047.091 Thread 0x0000023888cb3200 Uncommon trap: trap_request=0xffffff76 fr.pc=0x00000238a9a80648 relative=0x00000000000004e8
Event: 9047.091 Thread 0x0000023888cb3200 Uncommon trap: reason=predicate action=maybe_recompile pc=0x00000238a9a80648 method=org.eclipse.jdt.internal.compiler.parser.Scanner.checkTaskTag(II)V @ 539 c2
Event: 9047.091 Thread 0x0000023888cb3200 DEOPT PACKING pc=0x00000238a9a80648 sp=0x00000054800fe4e0
Event: 9047.091 Thread 0x0000023888cb3200 DEOPT UNPACKING pc=0x00000238a83c3aa2 sp=0x00000054800fe438 mode 2
Event: 9047.091 Thread 0x0000023888cb3200 Uncommon trap: trap_request=0xffffff45 fr.pc=0x00000238a9a7e8a4 relative=0x0000000000000084
Event: 9047.091 Thread 0x0000023888cb3200 Uncommon trap: reason=unstable_if action=reinterpret pc=0x00000238a9a7e8a4 method=org.eclipse.jdt.internal.compiler.parser.ScannerHelper.isJavaIdentifierPart(JC)Z @ 4 c2
Event: 9047.091 Thread 0x0000023888cb3200 DEOPT PACKING pc=0x00000238a9a7e8a4 sp=0x00000054800fe430
Event: 9047.091 Thread 0x0000023888cb3200 DEOPT UNPACKING pc=0x00000238a83c3aa2 sp=0x00000054800fe3c8 mode 2
Event: 9047.127 Thread 0x0000023888cb3200 Uncommon trap: trap_request=0xffffff54 fr.pc=0x00000238a8f15188 relative=0x0000000000002788
Event: 9047.127 Thread 0x0000023888cb3200 Uncommon trap: reason=speculate_null_assert action=make_not_entrant pc=0x00000238a8f15188 method=lombok.eclipse.EclipseAST.getTopLevelTypeReferenceAnnotations(Lorg/eclipse/jdt/internal/compiler/ast/TypeReference;)[Lorg/eclipse/jdt/internal/compiler/ast/An
Event: 9047.127 Thread 0x0000023888cb3200 DEOPT PACKING pc=0x00000238a8f15188 sp=0x00000054800fd970
Event: 9047.127 Thread 0x0000023888cb3200 DEOPT UNPACKING pc=0x00000238a83c3aa2 sp=0x00000054800fd8e8 mode 2
Event: 9047.127 Thread 0x0000023888cb3200 Uncommon trap: trap_request=0xffffff45 fr.pc=0x00000238a92efbcc relative=0x0000000000000c0c
Event: 9047.127 Thread 0x0000023888cb3200 Uncommon trap: reason=unstable_if action=reinterpret pc=0x00000238a92efbcc method=lombok.core.LombokNode.up()Llombok/core/LombokNode; @ 21 c2
Event: 9047.127 Thread 0x0000023888cb3200 DEOPT PACKING pc=0x00000238a92efbcc sp=0x00000054800fdd10
Event: 9047.127 Thread 0x0000023888cb3200 DEOPT UNPACKING pc=0x00000238a83c3aa2 sp=0x00000054800fdc48 mode 2
Event: 9047.128 Thread 0x0000023888cb3200 Uncommon trap: trap_request=0xffffff45 fr.pc=0x00000238a9804814 relative=0x0000000000000074
Event: 9047.128 Thread 0x0000023888cb3200 Uncommon trap: reason=unstable_if action=reinterpret pc=0x00000238a9804814 method=lombok.core.LombokNode.up()Llombok/core/LombokNode; @ 21 c2
Event: 9047.128 Thread 0x0000023888cb3200 DEOPT PACKING pc=0x00000238a9804814 sp=0x00000054800fdb70
Event: 9047.128 Thread 0x0000023888cb3200 DEOPT UNPACKING pc=0x00000238a83c3aa2 sp=0x00000054800fdb08 mode 2

Classes loaded (20 events):
Event: 8156.502 Loading class jdk/internal/module/IllegalAccessLogger
Event: 8156.502 Loading class jdk/internal/module/IllegalAccessLogger done
Event: 8238.514 Loading class java/util/Spliterators$IntArraySpliterator
Event: 8238.515 Loading class java/util/Spliterators$IntArraySpliterator done
Event: 8239.249 Loading class java/util/function/IntPredicate
Event: 8239.250 Loading class java/util/function/IntPredicate done
Event: 8239.316 Loading class java/util/regex/Pattern$Bound
Event: 8239.317 Loading class java/util/regex/Pattern$Bound done
Event: 8247.838 Loading class jdk/internal/module/IllegalAccessLogger
Event: 8247.838 Loading class jdk/internal/module/IllegalAccessLogger done
Event: 8302.112 Loading class jdk/internal/module/IllegalAccessLogger
Event: 8302.112 Loading class jdk/internal/module/IllegalAccessLogger done
Event: 8324.967 Loading class jdk/internal/module/IllegalAccessLogger
Event: 8324.967 Loading class jdk/internal/module/IllegalAccessLogger done
Event: 8376.706 Loading class jdk/internal/module/IllegalAccessLogger
Event: 8376.706 Loading class jdk/internal/module/IllegalAccessLogger done
Event: 8421.942 Loading class jdk/internal/module/IllegalAccessLogger
Event: 8421.942 Loading class jdk/internal/module/IllegalAccessLogger done
Event: 9045.750 Loading class jdk/internal/module/IllegalAccessLogger
Event: 9045.750 Loading class jdk/internal/module/IllegalAccessLogger done

Classes unloaded (20 events):
Event: 8159.591 Thread 0x000002389dcf1f00 Unloading class 0x00000238b6890400 'java/lang/invoke/LambdaForm$MH+0x00000238b6890400'
Event: 8159.591 Thread 0x000002389dcf1f00 Unloading class 0x00000238b688bc00 'java/lang/invoke/LambdaForm$MH+0x00000238b688bc00'
Event: 8159.591 Thread 0x000002389dcf1f00 Unloading class 0x00000238b688b800 'java/lang/invoke/LambdaForm$MH+0x00000238b688b800'
Event: 8159.591 Thread 0x000002389dcf1f00 Unloading class 0x00000238b688b400 'java/lang/invoke/LambdaForm$MH+0x00000238b688b400'
Event: 8159.591 Thread 0x000002389dcf1f00 Unloading class 0x00000238b6884800 'java/lang/invoke/LambdaForm$MH+0x00000238b6884800'
Event: 8159.591 Thread 0x000002389dcf1f00 Unloading class 0x00000238b6884000 'java/lang/invoke/LambdaForm$MH+0x00000238b6884000'
Event: 8159.591 Thread 0x000002389dcf1f00 Unloading class 0x00000238b62a1800 'java/lang/invoke/LambdaForm$MH+0x00000238b62a1800'
Event: 8159.591 Thread 0x000002389dcf1f00 Unloading class 0x00000238b62a3400 'java/lang/invoke/LambdaForm$MH+0x00000238b62a3400'
Event: 8159.591 Thread 0x000002389dcf1f00 Unloading class 0x00000238b62a4800 'java/lang/invoke/LambdaForm$MH+0x00000238b62a4800'
Event: 8159.591 Thread 0x000002389dcf1f00 Unloading class 0x00000238b62a7c00 'java/lang/invoke/LambdaForm$MH+0x00000238b62a7c00'
Event: 8159.591 Thread 0x000002389dcf1f00 Unloading class 0x00000238b62a9800 'java/lang/invoke/LambdaForm$MH+0x00000238b62a9800'
Event: 8159.591 Thread 0x000002389dcf1f00 Unloading class 0x00000238b62aa400 'java/lang/invoke/LambdaForm$MH+0x00000238b62aa400'
Event: 8159.591 Thread 0x000002389dcf1f00 Unloading class 0x00000238b62bd000 'java/lang/invoke/LambdaForm$MH+0x00000238b62bd000'
Event: 8159.591 Thread 0x000002389dcf1f00 Unloading class 0x00000238b6334000 'java/lang/invoke/LambdaForm$MH+0x00000238b6334000'
Event: 8159.591 Thread 0x000002389dcf1f00 Unloading class 0x00000238b6585c00 'java/lang/invoke/LambdaForm$MH+0x00000238b6585c00'
Event: 8159.592 Thread 0x000002389dcf1f00 Unloading class 0x00000238b67bc800 'java/lang/invoke/LambdaForm$MH+0x00000238b67bc800'
Event: 8159.592 Thread 0x000002389dcf1f00 Unloading class 0x00000238b6800c00 'java/lang/invoke/LambdaForm$MH+0x00000238b6800c00'
Event: 8159.592 Thread 0x000002389dcf1f00 Unloading class 0x00000238b6801c00 'java/lang/invoke/LambdaForm$MH+0x00000238b6801c00'
Event: 8159.592 Thread 0x000002389dcf1f00 Unloading class 0x00000238b682fc00 'java/lang/invoke/LambdaForm$MH+0x00000238b682fc00'
Event: 8159.592 Thread 0x000002389dcf1f00 Unloading class 0x00000238b6014800 'java/lang/invoke/LambdaForm$MH+0x00000238b6014800'

Classes redefined (0 events):
No events

Internal exceptions (20 events):
Event: 8672.051 Thread 0x00000238fdb1d3f0 Exception <a 'sun/nio/fs/WindowsException'{0x00000000d5a4eac0}> (0x00000000d5a4eac0) 
thrown [s\src\hotspot\share\prims\jni.cpp, line 520]
Event: 8672.051 Thread 0x00000238fdb1d3f0 Exception <a 'sun/nio/fs/WindowsException'{0x00000000d5a4f478}> (0x00000000d5a4f478) 
thrown [s\src\hotspot\share\prims\jni.cpp, line 520]
Event: 9034.627 Thread 0x00000238fcdb42c0 Implicit null exception at 0x00000238a92f206c to 0x00000238a92f3fec
Event: 9041.150 Thread 0x00000238fcdb4950 Implicit null exception at 0x00000238a8b59c10 to 0x00000238a8b5a944
Event: 9041.415 Thread 0x00000238fcdb4950 Implicit null exception at 0x00000238aa359c7e to 0x00000238aa359f06
Event: 9045.469 Thread 0x00000238fdb1cd60 Exception <a 'java/lang/IncompatibleClassChangeError'{0x00000000d5641a98}: Found class java.lang.Object, but interface was expected> (0x00000000d5641a98) 
thrown [s\src\hotspot\share\interpreter\linkResolver.cpp, line 840]
Event: 9046.050 Thread 0x00000238fcdb2f10 Exception <a 'sun/nio/fs/WindowsException'{0x00000000d56bd1f8}> (0x00000000d56bd1f8) 
thrown [s\src\hotspot\share\prims\jni.cpp, line 520]
Event: 9046.068 Thread 0x00000238fcdb5670 Exception <a 'sun/nio/fs/WindowsException'{0x00000000d571e8f8}> (0x00000000d571e8f8) 
thrown [s\src\hotspot\share\prims\jni.cpp, line 520]
Event: 9046.075 Thread 0x00000238fdb18530 Implicit null exception at 0x00000238a98330ee to 0x00000238a9833b6b
Event: 9046.250 Thread 0x0000023888cb3200 Exception <a 'sun/nio/fs/WindowsException'{0x00000000d57017a8}> (0x00000000d57017a8) 
thrown [s\src\hotspot\share\prims\jni.cpp, line 520]
Event: 9046.406 Thread 0x00000238fcdb8af0 Exception <a 'sun/nio/fs/WindowsException'{0x00000000d57728c0}> (0x00000000d57728c0) 
thrown [s\src\hotspot\share\prims\jni.cpp, line 520]
Event: 9046.407 Thread 0x00000238fcdb8af0 Exception <a 'sun/nio/fs/WindowsException'{0x00000000d5773ad8}> (0x00000000d5773ad8) 
thrown [s\src\hotspot\share\prims\jni.cpp, line 520]
Event: 9046.411 Thread 0x00000238fcdb8af0 Exception <a 'sun/nio/fs/WindowsException'{0x00000000d57769a0}> (0x00000000d57769a0) 
thrown [s\src\hotspot\share\prims\jni.cpp, line 520]
Event: 9046.412 Thread 0x00000238fcdb8af0 Exception <a 'sun/nio/fs/WindowsException'{0x00000000d5778390}> (0x00000000d5778390) 
thrown [s\src\hotspot\share\prims\jni.cpp, line 520]
Event: 9046.413 Thread 0x00000238fcdb8af0 Exception <a 'sun/nio/fs/WindowsException'{0x00000000d577a508}> (0x00000000d577a508) 
thrown [s\src\hotspot\share\prims\jni.cpp, line 520]
Event: 9046.436 Thread 0x00000238fcdb8af0 Exception <a 'sun/nio/fs/WindowsException'{0x00000000d577dc40}> (0x00000000d577dc40) 
thrown [s\src\hotspot\share\prims\jni.cpp, line 520]
Event: 9046.448 Thread 0x00000238fcdb70b0 Exception <a 'sun/nio/fs/WindowsException'{0x00000000d5580ac8}> (0x00000000d5580ac8) 
thrown [s\src\hotspot\share\prims\jni.cpp, line 520]
Event: 9046.448 Thread 0x00000238fcdb3c30 Exception <a 'sun/nio/fs/WindowsException'{0x00000000d5583900}> (0x00000000d5583900) 
thrown [s\src\hotspot\share\prims\jni.cpp, line 520]
Event: 9046.449 Thread 0x00000238fcdb70b0 Exception <a 'sun/nio/fs/WindowsException'{0x00000000d558b348}> (0x00000000d558b348) 
thrown [s\src\hotspot\share\prims\jni.cpp, line 520]
Event: 9046.450 Thread 0x00000238fcdb3c30 Exception <a 'sun/nio/fs/WindowsException'{0x00000000d558f778}> (0x00000000d558f778) 
thrown [s\src\hotspot\share\prims\jni.cpp, line 520]

ZGC Phase Switch (0 events):
No events

VM Operations (20 events):
Event: 9045.625 Executing safepoint VM operation: ParallelGCFailedAllocation (Allocation Failure)
Event: 9045.631 Executing safepoint VM operation: ParallelGCFailedAllocation (Allocation Failure) done
Event: 9045.713 Executing safepoint VM operation: ParallelGCFailedAllocation (Allocation Failure)
Event: 9045.718 Executing safepoint VM operation: ParallelGCFailedAllocation (Allocation Failure) done
Event: 9045.740 Executing safepoint VM operation: ParallelGCFailedAllocation (Allocation Failure)
Event: 9045.749 Executing safepoint VM operation: ParallelGCFailedAllocation (Allocation Failure) done
Event: 9045.865 Executing safepoint VM operation: ParallelGCFailedAllocation (Allocation Failure)
Event: 9045.877 Executing safepoint VM operation: ParallelGCFailedAllocation (Allocation Failure) done
Event: 9046.221 Executing safepoint VM operation: ParallelGCFailedAllocation (Allocation Failure)
Event: 9046.227 Executing safepoint VM operation: ParallelGCFailedAllocation (Allocation Failure) done
Event: 9046.436 Executing safepoint VM operation: ParallelGCFailedAllocation (Allocation Failure)
Event: 9046.447 Executing safepoint VM operation: ParallelGCFailedAllocation (Allocation Failure) done
Event: 9046.872 Executing safepoint VM operation: ParallelGCFailedAllocation (Allocation Failure)
Event: 9046.876 Executing safepoint VM operation: ParallelGCFailedAllocation (Allocation Failure) done
Event: 9046.945 Executing safepoint VM operation: ParallelGCFailedAllocation (Allocation Failure)
Event: 9046.951 Executing safepoint VM operation: ParallelGCFailedAllocation (Allocation Failure) done
Event: 9047.024 Executing safepoint VM operation: ParallelGCFailedAllocation (Allocation Failure)
Event: 9047.030 Executing safepoint VM operation: ParallelGCFailedAllocation (Allocation Failure) done
Event: 9047.100 Executing safepoint VM operation: ParallelGCFailedAllocation (Allocation Failure)
Event: 9047.109 Executing safepoint VM operation: ParallelGCFailedAllocation (Allocation Failure) done

Memory protections (0 events):
No events

Nmethod flushes (20 events):
Event: 8160.000 Thread 0x000002389dcf1f00 flushing  nmethod 0x00000238a38c4b90
Event: 8160.000 Thread 0x000002389dcf1f00 flushing  nmethod 0x00000238a38c5690
Event: 8160.000 Thread 0x000002389dcf1f00 flushing  nmethod 0x00000238a38cb010
Event: 8160.000 Thread 0x000002389dcf1f00 flushing  nmethod 0x00000238a38e0190
Event: 8160.000 Thread 0x000002389dcf1f00 flushing  nmethod 0x00000238a38e1710
Event: 8160.000 Thread 0x000002389dcf1f00 flushing  nmethod 0x00000238a38e1f10
Event: 8160.000 Thread 0x000002389dcf1f00 flushing  nmethod 0x00000238a38e3090
Event: 8160.000 Thread 0x000002389dcf1f00 flushing  nmethod 0x00000238a38f5510
Event: 8160.000 Thread 0x000002389dcf1f00 flushing  nmethod 0x00000238a3911110
Event: 8160.000 Thread 0x000002389dcf1f00 flushing  nmethod 0x00000238a391cc10
Event: 8160.000 Thread 0x000002389dcf1f00 flushing  nmethod 0x00000238a3930990
Event: 8160.000 Thread 0x000002389dcf1f00 flushing  nmethod 0x00000238a3937310
Event: 8160.000 Thread 0x000002389dcf1f00 flushing  nmethod 0x00000238a3938690
Event: 8160.000 Thread 0x000002389dcf1f00 flushing  nmethod 0x00000238a39aa790
Event: 8160.000 Thread 0x000002389dcf1f00 flushing osr nmethod 0x00000238a39d9590
Event: 8160.000 Thread 0x000002389dcf1f00 flushing  nmethod 0x00000238a3a1aa90
Event: 8160.000 Thread 0x000002389dcf1f00 flushing  nmethod 0x00000238a3a25890
Event: 8160.000 Thread 0x000002389dcf1f00 flushing  nmethod 0x00000238a3a4ea90
Event: 8160.000 Thread 0x000002389dcf1f00 flushing  nmethod 0x00000238a3aabf90
Event: 8160.000 Thread 0x000002389dcf1f00 flushing  nmethod 0x00000238a3bb3a10

Events (20 events):
Event: 8676.532 Thread 0x0000023888caf060 Thread exited: 0x0000023888caf060
Event: 8713.932 Thread 0x0000023888caf6f0 Thread exited: 0x0000023888caf6f0
Event: 8721.846 Thread 0x0000023888cb1130 Thread exited: 0x0000023888cb1130
Event: 9028.888 Thread 0x00000238fdb1cd60 Thread added: 0x00000238fcdb2880
Event: 9029.340 Thread 0x00000238fcdb2880 Thread added: 0x00000238fcdb42c0
Event: 9029.340 Thread 0x00000238fcdb2880 Thread added: 0x00000238fcdb4950
Event: 9034.689 Thread 0x000002389db997e0 Thread added: 0x00000238fbfb9ed0
Event: 9035.454 Thread 0x00000238fbfb9ed0 Thread exited: 0x00000238fbfb9ed0
Event: 9036.470 Thread 0x000002389db997e0 Thread added: 0x00000238fbfb9ed0
Event: 9039.606 Thread 0x00000238fbfb9ed0 Thread exited: 0x00000238fbfb9ed0
Event: 9041.754 Thread 0x000002389db997e0 Thread added: 0x00000238fbfb6f20
Event: 9045.109 Thread 0x00000238fbfb6f20 Thread exited: 0x00000238fbfb6f20
Event: 9045.342 Thread 0x00000238fdb1cd60 Thread added: 0x00000238fcdb5670
Event: 9045.450 Thread 0x00000238fcdb5670 Thread added: 0x00000238fcdb6a20
Event: 9045.751 Thread 0x00000238fcdb5670 Thread added: 0x00000238fcdb5d00
Event: 9045.902 Thread 0x00000238fcdb5670 Thread added: 0x00000238fcdb2f10
Event: 9046.250 Thread 0x0000023888cb3200 Thread added: 0x00000238fcdb8af0
Event: 9046.407 Thread 0x00000238fcdb8af0 Thread added: 0x00000238fcdb3c30
Event: 9046.407 Thread 0x00000238fcdb8af0 Thread added: 0x00000238fcdb70b0
Event: 9046.448 Thread 0x00000238fcdb70b0 Thread added: 0x00000238fcdb1b60


Dynamic libraries:
0x00007ff69c140000 - 0x00007ff69c14e000 	c:\Users\IS AH MF\.vscode\extensions\redhat.java-1.54.0-win32-x64\jre\21.0.10-win32-x86_64\bin\java.exe
0x00007ffbb5530000 - 0x00007ffbb5728000 	C:\Windows\SYSTEM32\ntdll.dll
0x00007ffbb37c0000 - 0x00007ffbb387d000 	C:\Windows\System32\KERNEL32.DLL
0x00007ffbb2f00000 - 0x00007ffbb31f6000 	C:\Windows\System32\KERNELBASE.dll
0x00007ffbb2c90000 - 0x00007ffbb2d90000 	C:\Windows\System32\ucrtbase.dll
0x00007ffb76f80000 - 0x00007ffb76f98000 	c:\Users\IS AH MF\.vscode\extensions\redhat.java-1.54.0-win32-x64\jre\21.0.10-win32-x86_64\bin\jli.dll
0x00007ffbb4280000 - 0x00007ffbb441e000 	C:\Windows\System32\USER32.dll
0x00007ffbb2ed0000 - 0x00007ffbb2ef2000 	C:\Windows\System32\win32u.dll
0x00007ffbb3790000 - 0x00007ffbb37bb000 	C:\Windows\System32\GDI32.dll
0x00007ffbb3200000 - 0x00007ffbb3317000 	C:\Windows\System32\gdi32full.dll
0x00007ffbb2e30000 - 0x00007ffbb2ecd000 	C:\Windows\System32\msvcp_win.dll
0x00007ffb76ec0000 - 0x00007ffb76ede000 	c:\Users\IS AH MF\.vscode\extensions\redhat.java-1.54.0-win32-x64\jre\21.0.10-win32-x86_64\bin\VCRUNTIME140.dll
0x00007ffba24d0000 - 0x00007ffba276a000 	C:\Windows\WinSxS\amd64_microsoft.windows.common-controls_6595b64144ccf1df_6.0.19041.3636_none_60b6a03d71f818d5\COMCTL32.dll
0x00007ffbb4450000 - 0x00007ffbb44ee000 	C:\Windows\System32\msvcrt.dll
0x00007ffbb3570000 - 0x00007ffbb35a2000 	C:\Windows\System32\IMM32.DLL
0x00007ffba4c40000 - 0x00007ffba4c4c000 	c:\Users\IS AH MF\.vscode\extensions\redhat.java-1.54.0-win32-x64\jre\21.0.10-win32-x86_64\bin\vcruntime140_1.dll
0x00007ffb6da60000 - 0x00007ffb6daed000 	c:\Users\IS AH MF\.vscode\extensions\redhat.java-1.54.0-win32-x64\jre\21.0.10-win32-x86_64\bin\msvcp140.dll
0x00007ffb21a90000 - 0x00007ffb22831000 	c:\Users\IS AH MF\.vscode\extensions\redhat.java-1.54.0-win32-x64\jre\21.0.10-win32-x86_64\bin\server\jvm.dll
0x00007ffbb4770000 - 0x00007ffbb4820000 	C:\Windows\System32\ADVAPI32.dll
0x00007ffbb5450000 - 0x00007ffbb54f0000 	C:\Windows\System32\sechost.dll
0x00007ffbb3660000 - 0x00007ffbb3785000 	C:\Windows\System32\RPCRT4.dll
0x00007ffbb2d90000 - 0x00007ffbb2db7000 	C:\Windows\System32\bcrypt.dll
0x00007ffbb4180000 - 0x00007ffbb41eb000 	C:\Windows\System32\WS2_32.dll
0x00007ffbb2ac0000 - 0x00007ffbb2b0b000 	C:\Windows\SYSTEM32\POWRPROF.dll
0x00007ffba0160000 - 0x00007ffba0187000 	C:\Windows\SYSTEM32\WINMM.dll
0x00007ffba75e0000 - 0x00007ffba75ea000 	C:\Windows\SYSTEM32\VERSION.dll
0x00007ffbb2aa0000 - 0x00007ffbb2ab2000 	C:\Windows\SYSTEM32\UMPDC.dll
0x00007ffbb0a90000 - 0x00007ffbb0aa2000 	C:\Windows\SYSTEM32\kernel.appcore.dll
0x00007ffba2050000 - 0x00007ffba205a000 	c:\Users\IS AH MF\.vscode\extensions\redhat.java-1.54.0-win32-x64\jre\21.0.10-win32-x86_64\bin\jimage.dll
0x00007ffba15c0000 - 0x00007ffba17a4000 	C:\Windows\SYSTEM32\DBGHELP.DLL
0x00007ffb8f200000 - 0x00007ffb8f234000 	C:\Windows\SYSTEM32\dbgcore.DLL
0x00007ffbb34d0000 - 0x00007ffbb3552000 	C:\Windows\System32\bcryptPrimitives.dll
0x00007ffb9eff0000 - 0x00007ffb9efff000 	c:\Users\IS AH MF\.vscode\extensions\redhat.java-1.54.0-win32-x64\jre\21.0.10-win32-x86_64\bin\instrument.dll
0x00007ffb76ea0000 - 0x00007ffb76ec0000 	c:\Users\IS AH MF\.vscode\extensions\redhat.java-1.54.0-win32-x64\jre\21.0.10-win32-x86_64\bin\java.dll
0x00007ffbb3960000 - 0x00007ffbb40cb000 	C:\Windows\System32\SHELL32.dll
0x00007ffbb0c90000 - 0x00007ffbb142e000 	C:\Windows\SYSTEM32\windows.storage.dll
0x00007ffbb4ee0000 - 0x00007ffbb5233000 	C:\Windows\System32\combase.dll
0x00007ffbb2540000 - 0x00007ffbb256e000 	C:\Windows\SYSTEM32\Wldp.dll
0x00007ffbb44f0000 - 0x00007ffbb45bd000 	C:\Windows\System32\OLEAUT32.dll
0x00007ffbb40d0000 - 0x00007ffbb417d000 	C:\Windows\System32\SHCORE.dll
0x00007ffbb45c0000 - 0x00007ffbb4615000 	C:\Windows\System32\shlwapi.dll
0x00007ffbb2b10000 - 0x00007ffbb2b35000 	C:\Windows\SYSTEM32\profapi.dll
0x00007ffb74820000 - 0x00007ffb74838000 	c:\Users\IS AH MF\.vscode\extensions\redhat.java-1.54.0-win32-x64\jre\21.0.10-win32-x86_64\bin\zip.dll
0x00007ffb99e50000 - 0x00007ffb99e60000 	C:\Users\IS AH MF\.vscode\extensions\redhat.java-1.54.0-win32-x64\jre\21.0.10-win32-x86_64\bin\net.dll
0x00007ffbad2a0000 - 0x00007ffbad3aa000 	C:\Windows\SYSTEM32\WINHTTP.dll
0x00007ffbb22a0000 - 0x00007ffbb230a000 	C:\Windows\system32\mswsock.dll
0x00007ffb74160000 - 0x00007ffb74176000 	C:\Users\IS AH MF\.vscode\extensions\redhat.java-1.54.0-win32-x64\jre\21.0.10-win32-x86_64\bin\nio.dll
0x00007ffb91170000 - 0x00007ffb91180000 	c:\Users\IS AH MF\.vscode\extensions\redhat.java-1.54.0-win32-x64\jre\21.0.10-win32-x86_64\bin\verify.dll
0x00007ffb78bc0000 - 0x00007ffb78c05000 	C:\Users\IS AH MF\AppData\Roaming\Code\User\globalStorage\redhat.java\1.54.0\config_win\org.eclipse.equinox.launcher\org.eclipse.equinox.launcher.win32.win32.x86_64_1.3.0.v20260203-2149\eclipse_11919.dll
0x00007ffbb4820000 - 0x00007ffbb494b000 	C:\Windows\System32\ole32.dll
0x00007ffbb2490000 - 0x00007ffbb24a8000 	C:\Windows\SYSTEM32\CRYPTSP.dll
0x00007ffbb1bd0000 - 0x00007ffbb1c04000 	C:\Windows\system32\rsaenh.dll
0x00007ffbb2a20000 - 0x00007ffbb2a4e000 	C:\Windows\SYSTEM32\USERENV.dll
0x00007ffbb24b0000 - 0x00007ffbb24bc000 	C:\Windows\SYSTEM32\CRYPTBASE.dll
0x00007ffbb1f90000 - 0x00007ffbb1fcb000 	C:\Windows\SYSTEM32\IPHLPAPI.DLL
0x00007ffbb3560000 - 0x00007ffbb3568000 	C:\Windows\System32\NSI.dll
0x00007ffb6d770000 - 0x00007ffb6d7b9000 	C:\Users\IS AH MF\AppData\Local\Temp\jna-2836924\jna15683814766376392958.dll
0x00007ffbb4700000 - 0x00007ffbb4708000 	C:\Windows\System32\PSAPI.DLL
0x00007ffbac200000 - 0x00007ffbac217000 	C:\Windows\SYSTEM32\dhcpcsvc6.DLL
0x00007ffbac1e0000 - 0x00007ffbac1fd000 	C:\Windows\SYSTEM32\dhcpcsvc.DLL
0x00007ffb9f010000 - 0x00007ffb9f01e000 	C:\Users\IS AH MF\.vscode\extensions\redhat.java-1.54.0-win32-x64\jre\21.0.10-win32-x86_64\bin\sunmscapi.dll
0x00007ffbb3320000 - 0x00007ffbb347d000 	C:\Windows\System32\CRYPT32.dll
0x00007ffbb25b0000 - 0x00007ffbb25d8000 	C:\Windows\SYSTEM32\ncrypt.dll
0x00007ffbb2570000 - 0x00007ffbb25ab000 	C:\Windows\SYSTEM32\NTASN1.dll
0x00007ffbb1fd0000 - 0x00007ffbb209b000 	C:\Windows\SYSTEM32\DNSAPI.dll
0x00007ffba8f30000 - 0x00007ffba8f3a000 	C:\Windows\System32\rasadhlp.dll
0x00007ffba9df0000 - 0x00007ffba9e70000 	C:\Windows\System32\fwpuclnt.dll
0x00007ffb9f000000 - 0x00007ffb9f009000 	C:\Users\IS AH MF\.vscode\extensions\redhat.java-1.54.0-win32-x64\jre\21.0.10-win32-x86_64\bin\extnet.dll

JVMTI agents:
c:\Users\IS AH MF\.vscode\extensions\redhat.java-1.54.0-win32-x64\lombok\lombok-1.18.39-4050.jar path:c:\Users\IS AH MF\.vscode\extensions\redhat.java-1.54.0-win32-x64\jre\21.0.10-win32-x86_64\bin\instrument.dll, loaded, initialized, instrumentlib options:none

dbghelp: loaded successfully - version: 4.0.5 - missing functions: none
symbol engine: initialized successfully - sym options: 0x614 - pdb path: .;c:\Users\IS AH MF\.vscode\extensions\redhat.java-1.54.0-win32-x64\jre\21.0.10-win32-x86_64\bin;C:\Windows\SYSTEM32;C:\Windows\WinSxS\amd64_microsoft.windows.common-controls_6595b64144ccf1df_6.0.19041.3636_none_60b6a03d71f818d5;c:\Users\IS AH MF\.vscode\extensions\redhat.java-1.54.0-win32-x64\jre\21.0.10-win32-x86_64\bin\server;C:\Users\IS AH MF\AppData\Roaming\Code\User\globalStorage\redhat.java\1.54.0\config_win\org.eclipse.equinox.launcher\org.eclipse.equinox.launcher.win32.win32.x86_64_1.3.0.v20260203-2149;C:\Users\IS AH MF\AppData\Local\Temp\jna-2836924

VM Arguments:
jvm_args: --add-modules=ALL-SYSTEM --add-opens=java.base/java.util=ALL-UNNAMED --add-opens=java.base/java.lang=ALL-UNNAMED --add-opens=java.base/sun.nio.fs=ALL-UNNAMED -Declipse.application=org.eclipse.jdt.ls.core.id1 -Dosgi.bundles.defaultStartLevel=4 -Declipse.product=org.eclipse.jdt.ls.core.product -Djava.import.generatesMetadataFilesAtProjectRoot=false -DDetectVMInstallationsJob.disabled=true -Dfile.encoding=utf8 -XX:+UseParallelGC -XX:GCTimeRatio=4 -XX:AdaptiveSizePolicyWeight=90 -Dsun.zip.disableMemoryMapping=true -Xmx2G -Xms100m -Xlog:disable -javaagent:c:\Users\IS AH MF\.vscode\extensions\redhat.java-1.54.0-win32-x64\lombok\lombok-1.18.39-4050.jar -XX:+HeapDumpOnOutOfMemoryError -XX:HeapDumpPath=c:\Users\IS AH MF\AppData\Roaming\Code\User\workspaceStorage\c74fae60e314a275d84331bf55aff286\redhat.java -Daether.dependencyCollector.impl=bf 
java_command: c:\Users\IS AH MF\.vscode\extensions\redhat.java-1.54.0-win32-x64\server\plugins\org.eclipse.equinox.launcher_1.7.100.v20251111-0406.jar -configuration c:\Users\IS AH MF\AppData\Roaming\Code\User\globalStorage\redhat.java\1.54.0\config_win -data c:\Users\IS AH MF\AppData\Roaming\Code\User\workspaceStorage\c74fae60e314a275d84331bf55aff286\redhat.java\jdt_ws --pipe=\\.\pipe\lsp-ca15ed79a960d9f1e53d374f56642c6e-sock
java_class_path (initial): c:\Users\IS AH MF\.vscode\extensions\redhat.java-1.54.0-win32-x64\server\plugins\org.eclipse.equinox.launcher_1.7.100.v20251111-0406.jar
Launcher Type: SUN_STANDARD

[Global flags]
    uintx AdaptiveSizePolicyWeight                 = 90                                        {product} {command line}
     intx CICompilerCount                          = 3                                         {product} {ergonomic}
    uintx GCTimeRatio                              = 4                                         {product} {command line}
     bool HeapDumpOnOutOfMemoryError               = true                                   {manageable} {command line}
    ccstr HeapDumpPath                             = c:\Users\IS AH MF\AppData\Roaming\Code\User\workspaceStorage\c74fae60e314a275d84331bf55aff286\redhat.java         {manageable} {command line}
   size_t InitialHeapSize                          = 104857600                                 {product} {command line}
   size_t MaxHeapSize                              = 2147483648                                {product} {command line}
   size_t MaxNewSize                               = 715653120                                 {product} {ergonomic}
   size_t MinHeapDeltaBytes                        = 524288                                    {product} {ergonomic}
   size_t MinHeapSize                              = 104857600                                 {product} {command line}
   size_t NewSize                                  = 34603008                                  {product} {ergonomic}
    uintx NonNMethodCodeHeapSize                   = 5832780                                {pd product} {ergonomic}
    uintx NonProfiledCodeHeapSize                  = 122912730                              {pd product} {ergonomic}
   size_t OldSize                                  = 70254592                                  {product} {ergonomic}
    uintx ProfiledCodeHeapSize                     = 122912730                              {pd product} {ergonomic}
    uintx ReservedCodeCacheSize                    = 251658240                              {pd product} {ergonomic}
     bool SegmentedCodeCache                       = true                                      {product} {ergonomic}
   size_t SoftMaxHeapSize                          = 2147483648                             {manageable} {ergonomic}
     bool UseCompressedOops                        = true                           {product lp64_product} {ergonomic}
     bool UseLargePagesIndividualAllocation        = false                                  {pd product} {ergonomic}
     bool UseParallelGC                            = true                                      {product} {command line}

Logging:
Log output configuration:
 #0: stdout all=off uptime,level,tags foldmultilines=false
 #1: stderr all=off uptime,level,tags foldmultilines=false

Release file:
JAVA_VERSION="21.0.10" 
MODULES="java.base java.compiler java.datatransfer java.xml java.prefs java.desktop java.instrument java.logging java.management java.security.sasl java.naming java.rmi java.management.rmi java.net.http java.scripting java.security.jgss java.transaction.xa java.sql java.sql.rowset java.xml.crypto java.se java.smartcardio jdk.accessibility jdk.internal.jvmstat jdk.attach jdk.charsets jdk.internal.opt jdk.zipfs jdk.compiler jdk.crypto.ec jdk.crypto.cryptoki jdk.crypto.mscapi jdk.dynalink jdk.internal.ed jdk.editpad jdk.hotspot.agent jdk.httpserver jdk.internal.le jdk.internal.vm.ci jdk.internal.vm.compiler jdk.internal.vm.compiler.management jdk.jartool jdk.javadoc jdk.jcmd jdk.management jdk.management.agent jdk.jconsole jdk.jdeps jdk.jdwp.agent jdk.jdi jdk.jfr jdk.jshell jdk.jsobject jdk.jstatd jdk.localedata jdk.management.jfr jdk.naming.dns jdk.naming.rmi jdk.net jdk.nio.mapmode jdk.random jdk.sctp jdk.security.auth jdk.security.jgss jdk.unsupported jdk.unsupported.desktop jdk.xml.dom" 

Environment Variables:
JAVA_HOME=C:\Program Files\Eclipse Adoptium\jdk-25.0.2.10-hotspot
PATH=C:\Users\IS AH MF\AppData\Local\Programs\Microsoft VS Code;C:\Program Files\Eclipse Adoptium\jdk-25.0.2.10-hotspot\bin;C:\python310\Scripts\;C:\python310\;C:\Program Files\Java\jdk-17\bin;F:\sm1\db2\orcel\dbhomeFree\bin;C:\Windows\system32;C:\Windows;C:\Windows\System32\Wbem;C:\Windows\System32\WindowsPowerShell\v1.0\;C:\Windows\System32\OpenSSH\;C:\Program Files\Git\cmd;C:\Program Files\dotnet\;C:\Program Files (x86)\Microsoft SQL Server\160\Tools\Binn\;C:\Program Files\Microsoft SQL Server\160\Tools\Binn\;C:\Program Files\Microsoft SQL Server\Client SDK\ODBC\170\Tools\Binn\;C:\Program Files\Microsoft SQL Server\160\DTS\Binn\;C:\xampp\php;C:\composer;C:\Program Files\nodejs\;C:\Program Files\Oracle\VirtualBox\;C:\Program Files\Common Files\Oracle\Java\javapath;C:\spark\spark-4.0.1-bin-hadoop3\bin;C:\hadoop-3.0.0\bin;C:\Program Files\cursor\resources\app\bin;C:\Program Files\Gpg4win\..\GnuPG\bin;C:\Program Files (x86)\cloudflared\;C:\Program Files\Docker\Docker\resources\bin;C:\Program Files\Java\jdk-17\bin;C:\Program Files\Eclipse Adoptium\jdk-25.0.2.10-hotspot\bin;C:\Users\IS AH MF\AppData\Local\Microsoft\WindowsApps;C:\Users\IS AH MF\AppData\Local\Programs\Microsoft VS Code\bin;C:\MinGW\include;C:\MinGW\bin;C:\Users\IS AH MF\AppData\Local\GitHubDesktop\bin;C:\Program Files\Git\bin;C:\Users\IS AH MF\AppData\Local\Programs\Python\Python??XX;C:\Users\IS AH MF\AppData\Local\Programs\cursor\resources\app\bin;C:\Users\IS AH MF\AppData\Roaming\Composer\vendor\bin;C:\Program Files (x86)\Nmap;C:\Users\IS AH MF\AppData\Roaming\npm;C:\Program Files\JetBrains\IntelliJ IDEA 2025.2.3\bin;C:\Users\IS AH MF\AppData\Local\Programs\Antigravity\bin;C:\Users\IS AH MF\AppData\Local\Microsoft\WinGet\Packages\Gyan.FFmpeg_Microsoft.Winget.Source_8wekyb3d8bbwe\ffmpeg-8.0.1-full_build\bin;C:\maven\apache-maven-3.9.14\bin;C:\Users\IS AH MF\AppData\Local\Microsoft\WinGet\Packages\BurntSushi.ripgrep.MSVC_Microsoft.Winget.Source_8wekyb3d8bbwe\ripgrep-15.1.0-x86_64-pc-windows-msvc;C:\Users\IS AH MF\.dotnet\tools
USERNAME=IS AH MF
OS=Windows_NT
PROCESSOR_IDENTIFIER=Intel64 Family 6 Model 58 Stepping 9, GenuineIntel
TMP=C:\Users\ISAHMF~1\AppData\Local\Temp
TEMP=C:\Users\ISAHMF~1\AppData\Local\Temp




Periodic native trim disabled

---------------  S Y S T E M  ---------------

OS:
 Windows 10 , 64 bit Build 19041 (10.0.19041.3636)
OS uptime: 2 days 0:32 hours
Hyper-V role detected

CPU: total 4 (initial active 4) (2 cores per cpu, 2 threads per core) family 6 model 58 stepping 9 microcode 0x21, cx8, cmov, fxsr, ht, mmx, sse, sse2, sse3, ssse3, sse4.1, sse4.2, popcnt, tsc, tscinvbit, avx, erms, clmul, vzeroupper, clflush, hv, rdtscp, f16c
Processor Information for the first 4 processors :
  Max Mhz: 2400, Current Mhz: 2400, Mhz Limit: 2400

Memory: 4k page, system-wide physical 12180M (1095M free)
TotalPageFile size 20372M (AvailPageFile size 1M)
current process WorkingSet (physical memory assigned to process): 1223M, peak: 1304M
current process commit charge ("private bytes"): 1414M, peak: 1752M

vm_info: OpenJDK 64-Bit Server VM (21.0.10+7-LTS) for windows-amd64 JRE (21.0.10+7-LTS), built on 2026-01-20T00:00:00Z by "admin" with MS VC++ 17.12 (VS2022)

END.
