#
# There is insufficient memory for the Java Runtime Environment to continue.
# Native memory allocation (malloc) failed to allocate 1599856 bytes. Error detail: Chunk::new
# Possible reasons:
#   The system is out of physical RAM or swap space
#   This process is running with CompressedOops enabled, and the Java Heap may be blocking the growth of the native heap
# Possible solutions:
#   Reduce memory load on the system
#   Increase physical memory or swap space
#   Check if swap backing store is full
#   Decrease Java heap size (-Xmx/-Xms)
#   Decrease number of Java threads
#   Decrease Java thread stack sizes (-Xss)
#   Set larger code cache with -XX:ReservedCodeCacheSize=
#   JVM is running with Unscaled Compressed Oops mode in which the Java heap is
#     placed in the first 4GB address space. The Java Heap base address is the
#     maximum limit for the native heap growth. Please use -XX:HeapBaseMinAddress
#     to set the Java Heap base and to place the Java Heap above 4GB virtual address.
# This output file may be truncated or incomplete.
#
#  Out of Memory Error (arena.cpp:168), pid=12984, tid=19272
#
# JRE version: OpenJDK Runtime Environment Temurin-21.0.10+7 (21.0.10+7) (build 21.0.10+7-LTS)
# Java VM: OpenJDK 64-Bit Server VM Temurin-21.0.10+7 (21.0.10+7-LTS, mixed mode, sharing, tiered, compressed oops, compressed class ptrs, parallel gc, windows-amd64)
# No core dump will be written. Minidumps are not enabled by default on client versions of Windows
#

---------------  S U M M A R Y ------------

Command Line: --add-modules=ALL-SYSTEM --add-opens=java.base/java.util=ALL-UNNAMED --add-opens=java.base/java.lang=ALL-UNNAMED --add-opens=java.base/sun.nio.fs=ALL-UNNAMED -Declipse.application=org.eclipse.jdt.ls.core.id1 -Dosgi.bundles.defaultStartLevel=4 -Declipse.product=org.eclipse.jdt.ls.core.product -Djava.import.generatesMetadataFilesAtProjectRoot=false -DDetectVMInstallationsJob.disabled=true -Dfile.encoding=utf8 -XX:+UseParallelGC -XX:GCTimeRatio=4 -XX:AdaptiveSizePolicyWeight=90 -Dsun.zip.disableMemoryMapping=true -Xmx2G -Xms100m -Xlog:disable -javaagent:c:\Users\IS AH MF\.vscode\extensions\redhat.java-1.54.0-win32-x64\lombok\lombok-1.18.39-4050.jar -XX:+HeapDumpOnOutOfMemoryError -XX:HeapDumpPath=c:\Users\IS AH MF\AppData\Roaming\Code\User\workspaceStorage\c74fae60e314a275d84331bf55aff286\redhat.java -Daether.dependencyCollector.impl=bf c:\Users\IS AH MF\.vscode\extensions\redhat.java-1.54.0-win32-x64\server\plugins\org.eclipse.equinox.launcher_1.7.100.v20251111-0406.jar -configuration c:\Users\IS AH MF\AppData\Roaming\Code\User\globalStorage\redhat.java\1.54.0\config_win -data c:\Users\IS AH MF\AppData\Roaming\Code\User\workspaceStorage\c74fae60e314a275d84331bf55aff286\redhat.java\jdt_ws --pipe=\\.\pipe\lsp-42a14c5f115e35084d9e0de3ce5754e8-sock

Host: Intel(R) Core(TM) i3-3110M CPU @ 2.40GHz, 4 cores, 11G,  Windows 10 , 64 bit Build 19041 (10.0.19041.3636)
Time: Thu May  7 19:13:02 2026 Egypt Daylight Time elapsed time: 78.657284 seconds (0d 0h 1m 18s)

---------------  T H R E A D  ---------------

Current thread (0x0000018099163090):  JavaThread "C2 CompilerThread0" daemon [_thread_in_native, id=19272, stack(0x000000340bf00000,0x000000340c000000) (1024K)]


Current CompileTask:
C2:78657 10268   !   4       org.codehaus.plexus.interpolation.StringSearchInterpolator::interpolate (692 bytes)

Stack: [0x000000340bf00000,0x000000340c000000]
Native frames: (J=compiled Java code, j=interpreted, Vv=VM code, C=native code)
V  [jvm.dll+0x6d7a39]
V  [jvm.dll+0x8b4b26]
V  [jvm.dll+0x8b70de]
V  [jvm.dll+0x8b77c3]
V  [jvm.dll+0x284346]
V  [jvm.dll+0xc66ed]
V  [jvm.dll+0xc6c31]
V  [jvm.dll+0x3bec3b]
V  [jvm.dll+0x1e3f69]
V  [jvm.dll+0x24c6b3]
V  [jvm.dll+0x24bb40]
V  [jvm.dll+0x1cb34e]
V  [jvm.dll+0x25b85d]
V  [jvm.dll+0x259dea]
V  [jvm.dll+0x3f857e]
V  [jvm.dll+0x85f59d]
V  [jvm.dll+0x6d626d]
C  [ucrtbase.dll+0x21bb2]
C  [KERNEL32.DLL+0x17344]
C  [ntdll.dll+0x526b1]


---------------  P R O C E S S  ---------------

Threads class SMR info:
_java_thread_list=0x00000180e23fba20, length=45, elements={
0x00000180827730c0, 0x00000180991597d0, 0x000001809915ae80, 0x000001809915caf0,
0x000001809915da10, 0x000001809915f7e0, 0x0000018099162250, 0x0000018099163090,
0x00000180991d7fd0, 0x00000180df147ce0, 0x00000180df34ffc0, 0x00000180dfa08010,
0x00000180df82b2d0, 0x00000180df719d20, 0x00000180df780c70, 0x00000180df997320,
0x00000180e029aa90, 0x00000180df8f05b0, 0x00000180df8eff20, 0x00000180df8f2680,
0x00000180df8f0c40, 0x00000180df8f12d0, 0x00000180df8ef200, 0x00000180e07bd6a0,
0x00000180e07c0490, 0x00000180e07c3910, 0x00000180e07c3fa0, 0x00000180e07bfe00,
0x00000180e07bd010, 0x00000180e07c2560, 0x00000180e07c4630, 0x00000180e07bf770,
0x00000180e07bdd30, 0x00000180e07bea50, 0x00000180e07bf0e0, 0x00000180e07c0b20,
0x00000180e07c11b0, 0x00000180e07c1ed0, 0x00000180e07c2bf0, 0x00000180e20b7d60,
0x00000180e20b5c90, 0x00000180e20b6320, 0x00000180e20bc590, 0x00000180e20bbf00,
0x00000180e29b6e70
}

Java Threads: ( => current thread )
  0x00000180827730c0 JavaThread "main"                              [_thread_blocked, id=5952, stack(0x000000340b500000,0x000000340b600000) (1024K)]
  0x00000180991597d0 JavaThread "Reference Handler"          daemon [_thread_blocked, id=12336, stack(0x000000340b900000,0x000000340ba00000) (1024K)]
  0x000001809915ae80 JavaThread "Finalizer"                  daemon [_thread_blocked, id=18364, stack(0x000000340ba00000,0x000000340bb00000) (1024K)]
  0x000001809915caf0 JavaThread "Signal Dispatcher"          daemon [_thread_blocked, id=11336, stack(0x000000340bb00000,0x000000340bc00000) (1024K)]
  0x000001809915da10 JavaThread "Attach Listener"            daemon [_thread_blocked, id=18796, stack(0x000000340bc00000,0x000000340bd00000) (1024K)]
  0x000001809915f7e0 JavaThread "Service Thread"             daemon [_thread_blocked, id=17444, stack(0x000000340bd00000,0x000000340be00000) (1024K)]
  0x0000018099162250 JavaThread "Monitor Deflation Thread"   daemon [_thread_blocked, id=15940, stack(0x000000340be00000,0x000000340bf00000) (1024K)]
=>0x0000018099163090 JavaThread "C2 CompilerThread0"         daemon [_thread_in_native, id=19272, stack(0x000000340bf00000,0x000000340c000000) (1024K)]
  0x00000180991d7fd0 JavaThread "C1 CompilerThread0"         daemon [_thread_blocked, id=3040, stack(0x000000340c000000,0x000000340c100000) (1024K)]
  0x00000180df147ce0 JavaThread "Common-Cleaner"             daemon [_thread_blocked, id=2968, stack(0x000000340c100000,0x000000340c200000) (1024K)]
  0x00000180df34ffc0 JavaThread "Notification Thread"        daemon [_thread_blocked, id=19044, stack(0x000000340c200000,0x000000340c300000) (1024K)]
  0x00000180dfa08010 JavaThread "Active Thread: Equinox Container: 2605bb68-ac6c-4ec6-9396-f2d8b32226db"        [_thread_blocked, id=7148, stack(0x000000340c300000,0x000000340c400000) (1024K)]
  0x00000180df82b2d0 JavaThread "Refresh Thread: Equinox Container: 2605bb68-ac6c-4ec6-9396-f2d8b32226db" daemon [_thread_blocked, id=13536, stack(0x000000340c700000,0x000000340c800000) (1024K)]
  0x00000180df719d20 JavaThread "Framework Event Dispatcher: Equinox Container: 2605bb68-ac6c-4ec6-9396-f2d8b32226db" daemon [_thread_blocked, id=8960, stack(0x000000340c800000,0x000000340c900000) (1024K)]
  0x00000180df780c70 JavaThread "Start Level: Equinox Container: 2605bb68-ac6c-4ec6-9396-f2d8b32226db" daemon [_thread_blocked, id=14948, stack(0x000000340c900000,0x000000340ca00000) (1024K)]
  0x00000180df997320 JavaThread "Bundle File Closer"         daemon [_thread_blocked, id=18024, stack(0x000000340ca00000,0x000000340cb00000) (1024K)]
  0x00000180e029aa90 JavaThread "SCR Component Actor"        daemon [_thread_blocked, id=5680, stack(0x000000340cb00000,0x000000340cc00000) (1024K)]
  0x00000180df8f05b0 JavaThread "Worker-JM"                         [_thread_blocked, id=14600, stack(0x000000340cc00000,0x000000340cd00000) (1024K)]
  0x00000180df8eff20 JavaThread "JNA Cleaner"                daemon [_thread_blocked, id=14136, stack(0x000000340cd00000,0x000000340ce00000) (1024K)]
  0x00000180df8f2680 JavaThread "Worker-0"                          [_thread_blocked, id=18572, stack(0x000000340cf00000,0x000000340d000000) (1024K)]
  0x00000180df8f0c40 JavaThread "Worker-1"                          [_thread_blocked, id=2148, stack(0x000000340ce00000,0x000000340cf00000) (1024K)]
  0x00000180df8f12d0 JavaThread "Worker-2: Java indexing... "        [_thread_blocked, id=9696, stack(0x000000340d000000,0x000000340d100000) (1024K)]
  0x00000180df8ef200 JavaThread "Worker-3"                          [_thread_blocked, id=20456, stack(0x000000340d200000,0x000000340d300000) (1024K)]
  0x00000180e07bd6a0 JavaThread "Java indexing"              daemon [_thread_in_native, id=20620, stack(0x000000340d300000,0x000000340d400000) (1024K)]
  0x00000180e07c0490 JavaThread "Worker-4"                          [_thread_blocked, id=5240, stack(0x000000340d100000,0x000000340d200000) (1024K)]
  0x00000180e07c3910 JavaThread "Worker-5: Building"                [_thread_in_Java, id=20132, stack(0x000000340d700000,0x000000340d800000) (1024K)]
  0x00000180e07c3fa0 JavaThread "Worker-6"                          [_thread_blocked, id=19104, stack(0x000000340d800000,0x000000340d900000) (1024K)]
  0x00000180e07bfe00 JavaThread "Thread-1"                   daemon [_thread_in_native, id=18780, stack(0x000000340d900000,0x000000340da00000) (1024K)]
  0x00000180e07bd010 JavaThread "Thread-2"                   daemon [_thread_in_native, id=21408, stack(0x000000340da00000,0x000000340db00000) (1024K)]
  0x00000180e07c2560 JavaThread "Thread-3"                   daemon [_thread_in_native, id=20144, stack(0x000000340db00000,0x000000340dc00000) (1024K)]
  0x00000180e07c4630 JavaThread "Thread-4"                   daemon [_thread_in_native, id=12952, stack(0x000000340dc00000,0x000000340dd00000) (1024K)]
  0x00000180e07bf770 JavaThread "Thread-5"                   daemon [_thread_in_native, id=18740, stack(0x000000340dd00000,0x000000340de00000) (1024K)]
  0x00000180e07bdd30 JavaThread "pool-2-thread-1"                   [_thread_blocked, id=17168, stack(0x000000340d400000,0x000000340d500000) (1024K)]
  0x00000180e07bea50 JavaThread "WorkspaceEventsHandler"            [_thread_blocked, id=17936, stack(0x000000340df00000,0x000000340e000000) (1024K)]
  0x00000180e07bf0e0 JavaThread "pool-1-thread-1"                   [_thread_blocked, id=18700, stack(0x000000340e000000,0x000000340e100000) (1024K)]
  0x00000180e07c0b20 JavaThread "LocalFile Deleter"          daemon [_thread_blocked, id=12564, stack(0x000000340de00000,0x000000340df00000) (1024K)]
  0x00000180e07c11b0 JavaThread "LocalFile Deleter"          daemon [_thread_blocked, id=21404, stack(0x000000340e100000,0x000000340e200000) (1024K)]
  0x00000180e07c1ed0 JavaThread "LocalFile Deleter"          daemon [_thread_blocked, id=3004, stack(0x000000340e200000,0x000000340e300000) (1024K)]
  0x00000180e07c2bf0 JavaThread "LocalFile Deleter"          daemon [_thread_blocked, id=7012, stack(0x000000340e300000,0x000000340e400000) (1024K)]
  0x00000180e20b7d60 JavaThread "Compiler Source File Reader" daemon [_thread_blocked, id=3200, stack(0x000000340e400000,0x000000340e500000) (1024K)]
  0x00000180e20b5c90 JavaThread "Compiler Source File Reader" daemon [_thread_blocked, id=9124, stack(0x000000340e500000,0x000000340e600000) (1024K)]
  0x00000180e20b6320 JavaThread "Compiler Processing Task"   daemon [_thread_blocked, id=10068, stack(0x000000340e700000,0x000000340e800000) (1024K)]
  0x00000180e20bc590 JavaThread "Compiler Class File Writer" daemon [_thread_blocked, id=19732, stack(0x000000340e800000,0x000000340e900000) (1024K)]
  0x00000180e20bbf00 JavaThread "Compiler Class File Writer" daemon [_thread_blocked, id=19200, stack(0x000000340e900000,0x000000340ea00000) (1024K)]
  0x00000180e29b6e70 JavaThread "C2 CompilerThread1"         daemon [_thread_blocked, id=20808, stack(0x000000340e600000,0x000000340e700000) (1024K)]
Total: 45

Other Threads:
  0x0000018082832720 VMThread "VM Thread"                           [id=3604, stack(0x000000340b800000,0x000000340b900000) (1024K)]
  0x00000180827df8f0 WatcherThread "VM Periodic Task Thread"        [id=15840, stack(0x000000340b700000,0x000000340b800000) (1024K)]
  0x0000018082790db0 WorkerThread "GC Thread#0"                     [id=11748, stack(0x000000340b600000,0x000000340b700000) (1024K)]
  0x00000180dfa7ec10 WorkerThread "GC Thread#1"                     [id=17404, stack(0x000000340c400000,0x000000340c500000) (1024K)]
  0x00000180df3f07d0 WorkerThread "GC Thread#2"                     [id=15300, stack(0x000000340c500000,0x000000340c600000) (1024K)]
  0x00000180df3f0b80 WorkerThread "GC Thread#3"                     [id=15680, stack(0x000000340c600000,0x000000340c700000) (1024K)]
Total: 6

Threads with active compile tasks:
C2 CompilerThread0  78712 10268   !   4       org.codehaus.plexus.interpolation.StringSearchInterpolator::interpolate (692 bytes)
Total: 1

VM state: not at safepoint (normal execution)

VM Mutex/Monitor currently owned by a thread: None

Heap address: 0x0000000080000000, size: 2048 MB, Compressed Oops mode: 32-bit

CDS archive(s) mapped at: [0x000001809a000000-0x000001809aba0000-0x000001809aba0000), size 12189696, SharedBaseAddress: 0x000001809a000000, ArchiveRelocationMode: 1.
Compressed class space mapped at: 0x000001809b000000-0x00000180db000000, reserved size: 1073741824
Narrow klass base: 0x000001809a000000, Narrow klass shift: 0, Narrow klass range: 0x100000000

GC Precious Log:
 CardTable entry size: 512
 CPUs: 4 total, 4 available
 Memory: 12180M
 Large Page Support: Disabled
 NUMA Support: Disabled
 Compressed Oops: Enabled (32-bit)
 Alignments: Space 512K, Generation 512K, Heap 2M
 Heap Min Capacity: 100M
 Heap Initial Capacity: 100M
 Heap Max Capacity: 2G
 Pre-touch: Disabled
 Parallel Workers: 4

Heap:
 PSYoungGen      total 22016K, used 7405K [0x00000000d5580000, 0x00000000d6f00000, 0x0000000100000000)
  eden space 20480K, 29% used [0x00000000d5580000,0x00000000d5b534a0,0x00000000d6980000)
  from space 1536K, 93% used [0x00000000d6a00000,0x00000000d6b68000,0x00000000d6b80000)
  to   space 2048K, 0% used [0x00000000d6d00000,0x00000000d6d00000,0x00000000d6f00000)
 ParOldGen       total 68608K, used 50430K [0x0000000080000000, 0x0000000084300000, 0x00000000d5580000)
  object space 68608K, 73% used [0x0000000080000000,0x000000008313f960,0x0000000084300000)
 Metaspace       used 58912K, committed 60288K, reserved 1114112K
  class space    used 6199K, committed 6784K, reserved 1048576K

Card table byte_map: [0x0000018082150000,0x0000018082560000] _byte_map_base: 0x0000018081d50000

Marking Bits: (ParMarkBitMap*) 0x00007ffb59033450
 Begin Bits: [0x0000018094c30000, 0x0000018096c30000)
 End Bits:   [0x0000018096c30000, 0x0000018098c30000)

Polling page: 0x0000018081f40000

Metaspace:

Usage:
  Non-class:     51.48 MB used.
      Class:      6.05 MB used.
       Both:     57.53 MB used.

Virtual space:
  Non-class space:       64.00 MB reserved,      52.25 MB ( 82%) committed,  1 nodes.
      Class space:        1.00 GB reserved,       6.62 MB ( <1%) committed,  1 nodes.
             Both:        1.06 GB reserved,      58.88 MB (  5%) committed. 

Chunk freelists:
   Non-Class:  11.66 MB
       Class:  9.31 MB
        Both:  20.98 MB

MaxMetaspaceSize: unlimited
CompressedClassSpaceSize: 1.00 GB
Initial GC threshold: 21.00 MB
Current GC threshold: 97.31 MB
CDS: on
 - commit_granule_bytes: 65536.
 - commit_granule_words: 8192.
 - virtual_space_node_default_size: 8388608.
 - enlarge_chunks_in_place: 1.
 - use_allocation_guard: 0.


Internal statistics:

num_allocs_failed_limit: 9.
num_arena_births: 1100.
num_arena_deaths: 14.
num_vsnodes_births: 2.
num_vsnodes_deaths: 0.
num_space_committed: 942.
num_space_uncommitted: 0.
num_chunks_returned_to_freelist: 23.
num_chunks_taken_from_freelist: 3859.
num_chunk_merges: 12.
num_chunk_splits: 2357.
num_chunks_enlarged: 1291.
num_inconsistent_stats: 0.

CodeHeap 'non-profiled nmethods': size=120000Kb used=6319Kb max_used=6319Kb free=113680Kb
 bounds [0x000001808d450000, 0x000001808da80000, 0x0000018094980000]
CodeHeap 'profiled nmethods': size=120000Kb used=21225Kb max_used=21225Kb free=98774Kb
 bounds [0x0000018085980000, 0x0000018086e50000, 0x000001808ceb0000]
CodeHeap 'non-nmethods': size=5760Kb used=1407Kb max_used=1460Kb free=4353Kb
 bounds [0x000001808ceb0000, 0x000001808d120000, 0x000001808d450000]
CodeCache: size=245760Kb, used=28951Kb, max_used=29004Kb, free=216807Kb
 total_blobs=10010, nmethods=9291, adapters=625, full_count=0
Compilation: enabled, stopped_count=0, restarted_count=0

Compilation events (20 events):
Event: 78.407 Thread 0x00000180991d7fd0 nmethod 10319 0x0000018085e96010 code [0x0000018085e961c0, 0x0000018085e96450]
Event: 78.407 Thread 0x00000180991d7fd0 10320       1       org.apache.maven.model.PluginExecution::getPhase (5 bytes)
Event: 78.408 Thread 0x00000180991d7fd0 nmethod 10320 0x000001808da76d90 code [0x000001808da76f20, 0x000001808da76fe8]
Event: 78.408 Thread 0x00000180991d7fd0 10321       3       ch.qos.logback.classic.Logger::trace (16 bytes)
Event: 78.408 Thread 0x00000180991d7fd0 nmethod 10321 0x0000018085e95c10 code [0x0000018085e95dc0, 0x0000018085e95f30]
Event: 78.410 Thread 0x00000180991d7fd0 10322       1       org.apache.maven.model.Parent::setVersion (6 bytes)
Event: 78.411 Thread 0x00000180991d7fd0 nmethod 10322 0x000001808da77090 code [0x000001808da77220, 0x000001808da77300]
Event: 78.489 Thread 0x00000180991d7fd0 10323       3       org.apache.maven.model.BuildBase::<init> (5 bytes)
Event: 78.490 Thread 0x00000180991d7fd0 nmethod 10323 0x0000018085e95710 code [0x0000018085e958c0, 0x0000018085e95ae8]
Event: 78.498 Thread 0x00000180991d7fd0 10324   !   3       org.apache.maven.model.DeploymentRepository::clone (51 bytes)
Event: 78.499 Thread 0x00000180991d7fd0 nmethod 10324 0x0000018085e94690 code [0x0000018085e94920, 0x0000018085e95310]
Event: 78.501 Thread 0x00000180991d7fd0 10325       3       org.eclipse.aether.util.ConfigUtils::getString (54 bytes)
Event: 78.502 Thread 0x00000180991d7fd0 nmethod 10325 0x0000018085e93e90 code [0x0000018085e94060, 0x0000018085e94540]
Event: 78.507 Thread 0x00000180991d7fd0 10327       3       sun.nio.ch.IOUtil::read (14 bytes)
Event: 78.508 Thread 0x00000180991d7fd0 nmethod 10327 0x0000018085fb3010 code [0x0000018085fb31c0, 0x0000018085fb32e8]
Event: 78.508 Thread 0x00000180e29b6e70 10326       4       java.util.regex.Pattern::compile (537 bytes)
Event: 78.519 Thread 0x00000180991d7fd0 10328   !   3       sun.nio.ch.IOUtil::readIntoNativeBuffer (169 bytes)
Event: 78.521 Thread 0x00000180991d7fd0 nmethod 10328 0x0000018085f34710 code [0x0000018085f34a60, 0x0000018085f35e50]
Event: 78.522 Thread 0x00000180991d7fd0 10329       3       sun.nio.ch.Util::offerFirstTemporaryDirectBuffer (53 bytes)
Event: 78.523 Thread 0x00000180991d7fd0 nmethod 10329 0x0000018085f33610 code [0x0000018085f33880, 0x0000018085f34380]

GC Heap History (20 events):
Event: 58.737 GC heap before
{Heap before GC invocations=33 (full 2):
 PSYoungGen      total 20992K, used 20982K [0x00000000d5580000, 0x00000000d6e80000, 0x0000000100000000)
  eden space 20480K, 100% used [0x00000000d5580000,0x00000000d6980000,0x00000000d6980000)
  from space 512K, 98% used [0x00000000d6d00000,0x00000000d6d7d808,0x00000000d6d80000)
  to   space 2560K, 0% used [0x00000000d6980000,0x00000000d6980000,0x00000000d6c00000)
 ParOldGen       total 68608K, used 47475K [0x0000000080000000, 0x0000000084300000, 0x00000000d5580000)
  object space 68608K, 69% used [0x0000000080000000,0x0000000082e5cd70,0x0000000084300000)
 Metaspace       used 53475K, committed 54720K, reserved 1114112K
  class space    used 5743K, committed 6336K, reserved 1048576K
}
Event: 58.740 GC heap after
{Heap after GC invocations=33 (full 2):
 PSYoungGen      total 23040K, used 2554K [0x00000000d5580000, 0x00000000d7280000, 0x0000000100000000)
  eden space 20480K, 0% used [0x00000000d5580000,0x00000000d5580000,0x00000000d6980000)
  from space 2560K, 99% used [0x00000000d6980000,0x00000000d6bfebe0,0x00000000d6c00000)
  to   space 4608K, 0% used [0x00000000d6e00000,0x00000000d6e00000,0x00000000d7280000)
 ParOldGen       total 68608K, used 49104K [0x0000000080000000, 0x0000000084300000, 0x00000000d5580000)
  object space 68608K, 71% used [0x0000000080000000,0x0000000082ff4368,0x0000000084300000)
 Metaspace       used 53475K, committed 54720K, reserved 1114112K
  class space    used 5743K, committed 6336K, reserved 1048576K
}
Event: 59.742 GC heap before
{Heap before GC invocations=34 (full 2):
 PSYoungGen      total 23040K, used 23034K [0x00000000d5580000, 0x00000000d7280000, 0x0000000100000000)
  eden space 20480K, 100% used [0x00000000d5580000,0x00000000d6980000,0x00000000d6980000)
  from space 2560K, 99% used [0x00000000d6980000,0x00000000d6bfebe0,0x00000000d6c00000)
  to   space 4608K, 0% used [0x00000000d6e00000,0x00000000d6e00000,0x00000000d7280000)
 ParOldGen       total 68608K, used 49104K [0x0000000080000000, 0x0000000084300000, 0x00000000d5580000)
  object space 68608K, 71% used [0x0000000080000000,0x0000000082ff4368,0x0000000084300000)
 Metaspace       used 54981K, committed 56256K, reserved 1114112K
  class space    used 5878K, committed 6464K, reserved 1048576K
}
Event: 59.749 GC heap after
{Heap after GC invocations=34 (full 2):
 PSYoungGen      total 24576K, used 3611K [0x00000000d5580000, 0x00000000d7200000, 0x0000000100000000)
  eden space 20480K, 0% used [0x00000000d5580000,0x00000000d5580000,0x00000000d6980000)
  from space 4096K, 88% used [0x00000000d6e00000,0x00000000d7186e90,0x00000000d7200000)
  to   space 4096K, 0% used [0x00000000d6a00000,0x00000000d6a00000,0x00000000d6e00000)
 ParOldGen       total 68608K, used 51631K [0x0000000080000000, 0x0000000084300000, 0x00000000d5580000)
  object space 68608K, 75% used [0x0000000080000000,0x000000008326bf00,0x0000000084300000)
 Metaspace       used 54981K, committed 56256K, reserved 1114112K
  class space    used 5878K, committed 6464K, reserved 1048576K
}
Event: 60.318 GC heap before
{Heap before GC invocations=35 (full 2):
 PSYoungGen      total 24576K, used 24091K [0x00000000d5580000, 0x00000000d7200000, 0x0000000100000000)
  eden space 20480K, 100% used [0x00000000d5580000,0x00000000d6980000,0x00000000d6980000)
  from space 4096K, 88% used [0x00000000d6e00000,0x00000000d7186e90,0x00000000d7200000)
  to   space 4096K, 0% used [0x00000000d6a00000,0x00000000d6a00000,0x00000000d6e00000)
 ParOldGen       total 68608K, used 51631K [0x0000000080000000, 0x0000000084300000, 0x00000000d5580000)
  object space 68608K, 75% used [0x0000000080000000,0x000000008326bf00,0x0000000084300000)
 Metaspace       used 55363K, committed 56704K, reserved 1114112K
  class space    used 5909K, committed 6528K, reserved 1048576K
}
Event: 60.324 GC heap after
{Heap after GC invocations=35 (full 2):
 PSYoungGen      total 22528K, used 1679K [0x00000000d5580000, 0x00000000d6e80000, 0x0000000100000000)
  eden space 20480K, 0% used [0x00000000d5580000,0x00000000d5580000,0x00000000d6980000)
  from space 2048K, 82% used [0x00000000d6a00000,0x00000000d6ba3e50,0x00000000d6c00000)
  to   space 2560K, 0% used [0x00000000d6c00000,0x00000000d6c00000,0x00000000d6e80000)
 ParOldGen       total 68608K, used 54634K [0x0000000080000000, 0x0000000084300000, 0x00000000d5580000)
  object space 68608K, 79% used [0x0000000080000000,0x000000008355abc0,0x0000000084300000)
 Metaspace       used 55363K, committed 56704K, reserved 1114112K
  class space    used 5909K, committed 6528K, reserved 1048576K
}
Event: 60.830 GC heap before
{Heap before GC invocations=36 (full 2):
 PSYoungGen      total 22528K, used 22159K [0x00000000d5580000, 0x00000000d6e80000, 0x0000000100000000)
  eden space 20480K, 100% used [0x00000000d5580000,0x00000000d6980000,0x00000000d6980000)
  from space 2048K, 82% used [0x00000000d6a00000,0x00000000d6ba3e50,0x00000000d6c00000)
  to   space 2560K, 0% used [0x00000000d6c00000,0x00000000d6c00000,0x00000000d6e80000)
 ParOldGen       total 68608K, used 54634K [0x0000000080000000, 0x0000000084300000, 0x00000000d5580000)
  object space 68608K, 79% used [0x0000000080000000,0x000000008355abc0,0x0000000084300000)
 Metaspace       used 55929K, committed 57280K, reserved 1114112K
  class space    used 5957K, committed 6592K, reserved 1048576K
}
Event: 60.832 GC heap after
{Heap after GC invocations=36 (full 2):
 PSYoungGen      total 20992K, used 128K [0x00000000d5580000, 0x00000000d6c80000, 0x0000000100000000)
  eden space 20480K, 0% used [0x00000000d5580000,0x00000000d5580000,0x00000000d6980000)
  from space 512K, 25% used [0x00000000d6c00000,0x00000000d6c20000,0x00000000d6c80000)
  to   space 1024K, 0% used [0x00000000d6a80000,0x00000000d6a80000,0x00000000d6b80000)
 ParOldGen       total 68608K, used 54765K [0x0000000080000000, 0x0000000084300000, 0x00000000d5580000)
  object space 68608K, 79% used [0x0000000080000000,0x000000008357b700,0x0000000084300000)
 Metaspace       used 55929K, committed 57280K, reserved 1114112K
  class space    used 5957K, committed 6592K, reserved 1048576K
}
Event: 62.608 GC heap before
{Heap before GC invocations=37 (full 2):
 PSYoungGen      total 20992K, used 20608K [0x00000000d5580000, 0x00000000d6c80000, 0x0000000100000000)
  eden space 20480K, 100% used [0x00000000d5580000,0x00000000d6980000,0x00000000d6980000)
  from space 512K, 25% used [0x00000000d6c00000,0x00000000d6c20000,0x00000000d6c80000)
  to   space 1024K, 0% used [0x00000000d6a80000,0x00000000d6a80000,0x00000000d6b80000)
 ParOldGen       total 68608K, used 54765K [0x0000000080000000, 0x0000000084300000, 0x00000000d5580000)
  object space 68608K, 79% used [0x0000000080000000,0x000000008357b700,0x0000000084300000)
 Metaspace       used 57154K, committed 58432K, reserved 1114112K
  class space    used 6072K, committed 6656K, reserved 1048576K
}
Event: 62.616 GC heap after
{Heap after GC invocations=37 (full 2):
 PSYoungGen      total 21504K, used 993K [0x00000000d5580000, 0x00000000d7780000, 0x0000000100000000)
  eden space 20480K, 0% used [0x00000000d5580000,0x00000000d5580000,0x00000000d6980000)
  from space 1024K, 97% used [0x00000000d6a80000,0x00000000d6b786b0,0x00000000d6b80000)
  to   space 7168K, 0% used [0x00000000d7080000,0x00000000d7080000,0x00000000d7780000)
 ParOldGen       total 68608K, used 59676K [0x0000000080000000, 0x0000000084300000, 0x00000000d5580000)
  object space 68608K, 86% used [0x0000000080000000,0x0000000083a47110,0x0000000084300000)
 Metaspace       used 57154K, committed 58432K, reserved 1114112K
  class space    used 6072K, committed 6656K, reserved 1048576K
}
Event: 64.378 GC heap before
{Heap before GC invocations=38 (full 2):
 PSYoungGen      total 21504K, used 21473K [0x00000000d5580000, 0x00000000d7780000, 0x0000000100000000)
  eden space 20480K, 100% used [0x00000000d5580000,0x00000000d6980000,0x00000000d6980000)
  from space 1024K, 97% used [0x00000000d6a80000,0x00000000d6b786b0,0x00000000d6b80000)
  to   space 7168K, 0% used [0x00000000d7080000,0x00000000d7080000,0x00000000d7780000)
 ParOldGen       total 68608K, used 59676K [0x0000000080000000, 0x0000000084300000, 0x00000000d5580000)
  object space 68608K, 86% used [0x0000000080000000,0x0000000083a47110,0x0000000084300000)
 Metaspace       used 57400K, committed 58752K, reserved 1114112K
  class space    used 6095K, committed 6720K, reserved 1048576K
}
Event: 64.383 GC heap after
{Heap after GC invocations=38 (full 2):
 PSYoungGen      total 22016K, used 1216K [0x00000000d5580000, 0x00000000d7200000, 0x0000000100000000)
  eden space 20480K, 0% used [0x00000000d5580000,0x00000000d5580000,0x00000000d6980000)
  from space 1536K, 79% used [0x00000000d7080000,0x00000000d71b0000,0x00000000d7200000)
  to   space 3072K, 0% used [0x00000000d6c00000,0x00000000d6c00000,0x00000000d6f00000)
 ParOldGen       total 68608K, used 59732K [0x0000000080000000, 0x0000000084300000, 0x00000000d5580000)
  object space 68608K, 87% used [0x0000000080000000,0x0000000083a55110,0x0000000084300000)
 Metaspace       used 57400K, committed 58752K, reserved 1114112K
  class space    used 6095K, committed 6720K, reserved 1048576K
}
Event: 73.268 GC heap before
{Heap before GC invocations=39 (full 2):
 PSYoungGen      total 22016K, used 20790K [0x00000000d5580000, 0x00000000d7200000, 0x0000000100000000)
  eden space 20480K, 95% used [0x00000000d5580000,0x00000000d689d810,0x00000000d6980000)
  from space 1536K, 79% used [0x00000000d7080000,0x00000000d71b0000,0x00000000d7200000)
  to   space 3072K, 0% used [0x00000000d6c00000,0x00000000d6c00000,0x00000000d6f00000)
 ParOldGen       total 68608K, used 59732K [0x0000000080000000, 0x0000000084300000, 0x00000000d5580000)
  object space 68608K, 87% used [0x0000000080000000,0x0000000083a55110,0x0000000084300000)
 Metaspace       used 58498K, committed 59776K, reserved 1114112K
  class space    used 6194K, committed 6784K, reserved 1048576K
}
Event: 73.275 GC heap after
{Heap after GC invocations=39 (full 2):
 PSYoungGen      total 23040K, used 2368K [0x00000000d5580000, 0x00000000d7100000, 0x0000000100000000)
  eden space 20480K, 0% used [0x00000000d5580000,0x00000000d5580000,0x00000000d6980000)
  from space 2560K, 92% used [0x00000000d6c00000,0x00000000d6e50000,0x00000000d6e80000)
  to   space 2560K, 0% used [0x00000000d6e80000,0x00000000d6e80000,0x00000000d7100000)
 ParOldGen       total 68608K, used 60790K [0x0000000080000000, 0x0000000084300000, 0x00000000d5580000)
  object space 68608K, 88% used [0x0000000080000000,0x0000000083b5db90,0x0000000084300000)
 Metaspace       used 58498K, committed 59776K, reserved 1114112K
  class space    used 6194K, committed 6784K, reserved 1048576K
}
Event: 73.275 GC heap before
{Heap before GC invocations=40 (full 3):
 PSYoungGen      total 23040K, used 2368K [0x00000000d5580000, 0x00000000d7100000, 0x0000000100000000)
  eden space 20480K, 0% used [0x00000000d5580000,0x00000000d5580000,0x00000000d6980000)
  from space 2560K, 92% used [0x00000000d6c00000,0x00000000d6e50000,0x00000000d6e80000)
  to   space 2560K, 0% used [0x00000000d6e80000,0x00000000d6e80000,0x00000000d7100000)
 ParOldGen       total 68608K, used 60790K [0x0000000080000000, 0x0000000084300000, 0x00000000d5580000)
  object space 68608K, 88% used [0x0000000080000000,0x0000000083b5db90,0x0000000084300000)
 Metaspace       used 58498K, committed 59776K, reserved 1114112K
  class space    used 6194K, committed 6784K, reserved 1048576K
}
Event: 73.509 GC heap after
{Heap after GC invocations=40 (full 3):
 PSYoungGen      total 23040K, used 0K [0x00000000d5580000, 0x00000000d7100000, 0x0000000100000000)
  eden space 20480K, 0% used [0x00000000d5580000,0x00000000d5580000,0x00000000d6980000)
  from space 2560K, 0% used [0x00000000d6c00000,0x00000000d6c00000,0x00000000d6e80000)
  to   space 2560K, 0% used [0x00000000d6e80000,0x00000000d6e80000,0x00000000d7100000)
 ParOldGen       total 68608K, used 47875K [0x0000000080000000, 0x0000000084300000, 0x00000000d5580000)
  object space 68608K, 69% used [0x0000000080000000,0x0000000082ec0c20,0x0000000084300000)
 Metaspace       used 58498K, committed 59776K, reserved 1114112K
  class space    used 6194K, committed 6784K, reserved 1048576K
}
Event: 76.816 GC heap before
{Heap before GC invocations=41 (full 3):
 PSYoungGen      total 23040K, used 20480K [0x00000000d5580000, 0x00000000d7100000, 0x0000000100000000)
  eden space 20480K, 100% used [0x00000000d5580000,0x00000000d6980000,0x00000000d6980000)
  from space 2560K, 0% used [0x00000000d6c00000,0x00000000d6c00000,0x00000000d6e80000)
  to   space 2560K, 0% used [0x00000000d6e80000,0x00000000d6e80000,0x00000000d7100000)
 ParOldGen       total 68608K, used 47875K [0x0000000080000000, 0x0000000084300000, 0x00000000d5580000)
  object space 68608K, 69% used [0x0000000080000000,0x0000000082ec0c20,0x0000000084300000)
 Metaspace       used 58647K, committed 59968K, reserved 1114112K
  class space    used 6197K, committed 6784K, reserved 1048576K
}
Event: 76.821 GC heap after
{Heap after GC invocations=41 (full 3):
 PSYoungGen      total 23040K, used 2555K [0x00000000d5580000, 0x00000000d7100000, 0x0000000100000000)
  eden space 20480K, 0% used [0x00000000d5580000,0x00000000d5580000,0x00000000d6980000)
  from space 2560K, 99% used [0x00000000d6e80000,0x00000000d70fec08,0x00000000d7100000)
  to   space 3584K, 0% used [0x00000000d6a00000,0x00000000d6a00000,0x00000000d6d80000)
 ParOldGen       total 68608K, used 48267K [0x0000000080000000, 0x0000000084300000, 0x00000000d5580000)
  object space 68608K, 70% used [0x0000000080000000,0x0000000082f22c20,0x0000000084300000)
 Metaspace       used 58647K, committed 59968K, reserved 1114112K
  class space    used 6197K, committed 6784K, reserved 1048576K
}
Event: 78.319 GC heap before
{Heap before GC invocations=42 (full 3):
 PSYoungGen      total 23040K, used 23035K [0x00000000d5580000, 0x00000000d7100000, 0x0000000100000000)
  eden space 20480K, 100% used [0x00000000d5580000,0x00000000d6980000,0x00000000d6980000)
  from space 2560K, 99% used [0x00000000d6e80000,0x00000000d70fec08,0x00000000d7100000)
  to   space 3584K, 0% used [0x00000000d6a00000,0x00000000d6a00000,0x00000000d6d80000)
 ParOldGen       total 68608K, used 48267K [0x0000000080000000, 0x0000000084300000, 0x00000000d5580000)
  object space 68608K, 70% used [0x0000000080000000,0x0000000082f22c20,0x0000000084300000)
 Metaspace       used 58907K, committed 60288K, reserved 1114112K
  class space    used 6199K, committed 6784K, reserved 1048576K
}
Event: 78.326 GC heap after
{Heap after GC invocations=42 (full 3):
 PSYoungGen      total 22016K, used 1440K [0x00000000d5580000, 0x00000000d6f00000, 0x0000000100000000)
  eden space 20480K, 0% used [0x00000000d5580000,0x00000000d5580000,0x00000000d6980000)
  from space 1536K, 93% used [0x00000000d6a00000,0x00000000d6b68000,0x00000000d6b80000)
  to   space 2048K, 0% used [0x00000000d6d00000,0x00000000d6d00000,0x00000000d6f00000)
 ParOldGen       total 68608K, used 50430K [0x0000000080000000, 0x0000000084300000, 0x00000000d5580000)
  object space 68608K, 73% used [0x0000000080000000,0x000000008313f960,0x0000000084300000)
 Metaspace       used 58907K, committed 60288K, reserved 1114112K
  class space    used 6199K, committed 6784K, reserved 1048576K
}

Dll operation events (10 events):
Event: 0.029 Loaded shared library c:\Users\IS AH MF\.vscode\extensions\redhat.java-1.54.0-win32-x64\jre\21.0.10-win32-x86_64\bin\java.dll
Event: 0.658 Loaded shared library c:\Users\IS AH MF\.vscode\extensions\redhat.java-1.54.0-win32-x64\jre\21.0.10-win32-x86_64\bin\zip.dll
Event: 0.913 Loaded shared library C:\Users\IS AH MF\.vscode\extensions\redhat.java-1.54.0-win32-x64\jre\21.0.10-win32-x86_64\bin\instrument.dll
Event: 0.934 Loaded shared library C:\Users\IS AH MF\.vscode\extensions\redhat.java-1.54.0-win32-x64\jre\21.0.10-win32-x86_64\bin\net.dll
Event: 1.005 Loaded shared library C:\Users\IS AH MF\.vscode\extensions\redhat.java-1.54.0-win32-x64\jre\21.0.10-win32-x86_64\bin\nio.dll
Event: 1.017 Loaded shared library C:\Users\IS AH MF\.vscode\extensions\redhat.java-1.54.0-win32-x64\jre\21.0.10-win32-x86_64\bin\zip.dll
Event: 1.155 Loaded shared library C:\Users\IS AH MF\.vscode\extensions\redhat.java-1.54.0-win32-x64\jre\21.0.10-win32-x86_64\bin\jimage.dll
Event: 1.753 Loaded shared library c:\Users\IS AH MF\.vscode\extensions\redhat.java-1.54.0-win32-x64\jre\21.0.10-win32-x86_64\bin\verify.dll
Event: 10.506 Loaded shared library C:\Users\IS AH MF\AppData\Roaming\Code\User\globalStorage\redhat.java\1.54.0\config_win\org.eclipse.equinox.launcher\org.eclipse.equinox.launcher.win32.win32.x86_64_1.3.0.v20260203-2149\eclipse_11919.dll
Event: 26.546 Loaded shared library C:\Users\IS AH MF\AppData\Local\Temp\jna-2836924\jna12176574422607859624.dll

Deoptimization events (20 events):
Event: 73.884 Thread 0x00000180e07c3910 DEOPT PACKING pc=0x000001808da2877c sp=0x000000340d7fcf00
Event: 73.884 Thread 0x00000180e07c3910 DEOPT UNPACKING pc=0x000001808cf03aa2 sp=0x000000340d7fce90 mode 2
Event: 73.917 Thread 0x00000180e07c3910 Uncommon trap: trap_request=0xffffff45 fr.pc=0x000001808da537e4 relative=0x00000000000000c4
Event: 73.917 Thread 0x00000180e07c3910 Uncommon trap: reason=unstable_if action=reinterpret pc=0x000001808da537e4 method=org.apache.maven.model.validation.DefaultModelValidator.isValidIdCharacter(C)Z @ 15 c2
Event: 73.917 Thread 0x00000180e07c3910 DEOPT PACKING pc=0x000001808da537e4 sp=0x000000340d7fd190
Event: 73.917 Thread 0x00000180e07c3910 DEOPT UNPACKING pc=0x000001808cf03aa2 sp=0x000000340d7fd118 mode 2
Event: 73.985 Thread 0x00000180e07c3910 Uncommon trap: trap_request=0xffffff45 fr.pc=0x000001808d68eeb8 relative=0x0000000000000d78
Event: 73.985 Thread 0x00000180e07c3910 Uncommon trap: reason=unstable_if action=reinterpret pc=0x000001808d68eeb8 method=org.codehaus.plexus.util.xml.pull.MXParser.nextImpl()I @ 884 c2
Event: 73.985 Thread 0x00000180e07c3910 DEOPT PACKING pc=0x000001808d68eeb8 sp=0x000000340d7fce70
Event: 73.985 Thread 0x00000180e07c3910 DEOPT UNPACKING pc=0x000001808cf03aa2 sp=0x000000340d7fcde8 mode 2
Event: 74.693 Thread 0x00000180e07c3910 DEOPT PACKING pc=0x000001808698b27e sp=0x000000340d7fd090
Event: 74.693 Thread 0x00000180e07c3910 DEOPT UNPACKING pc=0x000001808cf04242 sp=0x000000340d7fc570 mode 0
Event: 77.051 Thread 0x00000180e07c3910 DEOPT PACKING pc=0x0000018085ff9dcd sp=0x000000340d7fcb80
Event: 77.051 Thread 0x00000180e07c3910 DEOPT UNPACKING pc=0x000001808cf04242 sp=0x000000340d7fc0b8 mode 0
Event: 77.365 Thread 0x00000180e07c3910 DEOPT PACKING pc=0x000001808698b27e sp=0x000000340d7fcc00
Event: 77.365 Thread 0x00000180e07c3910 DEOPT UNPACKING pc=0x000001808cf04242 sp=0x000000340d7fc0e0 mode 0
Event: 77.469 Thread 0x00000180e07c3910 DEOPT PACKING pc=0x0000018086dcb584 sp=0x000000340d7fca50
Event: 77.470 Thread 0x00000180e07c3910 DEOPT UNPACKING pc=0x000001808cf04242 sp=0x000000340d7fbfa8 mode 0
Event: 78.327 Thread 0x00000180e07c3910 DEOPT PACKING pc=0x000001808698b526 sp=0x000000340d7fc870
Event: 78.327 Thread 0x00000180e07c3910 DEOPT UNPACKING pc=0x000001808cf04242 sp=0x000000340d7fbd60 mode 0

Classes loaded (20 events):
Event: 58.213 Loading class java/util/WeakHashMap$KeyIterator
Event: 58.214 Loading class java/util/WeakHashMap$KeyIterator done
Event: 58.429 Loading class java/util/regex/Pattern$Caret
Event: 58.429 Loading class java/util/regex/Pattern$Caret done
Event: 58.932 Loading class java/util/stream/ReduceOps$4
Event: 58.933 Loading class java/util/stream/ReduceOps$4 done
Event: 58.933 Loading class java/util/stream/ReduceOps$4ReducingSink
Event: 58.933 Loading class java/util/stream/ReduceOps$4ReducingSink done
Event: 58.965 Loading class java/nio/file/Files$2
Event: 58.965 Loading class java/nio/file/Files$2 done
Event: 59.346 Loading class java/util/concurrent/ArrayBlockingQueue
Event: 59.346 Loading class java/util/concurrent/ArrayBlockingQueue done
Event: 59.741 Loading class java/util/Hashtable$ValueCollection
Event: 59.749 Loading class java/util/Hashtable$ValueCollection done
Event: 59.753 Loading class java/util/concurrent/ConcurrentHashMap$KeySpliterator
Event: 59.754 Loading class java/util/concurrent/ConcurrentHashMap$KeySpliterator done
Event: 59.791 Loading class sun/nio/ch/ChannelOutputStream
Event: 59.791 Loading class sun/nio/ch/ChannelOutputStream done
Event: 67.386 Loading class sun/nio/fs/WindowsFileCopy
Event: 67.386 Loading class sun/nio/fs/WindowsFileCopy done

Classes unloaded (7 events):
Event: 31.177 Thread 0x0000018082832720 Unloading class 0x000001809b1a8c00 'java/lang/invoke/LambdaForm$MH+0x000001809b1a8c00'
Event: 31.177 Thread 0x0000018082832720 Unloading class 0x000001809b1a8800 'java/lang/invoke/LambdaForm$MH+0x000001809b1a8800'
Event: 31.177 Thread 0x0000018082832720 Unloading class 0x000001809b1a8400 'java/lang/invoke/LambdaForm$MH+0x000001809b1a8400'
Event: 31.177 Thread 0x0000018082832720 Unloading class 0x000001809b1a8000 'java/lang/invoke/LambdaForm$MH+0x000001809b1a8000'
Event: 31.177 Thread 0x0000018082832720 Unloading class 0x000001809b1a7c00 'java/lang/invoke/LambdaForm$BMH+0x000001809b1a7c00'
Event: 31.177 Thread 0x0000018082832720 Unloading class 0x000001809b1a7800 'java/lang/invoke/LambdaForm$DMH+0x000001809b1a7800'
Event: 31.177 Thread 0x0000018082832720 Unloading class 0x000001809b1a6400 'java/lang/invoke/LambdaForm$DMH+0x000001809b1a6400'

Classes redefined (0 events):
No events

Internal exceptions (20 events):
Event: 58.204 Thread 0x00000180e07c0490 Exception <a 'sun/nio/fs/WindowsException'{0x00000000d61b6168}> (0x00000000d61b6168) 
thrown [s\src\hotspot\share\prims\jni.cpp, line 520]
Event: 58.208 Thread 0x00000180e07c0490 Exception <a 'sun/nio/fs/WindowsException'{0x00000000d61c3400}> (0x00000000d61c3400) 
thrown [s\src\hotspot\share\prims\jni.cpp, line 520]
Event: 58.208 Thread 0x00000180e07c0490 Exception <a 'sun/nio/fs/WindowsException'{0x00000000d61c3fa0}> (0x00000000d61c3fa0) 
thrown [s\src\hotspot\share\prims\jni.cpp, line 520]
Event: 58.220 Thread 0x00000180e07c0490 Exception <a 'java/io/FileNotFoundException'{0x00000000d61f1008}> (0x00000000d61f1008) 
thrown [s\src\hotspot\share\prims\jni.cpp, line 520]
Event: 58.221 Thread 0x00000180e07c0490 Exception <a 'java/io/FileNotFoundException'{0x00000000d61f2340}> (0x00000000d61f2340) 
thrown [s\src\hotspot\share\prims\jni.cpp, line 520]
Event: 58.221 Thread 0x00000180e07c0490 Exception <a 'java/io/FileNotFoundException'{0x00000000d61f30b8}> (0x00000000d61f30b8) 
thrown [s\src\hotspot\share\prims\jni.cpp, line 520]
Event: 58.970 Thread 0x00000180e07c3910 Exception <a 'java/lang/NoSuchMethodError'{0x00000000d5e1aae8}: 'int java.lang.invoke.DirectMethodHandle$Holder.invokeSpecialIFC(java.lang.Object, java.lang.Object, java.lang.Object)'> (0x00000000d5e1aae8) 
thrown [s\src\hotspot\share\interpreter\linkResolver.cpp, line 773]
Event: 59.683 Thread 0x00000180e20b6320 Exception <a 'java/lang/NoSuchMethodError'{0x00000000d685efe0}: 'void java.lang.invoke.DirectMethodHandle$Holder.invokeStatic(java.lang.Object, int, java.lang.Object)'> (0x00000000d685efe0) 
thrown [s\src\hotspot\share\interpreter\linkResolver.cpp, line 773]
Event: 59.765 Thread 0x00000180e07c3910 Exception <a 'java/lang/NoSuchMethodError'{0x00000000d55d8978}: 'java.lang.Object java.lang.invoke.DirectMethodHandle$Holder.newInvokeSpecial(java.lang.Object, java.lang.Object, int, int, java.lang.Object)'> (0x00000000d55d8978) 
thrown [s\src\hotspot\share\interpreter\linkResolver.cpp, line 773]
Event: 61.886 Thread 0x00000180e20b6320 Exception <a 'java/lang/NoSuchMethodError'{0x00000000d5e1c6c8}: 'java.lang.Object java.lang.invoke.DirectMethodHandle$Holder.invokeStatic(java.lang.Object, java.lang.Object, int, java.lang.Object, java.lang.Object)'> (0x00000000d5e1c6c8) 
thrown [s\src\hotspot\share\interpreter\linkResolver.cpp, line 773]
Event: 62.260 Thread 0x00000180e07c3910 Exception <a 'sun/nio/fs/WindowsException'{0x00000000d5fd1ac8}> (0x00000000d5fd1ac8) 
thrown [s\src\hotspot\share\prims\jni.cpp, line 520]
Event: 62.262 Thread 0x00000180e07c11b0 Exception <a 'sun/nio/fs/WindowsException'{0x00000000d6199f80}> (0x00000000d6199f80) 
thrown [s\src\hotspot\share\prims\jni.cpp, line 520]
Event: 62.268 Thread 0x00000180e07c11b0 Exception <a 'sun/nio/fs/WindowsException'{0x00000000d619aef8}> (0x00000000d619aef8) 
thrown [s\src\hotspot\share\prims\jni.cpp, line 520]
Event: 62.697 Thread 0x00000180e07c3910 Implicit null exception at 0x000001808d914ccb to 0x000001808d914e28
Event: 62.845 Thread 0x00000180e07c3910 Exception <a 'sun/nio/fs/WindowsException'{0x00000000d5981190}> (0x00000000d5981190) 
thrown [s\src\hotspot\share\prims\jni.cpp, line 520]
Event: 62.845 Thread 0x00000180e07c3910 Exception <a 'sun/nio/fs/WindowsException'{0x00000000d59817c0}> (0x00000000d59817c0) 
thrown [s\src\hotspot\share\prims\jni.cpp, line 520]
Event: 66.185 Thread 0x00000180e07c3910 Exception <a 'java/lang/NoSuchMethodError'{0x00000000d5daab50}: 'void java.lang.invoke.DirectMethodHandle$Holder.invokeStatic(java.lang.Object, java.lang.Object, java.lang.Object, int)'> (0x00000000d5daab50) 
thrown [s\src\hotspot\share\interpreter\linkResolver.cpp, line 773]
Event: 66.259 Thread 0x00000180e07c3910 Exception <a 'java/lang/NoSuchMethodError'{0x00000000d5dfae88}: 'void java.lang.invoke.DirectMethodHandle$Holder.invokeVirtual(java.lang.Object, java.lang.Object, int)'> (0x00000000d5dfae88) 
thrown [s\src\hotspot\share\interpreter\linkResolver.cpp, line 773]
Event: 67.387 Thread 0x00000180e07bd6a0 Exception <a 'sun/nio/fs/WindowsException'{0x00000000d636dd58}> (0x00000000d636dd58) 
thrown [s\src\hotspot\share\prims\jni.cpp, line 520]
Event: 67.427 Thread 0x00000180e07bd6a0 Exception <a 'sun/nio/fs/WindowsException'{0x00000000d63a4920}> (0x00000000d63a4920) 
thrown [s\src\hotspot\share\prims\jni.cpp, line 520]

ZGC Phase Switch (0 events):
No events

VM Operations (20 events):
Event: 64.619 Executing non-safepoint VM operation: HandshakeAllThreads (Deoptimize)
Event: 64.619 Executing non-safepoint VM operation: HandshakeAllThreads (Deoptimize) done
Event: 65.633 Executing safepoint VM operation: Cleanup
Event: 65.647 Executing safepoint VM operation: Cleanup done
Event: 66.660 Executing safepoint VM operation: Cleanup
Event: 66.660 Executing safepoint VM operation: Cleanup done
Event: 67.663 Executing safepoint VM operation: Cleanup
Event: 72.142 Executing safepoint VM operation: Cleanup done
Event: 72.202 Executing safepoint VM operation: CollectForMetadataAllocation (Metadata GC Threshold)
Event: 73.509 Executing safepoint VM operation: CollectForMetadataAllocation (Metadata GC Threshold) done
Event: 73.694 Executing non-safepoint VM operation: HandshakeAllThreads (Deoptimize)
Event: 73.708 Executing non-safepoint VM operation: HandshakeAllThreads (Deoptimize) done
Event: 74.722 Executing safepoint VM operation: Cleanup
Event: 76.387 Executing safepoint VM operation: Cleanup done
Event: 76.815 Executing safepoint VM operation: ParallelGCFailedAllocation (Allocation Failure)
Event: 76.821 Executing safepoint VM operation: ParallelGCFailedAllocation (Allocation Failure) done
Event: 77.826 Executing safepoint VM operation: Cleanup
Event: 77.856 Executing safepoint VM operation: Cleanup done
Event: 78.319 Executing safepoint VM operation: ParallelGCFailedAllocation (Allocation Failure)
Event: 78.326 Executing safepoint VM operation: ParallelGCFailedAllocation (Allocation Failure) done

Memory protections (0 events):
No events

Nmethod flushes (20 events):
Event: 73.361 Thread 0x0000018082832720 flushing  nmethod 0x000001808649ef10
Event: 73.361 Thread 0x0000018082832720 flushing  nmethod 0x00000180864a6010
Event: 73.361 Thread 0x0000018082832720 flushing  nmethod 0x00000180864a7d10
Event: 73.361 Thread 0x0000018082832720 flushing  nmethod 0x00000180864a8190
Event: 73.361 Thread 0x0000018082832720 flushing  nmethod 0x00000180864abe10
Event: 73.361 Thread 0x0000018082832720 flushing  nmethod 0x00000180864ae310
Event: 73.361 Thread 0x0000018082832720 flushing  nmethod 0x00000180864af010
Event: 73.361 Thread 0x0000018082832720 flushing  nmethod 0x00000180864b0390
Event: 73.361 Thread 0x0000018082832720 flushing  nmethod 0x00000180864b1390
Event: 73.361 Thread 0x0000018082832720 flushing  nmethod 0x00000180864b4790
Event: 73.361 Thread 0x0000018082832720 flushing  nmethod 0x00000180864b8210
Event: 73.361 Thread 0x0000018082832720 flushing  nmethod 0x00000180864bd790
Event: 73.361 Thread 0x0000018082832720 flushing  nmethod 0x00000180864c3a90
Event: 73.361 Thread 0x0000018082832720 flushing  nmethod 0x00000180864c4110
Event: 73.361 Thread 0x0000018082832720 flushing  nmethod 0x00000180864c4590
Event: 73.361 Thread 0x0000018082832720 flushing  nmethod 0x00000180864ca790
Event: 73.361 Thread 0x0000018082832720 flushing  nmethod 0x00000180864f4110
Event: 73.361 Thread 0x0000018082832720 flushing  nmethod 0x000001808655d710
Event: 73.361 Thread 0x0000018082832720 flushing  nmethod 0x0000018086560f10
Event: 73.361 Thread 0x0000018082832720 flushing  nmethod 0x0000018086594490

Events (20 events):
Event: 56.841 Thread 0x00000180991d7fd0 Thread added: 0x00000180e1c93af0
Event: 57.778 Thread 0x00000180e1c93af0 Thread exited: 0x00000180e1c93af0
Event: 58.240 Thread 0x00000180991d7fd0 Thread added: 0x00000180e3478140
Event: 59.348 Thread 0x00000180e07c3910 Thread added: 0x00000180e20b6320
Event: 59.767 Thread 0x00000180e07c3910 Thread added: 0x00000180e20bc590
Event: 62.078 Thread 0x00000180e07c3910 Thread added: 0x00000180e20bbf00
Event: 63.408 Thread 0x00000180e3478140 Thread exited: 0x00000180e3478140
Event: 63.701 Thread 0x00000180991d7fd0 Thread added: 0x00000180e3478140
Event: 63.958 Thread 0x00000180e3478140 Thread exited: 0x00000180e3478140
Event: 64.113 Thread 0x00000180991d7fd0 Thread added: 0x00000180e3478140
Event: 64.604 Thread 0x00000180e3478140 Thread exited: 0x00000180e3478140
Event: 66.842 Thread 0x00000180991d7fd0 Thread added: 0x00000180e1ab5ea0
Event: 67.054 Thread 0x00000180e1ab5ea0 Thread exited: 0x00000180e1ab5ea0
Event: 67.461 Thread 0x00000180991d7fd0 Thread added: 0x00000180e29b6e70
Event: 67.657 Thread 0x00000180e29b6e70 Thread exited: 0x00000180e29b6e70
Event: 73.571 Thread 0x00000180991d7fd0 Thread added: 0x00000180e29b6e70
Event: 74.200 Thread 0x00000180e29b6e70 Thread exited: 0x00000180e29b6e70
Event: 76.910 Thread 0x00000180991d7fd0 Thread added: 0x00000180e29b6e70
Event: 77.181 Thread 0x00000180e29b6e70 Thread exited: 0x00000180e29b6e70
Event: 78.508 Thread 0x00000180991d7fd0 Thread added: 0x00000180e29b6e70


Dynamic libraries:
0x00007ff69c140000 - 0x00007ff69c14e000 	c:\Users\IS AH MF\.vscode\extensions\redhat.java-1.54.0-win32-x64\jre\21.0.10-win32-x86_64\bin\java.exe
0x00007ffbb5530000 - 0x00007ffbb5728000 	C:\Windows\SYSTEM32\ntdll.dll
0x00007ffbb37c0000 - 0x00007ffbb387d000 	C:\Windows\System32\KERNEL32.DLL
0x00007ffbb2f00000 - 0x00007ffbb31f6000 	C:\Windows\System32\KERNELBASE.dll
0x00007ffbb2c90000 - 0x00007ffbb2d90000 	C:\Windows\System32\ucrtbase.dll
0x00007ffb91cd0000 - 0x00007ffb91ce8000 	c:\Users\IS AH MF\.vscode\extensions\redhat.java-1.54.0-win32-x64\jre\21.0.10-win32-x86_64\bin\jli.dll
0x00007ffbb4280000 - 0x00007ffbb441e000 	C:\Windows\System32\USER32.dll
0x00007ffbb2ed0000 - 0x00007ffbb2ef2000 	C:\Windows\System32\win32u.dll
0x00007ffbb3790000 - 0x00007ffbb37bb000 	C:\Windows\System32\GDI32.dll
0x00007ffbb3200000 - 0x00007ffbb3317000 	C:\Windows\System32\gdi32full.dll
0x00007ffbb2e30000 - 0x00007ffbb2ecd000 	C:\Windows\System32\msvcp_win.dll
0x00007ffb91c90000 - 0x00007ffb91cae000 	c:\Users\IS AH MF\.vscode\extensions\redhat.java-1.54.0-win32-x64\jre\21.0.10-win32-x86_64\bin\VCRUNTIME140.dll
0x00007ffba24d0000 - 0x00007ffba276a000 	C:\Windows\WinSxS\amd64_microsoft.windows.common-controls_6595b64144ccf1df_6.0.19041.3636_none_60b6a03d71f818d5\COMCTL32.dll
0x00007ffbb4450000 - 0x00007ffbb44ee000 	C:\Windows\System32\msvcrt.dll
0x00007ffbb3570000 - 0x00007ffbb35a2000 	C:\Windows\System32\IMM32.DLL
0x00007ffbad450000 - 0x00007ffbad45c000 	c:\Users\IS AH MF\.vscode\extensions\redhat.java-1.54.0-win32-x64\jre\21.0.10-win32-x86_64\bin\vcruntime140_1.dll
0x00007ffb83c00000 - 0x00007ffb83c8d000 	c:\Users\IS AH MF\.vscode\extensions\redhat.java-1.54.0-win32-x64\jre\21.0.10-win32-x86_64\bin\msvcp140.dll
0x00007ffb58370000 - 0x00007ffb59111000 	c:\Users\IS AH MF\.vscode\extensions\redhat.java-1.54.0-win32-x64\jre\21.0.10-win32-x86_64\bin\server\jvm.dll
0x00007ffbb4770000 - 0x00007ffbb4820000 	C:\Windows\System32\ADVAPI32.dll
0x00007ffbb5450000 - 0x00007ffbb54f0000 	C:\Windows\System32\sechost.dll
0x00007ffbb3660000 - 0x00007ffbb3785000 	C:\Windows\System32\RPCRT4.dll
0x00007ffbb2d90000 - 0x00007ffbb2db7000 	C:\Windows\System32\bcrypt.dll
0x00007ffbb4180000 - 0x00007ffbb41eb000 	C:\Windows\System32\WS2_32.dll
0x00007ffbb2ac0000 - 0x00007ffbb2b0b000 	C:\Windows\SYSTEM32\POWRPROF.dll
0x00007ffba0160000 - 0x00007ffba0187000 	C:\Windows\SYSTEM32\WINMM.dll
0x00007ffba75e0000 - 0x00007ffba75ea000 	C:\Windows\SYSTEM32\VERSION.dll
0x00007ffbb2aa0000 - 0x00007ffbb2ab2000 	C:\Windows\SYSTEM32\UMPDC.dll
0x00007ffbb0a90000 - 0x00007ffbb0aa2000 	C:\Windows\SYSTEM32\kernel.appcore.dll
0x00007ffba95b0000 - 0x00007ffba95ba000 	c:\Users\IS AH MF\.vscode\extensions\redhat.java-1.54.0-win32-x64\jre\21.0.10-win32-x86_64\bin\jimage.dll
0x00007ffba15c0000 - 0x00007ffba17a4000 	C:\Windows\SYSTEM32\DBGHELP.DLL
0x00007ffb8f200000 - 0x00007ffb8f234000 	C:\Windows\SYSTEM32\dbgcore.DLL
0x00007ffbb34d0000 - 0x00007ffbb3552000 	C:\Windows\System32\bcryptPrimitives.dll
0x00007ffba9540000 - 0x00007ffba954f000 	c:\Users\IS AH MF\.vscode\extensions\redhat.java-1.54.0-win32-x64\jre\21.0.10-win32-x86_64\bin\instrument.dll
0x00007ffb91c70000 - 0x00007ffb91c90000 	c:\Users\IS AH MF\.vscode\extensions\redhat.java-1.54.0-win32-x64\jre\21.0.10-win32-x86_64\bin\java.dll
0x00007ffbb3960000 - 0x00007ffbb40cb000 	C:\Windows\System32\SHELL32.dll
0x00007ffbb0c90000 - 0x00007ffbb142e000 	C:\Windows\SYSTEM32\windows.storage.dll
0x00007ffbb4ee0000 - 0x00007ffbb5233000 	C:\Windows\System32\combase.dll
0x00007ffbb2540000 - 0x00007ffbb256e000 	C:\Windows\SYSTEM32\Wldp.dll
0x00007ffbb44f0000 - 0x00007ffbb45bd000 	C:\Windows\System32\OLEAUT32.dll
0x00007ffbb40d0000 - 0x00007ffbb417d000 	C:\Windows\System32\SHCORE.dll
0x00007ffbb45c0000 - 0x00007ffbb4615000 	C:\Windows\System32\shlwapi.dll
0x00007ffbb2b10000 - 0x00007ffbb2b35000 	C:\Windows\SYSTEM32\profapi.dll
0x00007ffb91c50000 - 0x00007ffb91c68000 	c:\Users\IS AH MF\.vscode\extensions\redhat.java-1.54.0-win32-x64\jre\21.0.10-win32-x86_64\bin\zip.dll
0x00007ffba4c40000 - 0x00007ffba4c50000 	C:\Users\IS AH MF\.vscode\extensions\redhat.java-1.54.0-win32-x64\jre\21.0.10-win32-x86_64\bin\net.dll
0x00007ffbad2a0000 - 0x00007ffbad3aa000 	C:\Windows\SYSTEM32\WINHTTP.dll
0x00007ffbb22a0000 - 0x00007ffbb230a000 	C:\Windows\system32\mswsock.dll
0x00007ffb91c30000 - 0x00007ffb91c46000 	C:\Users\IS AH MF\.vscode\extensions\redhat.java-1.54.0-win32-x64\jre\21.0.10-win32-x86_64\bin\nio.dll
0x00007ffba2050000 - 0x00007ffba2060000 	c:\Users\IS AH MF\.vscode\extensions\redhat.java-1.54.0-win32-x64\jre\21.0.10-win32-x86_64\bin\verify.dll
0x00007ffb83bb0000 - 0x00007ffb83bf5000 	C:\Users\IS AH MF\AppData\Roaming\Code\User\globalStorage\redhat.java\1.54.0\config_win\org.eclipse.equinox.launcher\org.eclipse.equinox.launcher.win32.win32.x86_64_1.3.0.v20260203-2149\eclipse_11919.dll
0x00007ffbb4820000 - 0x00007ffbb494b000 	C:\Windows\System32\ole32.dll
0x00007ffbb2490000 - 0x00007ffbb24a8000 	C:\Windows\SYSTEM32\CRYPTSP.dll
0x00007ffbb1bd0000 - 0x00007ffbb1c04000 	C:\Windows\system32\rsaenh.dll
0x00007ffbb2a20000 - 0x00007ffbb2a4e000 	C:\Windows\SYSTEM32\USERENV.dll
0x00007ffbb24b0000 - 0x00007ffbb24bc000 	C:\Windows\SYSTEM32\CRYPTBASE.dll
0x00007ffbb1f90000 - 0x00007ffbb1fcb000 	C:\Windows\SYSTEM32\IPHLPAPI.DLL
0x00007ffbb3560000 - 0x00007ffbb3568000 	C:\Windows\System32\NSI.dll
0x00007ffb7be30000 - 0x00007ffb7be79000 	C:\Users\IS AH MF\AppData\Local\Temp\jna-2836924\jna12176574422607859624.dll
0x00007ffbb4700000 - 0x00007ffbb4708000 	C:\Windows\System32\PSAPI.DLL
0x00007ffbac200000 - 0x00007ffbac217000 	C:\Windows\SYSTEM32\dhcpcsvc6.DLL
0x00007ffbac1e0000 - 0x00007ffbac1fd000 	C:\Windows\SYSTEM32\dhcpcsvc.DLL

JVMTI agents:
c:\Users\IS AH MF\.vscode\extensions\redhat.java-1.54.0-win32-x64\lombok\lombok-1.18.39-4050.jar path:c:\Users\IS AH MF\.vscode\extensions\redhat.java-1.54.0-win32-x64\jre\21.0.10-win32-x86_64\bin\instrument.dll, loaded, initialized, instrumentlib options:none

dbghelp: loaded successfully - version: 4.0.5 - missing functions: none
symbol engine: initialized successfully - sym options: 0x614 - pdb path: .;c:\Users\IS AH MF\.vscode\extensions\redhat.java-1.54.0-win32-x64\jre\21.0.10-win32-x86_64\bin;C:\Windows\SYSTEM32;C:\Windows\WinSxS\amd64_microsoft.windows.common-controls_6595b64144ccf1df_6.0.19041.3636_none_60b6a03d71f818d5;c:\Users\IS AH MF\.vscode\extensions\redhat.java-1.54.0-win32-x64\jre\21.0.10-win32-x86_64\bin\server;C:\Users\IS AH MF\AppData\Roaming\Code\User\globalStorage\redhat.java\1.54.0\config_win\org.eclipse.equinox.launcher\org.eclipse.equinox.launcher.win32.win32.x86_64_1.3.0.v20260203-2149;C:\Users\IS AH MF\AppData\Local\Temp\jna-2836924

VM Arguments:
jvm_args: --add-modules=ALL-SYSTEM --add-opens=java.base/java.util=ALL-UNNAMED --add-opens=java.base/java.lang=ALL-UNNAMED --add-opens=java.base/sun.nio.fs=ALL-UNNAMED -Declipse.application=org.eclipse.jdt.ls.core.id1 -Dosgi.bundles.defaultStartLevel=4 -Declipse.product=org.eclipse.jdt.ls.core.product -Djava.import.generatesMetadataFilesAtProjectRoot=false -DDetectVMInstallationsJob.disabled=true -Dfile.encoding=utf8 -XX:+UseParallelGC -XX:GCTimeRatio=4 -XX:AdaptiveSizePolicyWeight=90 -Dsun.zip.disableMemoryMapping=true -Xmx2G -Xms100m -Xlog:disable -javaagent:c:\Users\IS AH MF\.vscode\extensions\redhat.java-1.54.0-win32-x64\lombok\lombok-1.18.39-4050.jar -XX:+HeapDumpOnOutOfMemoryError -XX:HeapDumpPath=c:\Users\IS AH MF\AppData\Roaming\Code\User\workspaceStorage\c74fae60e314a275d84331bf55aff286\redhat.java -Daether.dependencyCollector.impl=bf 
java_command: c:\Users\IS AH MF\.vscode\extensions\redhat.java-1.54.0-win32-x64\server\plugins\org.eclipse.equinox.launcher_1.7.100.v20251111-0406.jar -configuration c:\Users\IS AH MF\AppData\Roaming\Code\User\globalStorage\redhat.java\1.54.0\config_win -data c:\Users\IS AH MF\AppData\Roaming\Code\User\workspaceStorage\c74fae60e314a275d84331bf55aff286\redhat.java\jdt_ws --pipe=\\.\pipe\lsp-42a14c5f115e35084d9e0de3ce5754e8-sock
java_class_path (initial): c:\Users\IS AH MF\.vscode\extensions\redhat.java-1.54.0-win32-x64\server\plugins\org.eclipse.equinox.launcher_1.7.100.v20251111-0406.jar
Launcher Type: SUN_STANDARD

[Global flags]
    uintx AdaptiveSizePolicyWeight                 = 90                                        {product} {command line}
     intx CICompilerCount                          = 3                                         {product} {ergonomic}
    uintx GCTimeRatio                              = 4                                         {product} {command line}
     bool HeapDumpOnOutOfMemoryError               = true                                   {manageable} {command line}
    ccstr HeapDumpPath                             = c:\Users\IS AH MF\AppData\Roaming\Code\User\workspaceStorage\c74fae60e314a275d84331bf55aff286\redhat.java         {manageable} {command line}
   size_t InitialHeapSize                          = 104857600                                 {product} {command line}
   size_t MaxHeapSize                              = 2147483648                                {product} {command line}
   size_t MaxNewSize                               = 715653120                                 {product} {ergonomic}
   size_t MinHeapDeltaBytes                        = 524288                                    {product} {ergonomic}
   size_t MinHeapSize                              = 104857600                                 {product} {command line}
   size_t NewSize                                  = 34603008                                  {product} {ergonomic}
    uintx NonNMethodCodeHeapSize                   = 5832780                                {pd product} {ergonomic}
    uintx NonProfiledCodeHeapSize                  = 122912730                              {pd product} {ergonomic}
   size_t OldSize                                  = 70254592                                  {product} {ergonomic}
    uintx ProfiledCodeHeapSize                     = 122912730                              {pd product} {ergonomic}
    uintx ReservedCodeCacheSize                    = 251658240                              {pd product} {ergonomic}
     bool SegmentedCodeCache                       = true                                      {product} {ergonomic}
   size_t SoftMaxHeapSize                          = 2147483648                             {manageable} {ergonomic}
     bool UseCompressedOops                        = true                           {product lp64_product} {ergonomic}
     bool UseLargePagesIndividualAllocation        = false                                  {pd product} {ergonomic}
     bool UseParallelGC                            = true                                      {product} {command line}

Logging:
Log output configuration:
 #0: stdout all=off uptime,level,tags foldmultilines=false
 #1: stderr all=off uptime,level,tags foldmultilines=false

Release file:
JAVA_VERSION="21.0.10" 
MODULES="java.base java.compiler java.datatransfer java.xml java.prefs java.desktop java.instrument java.logging java.management java.security.sasl java.naming java.rmi java.management.rmi java.net.http java.scripting java.security.jgss java.transaction.xa java.sql java.sql.rowset java.xml.crypto java.se java.smartcardio jdk.accessibility jdk.internal.jvmstat jdk.attach jdk.charsets jdk.internal.opt jdk.zipfs jdk.compiler jdk.crypto.ec jdk.crypto.cryptoki jdk.crypto.mscapi jdk.dynalink jdk.internal.ed jdk.editpad jdk.hotspot.agent jdk.httpserver jdk.internal.le jdk.internal.vm.ci jdk.internal.vm.compiler jdk.internal.vm.compiler.management jdk.jartool jdk.javadoc jdk.jcmd jdk.management jdk.management.agent jdk.jconsole jdk.jdeps jdk.jdwp.agent jdk.jdi jdk.jfr jdk.jshell jdk.jsobject jdk.jstatd jdk.localedata jdk.management.jfr jdk.naming.dns jdk.naming.rmi jdk.net jdk.nio.mapmode jdk.random jdk.sctp jdk.security.auth jdk.security.jgss jdk.unsupported jdk.unsupported.desktop jdk.xml.dom" 

Environment Variables:
JAVA_HOME=C:\Program Files\Eclipse Adoptium\jdk-25.0.2.10-hotspot
PATH=C:\Users\IS AH MF\AppData\Local\Programs\Microsoft VS Code;C:\Program Files\Eclipse Adoptium\jdk-25.0.2.10-hotspot\bin;C:\python310\Scripts\;C:\python310\;C:\Program Files\Java\jdk-17\bin;F:\sm1\db2\orcel\dbhomeFree\bin;C:\Windows\system32;C:\Windows;C:\Windows\System32\Wbem;C:\Windows\System32\WindowsPowerShell\v1.0\;C:\Windows\System32\OpenSSH\;C:\Program Files\Git\cmd;C:\Program Files\dotnet\;C:\Program Files (x86)\Microsoft SQL Server\160\Tools\Binn\;C:\Program Files\Microsoft SQL Server\160\Tools\Binn\;C:\Program Files\Microsoft SQL Server\Client SDK\ODBC\170\Tools\Binn\;C:\Program Files\Microsoft SQL Server\160\DTS\Binn\;C:\xampp\php;C:\composer;C:\Program Files\nodejs\;C:\Program Files\Oracle\VirtualBox\;C:\Program Files\Common Files\Oracle\Java\javapath;C:\spark\spark-4.0.1-bin-hadoop3\bin;C:\hadoop-3.0.0\bin;C:\Program Files\cursor\resources\app\bin;C:\Program Files\Gpg4win\..\GnuPG\bin;C:\Program Files (x86)\cloudflared\;C:\Program Files\Docker\Docker\resources\bin;C:\Program Files\Java\jdk-17\bin;C:\Program Files\Eclipse Adoptium\jdk-25.0.2.10-hotspot\bin;C:\Users\IS AH MF\AppData\Local\Microsoft\WindowsApps;C:\Users\IS AH MF\AppData\Local\Programs\Microsoft VS Code\bin;C:\MinGW\include;C:\MinGW\bin;C:\Users\IS AH MF\AppData\Local\GitHubDesktop\bin;C:\Program Files\Git\bin;C:\Users\IS AH MF\AppData\Local\Programs\Python\Python??XX;C:\Users\IS AH MF\AppData\Local\Programs\cursor\resources\app\bin;C:\Users\IS AH MF\AppData\Roaming\Composer\vendor\bin;C:\Program Files (x86)\Nmap;C:\Users\IS AH MF\AppData\Roaming\npm;C:\Program Files\JetBrains\IntelliJ IDEA 2025.2.3\bin;C:\Users\IS AH MF\AppData\Local\Programs\Antigravity\bin;C:\Users\IS AH MF\AppData\Local\Microsoft\WinGet\Packages\Gyan.FFmpeg_Microsoft.Winget.Source_8wekyb3d8bbwe\ffmpeg-8.0.1-full_build\bin;C:\maven\apache-maven-3.9.14\bin;C:\Users\IS AH MF\AppData\Local\Microsoft\WinGet\Packages\BurntSushi.ripgrep.MSVC_Microsoft.Winget.Source_8wekyb3d8bbwe\ripgrep-15.1.0-x86_64-pc-windows-msvc;C:\Users\IS AH MF\.dotnet\tools
USERNAME=IS AH MF
OS=Windows_NT
PROCESSOR_IDENTIFIER=Intel64 Family 6 Model 58 Stepping 9, GenuineIntel
TMP=C:\Users\ISAHMF~1\AppData\Local\Temp
TEMP=C:\Users\ISAHMF~1\AppData\Local\Temp




Periodic native trim disabled

---------------  S Y S T E M  ---------------

OS:
 Windows 10 , 64 bit Build 19041 (10.0.19041.3636)
OS uptime: 2 days 3:30 hours
Hyper-V role detected

CPU: total 4 (initial active 4) (2 cores per cpu, 2 threads per core) family 6 model 58 stepping 9 microcode 0x21, cx8, cmov, fxsr, ht, mmx, sse, sse2, sse3, ssse3, sse4.1, sse4.2, popcnt, tsc, tscinvbit, avx, erms, clmul, vzeroupper, clflush, hv, rdtscp, f16c
Processor Information for the first 4 processors :
  Max Mhz: 2400, Current Mhz: 2400, Mhz Limit: 2400

Memory: 4k page, system-wide physical 12180M (1249M free)
TotalPageFile size 20372M (AvailPageFile size 5M)
current process WorkingSet (physical memory assigned to process): 285M, peak: 287M
current process commit charge ("private bytes"): 354M, peak: 367M

vm_info: OpenJDK 64-Bit Server VM (21.0.10+7-LTS) for windows-amd64 JRE (21.0.10+7-LTS), built on 2026-01-20T00:00:00Z by "admin" with MS VC++ 17.12 (VS2022)

END.
